<?xml version="1.0" encoding="UTF-8"?>
<testsuite xmlns:xsi="http://www.w3.org/2001/XMLSchema-instance" xsi:noNamespaceSchemaLocation="https://maven.apache.org/surefire/maven-surefire-plugin/xsd/surefire-test-report.xsd" name="com.lt.cloud.OmProviderRebateApplicationTests" time="70.538" tests="1" errors="1" skipped="0" failures="0">
  <properties>
    <property name="sun.desktop" value="windows"/>
    <property name="awt.toolkit" value="sun.awt.windows.WToolkit"/>
    <property name="file.encoding.pkg" value="sun.io"/>
    <property name="java.specification.version" value="1.8"/>
    <property name="sun.cpu.isalist" value="amd64"/>
    <property name="sun.jnu.encoding" value="GBK"/>
    <property name="java.class.path" value="D:\Workspaces\spring-cloud-oms\spring-cloud-oms\spring-cloud-services\oms-provider-rebate\target\test-classes;D:\Workspaces\spring-cloud-oms\spring-cloud-oms\spring-cloud-services\oms-provider-rebate\target\classes;F:\Apache\maven\maven_respo\org\springframework\boot\spring-boot-starter-web\2.0.6.RELEASE\spring-boot-starter-web-2.0.6.RELEASE.jar;F:\Apache\maven\maven_respo\org\springframework\boot\spring-boot-starter\2.0.6.RELEASE\spring-boot-starter-2.0.6.RELEASE.jar;F:\Apache\maven\maven_respo\org\springframework\boot\spring-boot\2.0.6.RELEASE\spring-boot-2.0.6.RELEASE.jar;F:\Apache\maven\maven_respo\org\springframework\boot\spring-boot-starter-logging\2.0.6.RELEASE\spring-boot-starter-logging-2.0.6.RELEASE.jar;F:\Apache\maven\maven_respo\ch\qos\logback\logback-classic\1.2.3\logback-classic-1.2.3.jar;F:\Apache\maven\maven_respo\ch\qos\logback\logback-core\1.2.3\logback-core-1.2.3.jar;F:\Apache\maven\maven_respo\org\apache\logging\log4j\log4j-to-slf4j\2.10.0\log4j-to-slf4j-2.10.0.jar;F:\Apache\maven\maven_respo\org\apache\logging\log4j\log4j-api\2.10.0\log4j-api-2.10.0.jar;F:\Apache\maven\maven_respo\org\slf4j\jul-to-slf4j\1.7.25\jul-to-slf4j-1.7.25.jar;F:\Apache\maven\maven_respo\javax\annotation\javax.annotation-api\1.3.2\javax.annotation-api-1.3.2.jar;F:\Apache\maven\maven_respo\org\yaml\snakeyaml\1.19\snakeyaml-1.19.jar;F:\Apache\maven\maven_respo\org\springframework\boot\spring-boot-starter-json\2.0.6.RELEASE\spring-boot-starter-json-2.0.6.RELEASE.jar;F:\Apache\maven\maven_respo\com\fasterxml\jackson\datatype\jackson-datatype-jdk8\2.9.7\jackson-datatype-jdk8-2.9.7.jar;F:\Apache\maven\maven_respo\com\fasterxml\jackson\datatype\jackson-datatype-jsr310\2.9.7\jackson-datatype-jsr310-2.9.7.jar;F:\Apache\maven\maven_respo\com\fasterxml\jackson\module\jackson-module-parameter-names\2.9.7\jackson-module-parameter-names-2.9.7.jar;F:\Apache\maven\maven_respo\org\springframework\boot\spring-boot-starter-tomcat\2.0.6.RELEASE\spring-boot-starter-tomcat-2.0.6.RELEASE.jar;F:\Apache\maven\maven_respo\org\apache\tomcat\embed\tomcat-embed-core\8.5.34\tomcat-embed-core-8.5.34.jar;F:\Apache\maven\maven_respo\org\apache\tomcat\embed\tomcat-embed-el\8.5.34\tomcat-embed-el-8.5.34.jar;F:\Apache\maven\maven_respo\org\apache\tomcat\embed\tomcat-embed-websocket\8.5.34\tomcat-embed-websocket-8.5.34.jar;F:\Apache\maven\maven_respo\org\hibernate\validator\hibernate-validator\6.0.13.Final\hibernate-validator-6.0.13.Final.jar;F:\Apache\maven\maven_respo\javax\validation\validation-api\2.0.1.Final\validation-api-2.0.1.Final.jar;F:\Apache\maven\maven_respo\org\jboss\logging\jboss-logging\3.3.2.Final\jboss-logging-3.3.2.Final.jar;F:\Apache\maven\maven_respo\com\fasterxml\classmate\1.3.4\classmate-1.3.4.jar;F:\Apache\maven\maven_respo\org\springframework\spring-web\5.0.10.RELEASE\spring-web-5.0.10.RELEASE.jar;F:\Apache\maven\maven_respo\org\springframework\spring-beans\5.0.10.RELEASE\spring-beans-5.0.10.RELEASE.jar;F:\Apache\maven\maven_respo\org\springframework\spring-webmvc\5.0.10.RELEASE\spring-webmvc-5.0.10.RELEASE.jar;F:\Apache\maven\maven_respo\org\springframework\spring-aop\5.0.10.RELEASE\spring-aop-5.0.10.RELEASE.jar;F:\Apache\maven\maven_respo\org\springframework\spring-context\5.0.10.RELEASE\spring-context-5.0.10.RELEASE.jar;F:\Apache\maven\maven_respo\org\springframework\spring-expression\5.0.10.RELEASE\spring-expression-5.0.10.RELEASE.jar;D:\Workspaces\spring-cloud-oms\spring-cloud-oms\spring-cloud-services\oms-provider-rebate\lib\transaction-springcloud-4.2.0.jar;D:\Workspaces\spring-cloud-oms\spring-cloud-oms\spring-cloud-services\oms-provider-rebate\lib\tx-client-4.2.0.jar;F:\Apache\maven\maven_respo\com\caucho\hessian\4.0.38\hessian-4.0.38.jar;F:\Apache\maven\maven_respo\com\dyuproject\protostuff\protostuff-core\1.1.3\protostuff-core-1.1.3.jar;F:\Apache\maven\maven_respo\com\dyuproject\protostuff\protostuff-api\1.1.3\protostuff-api-1.1.3.jar;F:\Apache\maven\maven_respo\com\dyuproject\protostuff\protostuff-runtime\1.1.3\protostuff-runtime-1.1.3.jar;F:\Apache\maven\maven_respo\com\dyuproject\protostuff\protostuff-collectionschema\1.1.3\protostuff-collectionschema-1.1.3.jar;F:\Apache\maven\maven_respo\com\esotericsoftware\kryo-shaded\4.0.0\kryo-shaded-4.0.0.jar;F:\Apache\maven\maven_respo\com\esotericsoftware\minlog\1.3.0\minlog-1.3.0.jar;F:\Apache\maven\maven_respo\org\objenesis\objenesis\2.2\objenesis-2.2.jar;D:\Workspaces\spring-cloud-oms\spring-cloud-oms\spring-cloud-services\oms-provider-rebate\lib\tx-plugins-db-4.2.0.jar;F:\Apache\maven\maven_respo\com\alibaba\fastjson\1.2.54\fastjson-1.2.54.jar;F:\Apache\maven\maven_respo\com\github\1991wangliang\lorne_core\1.0.0\lorne_core-1.0.0.jar;F:\Apache\maven\maven_respo\com\github\1991wangliang\lorne_exception\1.0.0.RELEASE\lorne_exception-1.0.0.RELEASE.jar;F:\Apache\maven\maven_respo\commons-fileupload\commons-fileupload\1.3.1\commons-fileupload-1.3.1.jar;F:\Apache\maven\maven_respo\commons-beanutils\commons-beanutils\1.7.0\commons-beanutils-1.7.0.jar;F:\Apache\maven\maven_respo\commons-collections\commons-collections\3.2.1\commons-collections-3.2.1.jar;F:\Apache\maven\maven_respo\commons-dbcp\commons-dbcp\1.4\commons-dbcp-1.4.jar;F:\Apache\maven\maven_respo\commons-io\commons-io\2.4\commons-io-2.4.jar;F:\Apache\maven\maven_respo\commons-lang\commons-lang\2.6\commons-lang-2.6.jar;F:\Apache\maven\maven_respo\commons-logging\commons-logging\1.1.1\commons-logging-1.1.1.jar;F:\Apache\maven\maven_respo\commons-pool\commons-pool\1.6\commons-pool-1.6.jar;F:\Apache\maven\maven_respo\commons-dbutils\commons-dbutils\1.6\commons-dbutils-1.6.jar;F:\Apache\maven\maven_respo\commons-configuration\commons-configuration\1.10\commons-configuration-1.10.jar;F:\Apache\maven\maven_respo\commons-codec\commons-codec\1.11\commons-codec-1.11.jar;F:\Apache\maven\maven_respo\org\apache\httpcomponents\httpmime\4.5.6\httpmime-4.5.6.jar;F:\Apache\maven\maven_respo\org\apache\httpcomponents\httpclient\4.5.6\httpclient-4.5.6.jar;F:\Apache\maven\maven_respo\org\apache\httpcomponents\httpcore\4.4.10\httpcore-4.4.10.jar;F:\Apache\maven\maven_respo\org\apache\axis\axis\1.4\axis-1.4.jar;F:\Apache\maven\maven_respo\org\springframework\cloud\spring-cloud-starter-feign\1.4.6.RELEASE\spring-cloud-starter-feign-1.4.6.RELEASE.jar;F:\Apache\maven\maven_respo\org\springframework\cloud\spring-cloud-starter-openfeign\2.0.1.RELEASE\spring-cloud-starter-openfeign-2.0.1.RELEASE.jar;F:\Apache\maven\maven_respo\org\springframework\cloud\spring-cloud-openfeign-core\2.0.1.RELEASE\spring-cloud-openfeign-core-2.0.1.RELEASE.jar;F:\Apache\maven\maven_respo\io\github\openfeign\feign-core\9.5.1\feign-core-9.5.1.jar;F:\Apache\maven\maven_respo\io\github\openfeign\feign-slf4j\9.5.1\feign-slf4j-9.5.1.jar;F:\Apache\maven\maven_respo\io\github\openfeign\feign-hystrix\9.5.1\feign-hystrix-9.5.1.jar;F:\Apache\maven\maven_respo\com\netflix\hystrix\hystrix-core\1.5.12\hystrix-core-1.5.12.jar;F:\Apache\maven\maven_respo\io\github\openfeign\feign-java8\9.5.1\feign-java8-9.5.1.jar;F:\Apache\maven\maven_respo\org\springframework\cloud\spring-cloud-starter\2.0.1.RELEASE\spring-cloud-starter-2.0.1.RELEASE.jar;F:\Apache\maven\maven_respo\org\springframework\cloud\spring-cloud-context\2.0.1.RELEASE\spring-cloud-context-2.0.1.RELEASE.jar;F:\Apache\maven\maven_respo\org\springframework\security\spring-security-crypto\5.0.9.RELEASE\spring-security-crypto-5.0.9.RELEASE.jar;F:\Apache\maven\maven_respo\org\springframework\cloud\spring-cloud-commons\2.0.1.RELEASE\spring-cloud-commons-2.0.1.RELEASE.jar;F:\Apache\maven\maven_respo\org\springframework\security\spring-security-rsa\1.0.5.RELEASE\spring-security-rsa-1.0.5.RELEASE.jar;F:\Apache\maven\maven_respo\org\bouncycastle\bcpkix-jdk15on\1.56\bcpkix-jdk15on-1.56.jar;F:\Apache\maven\maven_respo\org\bouncycastle\bcprov-jdk15on\1.56\bcprov-jdk15on-1.56.jar;F:\Apache\maven\maven_respo\org\springframework\cloud\spring-cloud-starter-netflix-eureka-client\2.0.1.RELEASE\spring-cloud-starter-netflix-eureka-client-2.0.1.RELEASE.jar;F:\Apache\maven\maven_respo\org\springframework\cloud\spring-cloud-netflix-core\2.0.1.RELEASE\spring-cloud-netflix-core-2.0.1.RELEASE.jar;F:\Apache\maven\maven_respo\org\springframework\cloud\spring-cloud-netflix-eureka-client\2.0.1.RELEASE\spring-cloud-netflix-eureka-client-2.0.1.RELEASE.jar;F:\Apache\maven\maven_respo\com\netflix\eureka\eureka-client\1.9.3\eureka-client-1.9.3.jar;F:\Apache\maven\maven_respo\org\codehaus\jettison\jettison\1.3.7\jettison-1.3.7.jar;F:\Apache\maven\maven_respo\stax\stax-api\1.0.1\stax-api-1.0.1.jar;F:\Apache\maven\maven_respo\com\netflix\netflix-commons\netflix-eventbus\0.3.0\netflix-eventbus-0.3.0.jar;F:\Apache\maven\maven_respo\com\netflix\netflix-commons\netflix-infix\0.3.0\netflix-infix-0.3.0.jar;F:\Apache\maven\maven_respo\commons-jxpath\commons-jxpath\1.3\commons-jxpath-1.3.jar;F:\Apache\maven\maven_respo\joda-time\joda-time\2.9.9\joda-time-2.9.9.jar;F:\Apache\maven\maven_respo\org\antlr\antlr-runtime\3.4\antlr-runtime-3.4.jar;F:\Apache\maven\maven_respo\org\antlr\stringtemplate\3.2.1\stringtemplate-3.2.1.jar;F:\Apache\maven\maven_respo\org\apache\commons\commons-math\2.2\commons-math-2.2.jar;F:\Apache\maven\maven_respo\com\netflix\archaius\archaius-core\0.7.6\archaius-core-0.7.6.jar;F:\Apache\maven\maven_respo\com\google\guava\guava\16.0\guava-16.0.jar;F:\Apache\maven\maven_respo\javax\ws\rs\jsr311-api\1.1.1\jsr311-api-1.1.1.jar;F:\Apache\maven\maven_respo\com\netflix\servo\servo-core\0.12.21\servo-core-0.12.21.jar;F:\Apache\maven\maven_respo\com\sun\jersey\jersey-core\1.19.1\jersey-core-1.19.1.jar;F:\Apache\maven\maven_respo\com\sun\jersey\jersey-client\1.19.1\jersey-client-1.19.1.jar;F:\Apache\maven\maven_respo\com\sun\jersey\contribs\jersey-apache-client4\1.19.1\jersey-apache-client4-1.19.1.jar;F:\Apache\maven\maven_respo\com\google\inject\guice\4.1.0\guice-4.1.0.jar;F:\Apache\maven\maven_respo\javax\inject\javax.inject\1\javax.inject-1.jar;F:\Apache\maven\maven_respo\aopalliance\aopalliance\1.0\aopalliance-1.0.jar;F:\Apache\maven\maven_respo\com\github\vlsi\compactmap\compactmap\1.2.1\compactmap-1.2.1.jar;F:\Apache\maven\maven_respo\com\github\andrewoma\dexx\dexx-collections\0.2\dexx-collections-0.2.jar;F:\Apache\maven\maven_respo\com\fasterxml\jackson\core\jackson-annotations\2.9.0\jackson-annotations-2.9.0.jar;F:\Apache\maven\maven_respo\com\fasterxml\jackson\core\jackson-core\2.9.7\jackson-core-2.9.7.jar;F:\Apache\maven\maven_respo\com\netflix\eureka\eureka-core\1.9.3\eureka-core-1.9.3.jar;F:\Apache\maven\maven_respo\org\codehaus\woodstox\woodstox-core-asl\4.4.1\woodstox-core-asl-4.4.1.jar;F:\Apache\maven\maven_respo\javax\xml\stream\stax-api\1.0-2\stax-api-1.0-2.jar;F:\Apache\maven\maven_respo\org\codehaus\woodstox\stax2-api\3.1.4\stax2-api-3.1.4.jar;F:\Apache\maven\maven_respo\org\springframework\cloud\spring-cloud-starter-netflix-archaius\2.0.1.RELEASE\spring-cloud-starter-netflix-archaius-2.0.1.RELEASE.jar;F:\Apache\maven\maven_respo\org\springframework\cloud\spring-cloud-netflix-ribbon\2.0.1.RELEASE\spring-cloud-netflix-ribbon-2.0.1.RELEASE.jar;F:\Apache\maven\maven_respo\org\springframework\cloud\spring-cloud-netflix-archaius\2.0.1.RELEASE\spring-cloud-netflix-archaius-2.0.1.RELEASE.jar;F:\Apache\maven\maven_respo\org\springframework\cloud\spring-cloud-starter-netflix-ribbon\2.0.1.RELEASE\spring-cloud-starter-netflix-ribbon-2.0.1.RELEASE.jar;F:\Apache\maven\maven_respo\com\netflix\ribbon\ribbon\2.2.5\ribbon-2.2.5.jar;F:\Apache\maven\maven_respo\com\netflix\ribbon\ribbon-transport\2.2.5\ribbon-transport-2.2.5.jar;F:\Apache\maven\maven_respo\io\reactivex\rxnetty-contexts\0.4.9\rxnetty-contexts-0.4.9.jar;F:\Apache\maven\maven_respo\io\reactivex\rxnetty-servo\0.4.9\rxnetty-servo-0.4.9.jar;F:\Apache\maven\maven_respo\io\reactivex\rxnetty\0.4.9\rxnetty-0.4.9.jar;F:\Apache\maven\maven_respo\io\netty\netty-codec-http\4.1.29.Final\netty-codec-http-4.1.29.Final.jar;F:\Apache\maven\maven_respo\io\netty\netty-codec\4.1.29.Final\netty-codec-4.1.29.Final.jar;F:\Apache\maven\maven_respo\io\netty\netty-transport-native-epoll\4.1.29.Final\netty-transport-native-epoll-4.1.29.Final.jar;F:\Apache\maven\maven_respo\io\netty\netty-common\4.1.29.Final\netty-common-4.1.29.Final.jar;F:\Apache\maven\maven_respo\io\netty\netty-buffer\4.1.29.Final\netty-buffer-4.1.29.Final.jar;F:\Apache\maven\maven_respo\io\netty\netty-transport-native-unix-common\4.1.29.Final\netty-transport-native-unix-common-4.1.29.Final.jar;F:\Apache\maven\maven_respo\io\netty\netty-transport\4.1.29.Final\netty-transport-4.1.29.Final.jar;F:\Apache\maven\maven_respo\io\netty\netty-resolver\4.1.29.Final\netty-resolver-4.1.29.Final.jar;F:\Apache\maven\maven_respo\com\netflix\ribbon\ribbon-core\2.2.5\ribbon-core-2.2.5.jar;F:\Apache\maven\maven_respo\com\netflix\ribbon\ribbon-httpclient\2.2.5\ribbon-httpclient-2.2.5.jar;F:\Apache\maven\maven_respo\com\netflix\netflix-commons\netflix-commons-util\0.3.0\netflix-commons-util-0.3.0.jar;F:\Apache\maven\maven_respo\com\netflix\ribbon\ribbon-loadbalancer\2.2.5\ribbon-loadbalancer-2.2.5.jar;F:\Apache\maven\maven_respo\com\netflix\netflix-commons\netflix-statistics\0.1.1\netflix-statistics-0.1.1.jar;F:\Apache\maven\maven_respo\io\reactivex\rxjava\1.3.8\rxjava-1.3.8.jar;F:\Apache\maven\maven_respo\com\netflix\ribbon\ribbon-eureka\2.2.5\ribbon-eureka-2.2.5.jar;F:\Apache\maven\maven_respo\com\thoughtworks\xstream\xstream\1.4.10\xstream-1.4.10.jar;F:\Apache\maven\maven_respo\xmlpull\xmlpull\1.1.3.1\xmlpull-1.1.3.1.jar;F:\Apache\maven\maven_respo\xpp3\xpp3_min\1.1.4c\xpp3_min-1.1.4c.jar;F:\Apache\maven\maven_respo\org\springframework\boot\spring-boot-starter-actuator\2.0.6.RELEASE\spring-boot-starter-actuator-2.0.6.RELEASE.jar;F:\Apache\maven\maven_respo\org\springframework\boot\spring-boot-actuator-autoconfigure\2.0.6.RELEASE\spring-boot-actuator-autoconfigure-2.0.6.RELEASE.jar;F:\Apache\maven\maven_respo\org\springframework\boot\spring-boot-actuator\2.0.6.RELEASE\spring-boot-actuator-2.0.6.RELEASE.jar;F:\Apache\maven\maven_respo\io\micrometer\micrometer-core\1.0.7\micrometer-core-1.0.7.jar;F:\Apache\maven\maven_respo\org\hdrhistogram\HdrHistogram\2.1.10\HdrHistogram-2.1.10.jar;F:\Apache\maven\maven_respo\org\latencyutils\LatencyUtils\2.0.3\LatencyUtils-2.0.3.jar;F:\Apache\maven\maven_respo\org\springframework\cloud\spring-cloud-starter-bus-amqp\2.0.0.RELEASE\spring-cloud-starter-bus-amqp-2.0.0.RELEASE.jar;F:\Apache\maven\maven_respo\org\springframework\cloud\spring-cloud-starter-stream-rabbit\2.0.1.RELEASE\spring-cloud-starter-stream-rabbit-2.0.1.RELEASE.jar;F:\Apache\maven\maven_respo\org\springframework\cloud\spring-cloud-bus\2.0.0.RELEASE\spring-cloud-bus-2.0.0.RELEASE.jar;F:\Apache\maven\maven_respo\org\springframework\cloud\spring-cloud-starter-config\2.0.1.RELEASE\spring-cloud-starter-config-2.0.1.RELEASE.jar;F:\Apache\maven\maven_respo\org\springframework\cloud\spring-cloud-config-client\2.0.1.RELEASE\spring-cloud-config-client-2.0.1.RELEASE.jar;F:\Apache\maven\maven_respo\com\fasterxml\jackson\core\jackson-databind\2.9.7\jackson-databind-2.9.7.jar;F:\Apache\maven\maven_respo\org\springframework\cloud\spring-cloud-stream-binder-rabbit\2.0.1.RELEASE\spring-cloud-stream-binder-rabbit-2.0.1.RELEASE.jar;F:\Apache\maven\maven_respo\org\springframework\cloud\spring-cloud-stream-binder-rabbit-core\2.0.1.RELEASE\spring-cloud-stream-binder-rabbit-core-2.0.1.RELEASE.jar;F:\Apache\maven\maven_respo\com\rabbitmq\http-client\2.0.1.RELEASE\http-client-2.0.1.RELEASE.jar;F:\Apache\maven\maven_respo\org\springframework\spring-webflux\5.0.10.RELEASE\spring-webflux-5.0.10.RELEASE.jar;F:\Apache\maven\maven_respo\io\projectreactor\ipc\reactor-netty\0.7.10.RELEASE\reactor-netty-0.7.10.RELEASE.jar;F:\Apache\maven\maven_respo\io\netty\netty-handler\4.1.29.Final\netty-handler-4.1.29.Final.jar;F:\Apache\maven\maven_respo\io\netty\netty-handler-proxy\4.1.29.Final\netty-handler-proxy-4.1.29.Final.jar;F:\Apache\maven\maven_respo\io\netty\netty-codec-socks\4.1.29.Final\netty-codec-socks-4.1.29.Final.jar;F:\Apache\maven\maven_respo\io\netty\netty-transport-native-epoll\4.1.29.Final\netty-transport-native-epoll-4.1.29.Final-linux-x86_64.jar;F:\Apache\maven\maven_respo\org\springframework\cloud\spring-cloud-stream\2.0.1.RELEASE\spring-cloud-stream-2.0.1.RELEASE.jar;F:\Apache\maven\maven_respo\org\springframework\boot\spring-boot-starter-validation\2.0.6.RELEASE\spring-boot-starter-validation-2.0.6.RELEASE.jar;F:\Apache\maven\maven_respo\org\springframework\spring-messaging\5.0.10.RELEASE\spring-messaging-5.0.10.RELEASE.jar;F:\Apache\maven\maven_respo\org\springframework\spring-tuple\1.0.0.RELEASE\spring-tuple-1.0.0.RELEASE.jar;F:\Apache\maven\maven_respo\org\springframework\integration\spring-integration-tuple\1.0.0.RELEASE\spring-integration-tuple-1.0.0.RELEASE.jar;F:\Apache\maven\maven_respo\org\springframework\retry\spring-retry\1.2.2.RELEASE\spring-retry-1.2.2.RELEASE.jar;F:\Apache\maven\maven_respo\org\springframework\boot\spring-boot-starter-amqp\2.0.6.RELEASE\spring-boot-starter-amqp-2.0.6.RELEASE.jar;F:\Apache\maven\maven_respo\org\springframework\amqp\spring-rabbit\2.0.8.RELEASE\spring-rabbit-2.0.8.RELEASE.jar;F:\Apache\maven\maven_respo\org\springframework\amqp\spring-amqp\2.0.8.RELEASE\spring-amqp-2.0.8.RELEASE.jar;F:\Apache\maven\maven_respo\com\rabbitmq\amqp-client\5.4.3\amqp-client-5.4.3.jar;F:\Apache\maven\maven_respo\org\springframework\integration\spring-integration-amqp\5.0.9.RELEASE\spring-integration-amqp-5.0.9.RELEASE.jar;F:\Apache\maven\maven_respo\org\springframework\integration\spring-integration-core\5.0.9.RELEASE\spring-integration-core-5.0.9.RELEASE.jar;F:\Apache\maven\maven_respo\org\springframework\spring-tx\5.0.10.RELEASE\spring-tx-5.0.10.RELEASE.jar;F:\Apache\maven\maven_respo\io\projectreactor\reactor-core\3.1.10.RELEASE\reactor-core-3.1.10.RELEASE.jar;F:\Apache\maven\maven_respo\org\reactivestreams\reactive-streams\1.0.2\reactive-streams-1.0.2.jar;F:\Apache\maven\maven_respo\org\springframework\integration\spring-integration-jmx\5.0.9.RELEASE\spring-integration-jmx-5.0.9.RELEASE.jar;F:\Apache\maven\maven_respo\org\springframework\boot\spring-boot-starter-jdbc\2.0.6.RELEASE\spring-boot-starter-jdbc-2.0.6.RELEASE.jar;F:\Apache\maven\maven_respo\com\zaxxer\HikariCP\2.7.9\HikariCP-2.7.9.jar;F:\Apache\maven\maven_respo\org\springframework\spring-jdbc\5.0.10.RELEASE\spring-jdbc-5.0.10.RELEASE.jar;F:\Apache\maven\maven_respo\mysql\mysql-connector-java\5.1.47\mysql-connector-java-5.1.47.jar;F:\Apache\maven\maven_respo\javax\servlet\javax.servlet-api\3.1.0\javax.servlet-api-3.1.0.jar;F:\Apache\maven\maven_respo\org\springframework\boot\spring-boot-starter-data-jpa\2.0.6.RELEASE\spring-boot-starter-data-jpa-2.0.6.RELEASE.jar;F:\Apache\maven\maven_respo\org\springframework\boot\spring-boot-starter-aop\2.0.6.RELEASE\spring-boot-starter-aop-2.0.6.RELEASE.jar;F:\Apache\maven\maven_respo\org\aspectj\aspectjweaver\1.8.13\aspectjweaver-1.8.13.jar;F:\Apache\maven\maven_respo\javax\transaction\javax.transaction-api\1.2\javax.transaction-api-1.2.jar;F:\Apache\maven\maven_respo\org\hibernate\hibernate-core\5.2.17.Final\hibernate-core-5.2.17.Final.jar;F:\Apache\maven\maven_respo\org\hibernate\javax\persistence\hibernate-jpa-2.1-api\1.0.2.Final\hibernate-jpa-2.1-api-1.0.2.Final.jar;F:\Apache\maven\maven_respo\org\javassist\javassist\3.22.0-GA\javassist-3.22.0-GA.jar;F:\Apache\maven\maven_respo\antlr\antlr\2.7.7\antlr-2.7.7.jar;F:\Apache\maven\maven_respo\org\jboss\jandex\2.0.3.Final\jandex-2.0.3.Final.jar;F:\Apache\maven\maven_respo\dom4j\dom4j\1.6.1\dom4j-1.6.1.jar;F:\Apache\maven\maven_respo\org\hibernate\common\hibernate-commons-annotations\5.0.1.Final\hibernate-commons-annotations-5.0.1.Final.jar;F:\Apache\maven\maven_respo\org\springframework\data\spring-data-jpa\2.0.11.RELEASE\spring-data-jpa-2.0.11.RELEASE.jar;F:\Apache\maven\maven_respo\org\springframework\data\spring-data-commons\2.0.11.RELEASE\spring-data-commons-2.0.11.RELEASE.jar;F:\Apache\maven\maven_respo\org\springframework\spring-orm\5.0.10.RELEASE\spring-orm-5.0.10.RELEASE.jar;F:\Apache\maven\maven_respo\org\springframework\spring-aspects\5.0.10.RELEASE\spring-aspects-5.0.10.RELEASE.jar;F:\Apache\maven\maven_respo\com\alibaba\druid-spring-boot-starter\1.1.10\druid-spring-boot-starter-1.1.10.jar;F:\Apache\maven\maven_respo\org\slf4j\slf4j-api\1.7.25\slf4j-api-1.7.25.jar;F:\Apache\maven\maven_respo\org\springframework\boot\spring-boot-autoconfigure\2.0.6.RELEASE\spring-boot-autoconfigure-2.0.6.RELEASE.jar;F:\Apache\maven\maven_respo\com\alibaba\druid\1.1.12\druid-1.1.12.jar;F:\Apache\maven\maven_respo\org\springframework\boot\spring-boot-starter-test\2.0.6.RELEASE\spring-boot-starter-test-2.0.6.RELEASE.jar;F:\Apache\maven\maven_respo\org\springframework\boot\spring-boot-test\2.0.6.RELEASE\spring-boot-test-2.0.6.RELEASE.jar;F:\Apache\maven\maven_respo\org\springframework\boot\spring-boot-test-autoconfigure\2.0.6.RELEASE\spring-boot-test-autoconfigure-2.0.6.RELEASE.jar;F:\Apache\maven\maven_respo\com\jayway\jsonpath\json-path\2.4.0\json-path-2.4.0.jar;F:\Apache\maven\maven_respo\net\minidev\json-smart\2.3\json-smart-2.3.jar;F:\Apache\maven\maven_respo\net\minidev\accessors-smart\1.2\accessors-smart-1.2.jar;F:\Apache\maven\maven_respo\org\ow2\asm\asm\5.0.4\asm-5.0.4.jar;F:\Apache\maven\maven_respo\junit\junit\4.12\junit-4.12.jar;F:\Apache\maven\maven_respo\org\assertj\assertj-core\3.9.1\assertj-core-3.9.1.jar;F:\Apache\maven\maven_respo\org\mockito\mockito-core\2.15.0\mockito-core-2.15.0.jar;F:\Apache\maven\maven_respo\net\bytebuddy\byte-buddy\1.7.11\byte-buddy-1.7.11.jar;F:\Apache\maven\maven_respo\net\bytebuddy\byte-buddy-agent\1.7.11\byte-buddy-agent-1.7.11.jar;F:\Apache\maven\maven_respo\org\hamcrest\hamcrest-core\1.3\hamcrest-core-1.3.jar;F:\Apache\maven\maven_respo\org\hamcrest\hamcrest-library\1.3\hamcrest-library-1.3.jar;F:\Apache\maven\maven_respo\org\skyscreamer\jsonassert\1.5.0\jsonassert-1.5.0.jar;F:\Apache\maven\maven_respo\com\vaadin\external\google\android-json\0.0.20131108.vaadin1\android-json-0.0.20131108.vaadin1.jar;F:\Apache\maven\maven_respo\org\springframework\spring-core\5.0.10.RELEASE\spring-core-5.0.10.RELEASE.jar;F:\Apache\maven\maven_respo\org\springframework\spring-jcl\5.0.10.RELEASE\spring-jcl-5.0.10.RELEASE.jar;F:\Apache\maven\maven_respo\org\springframework\spring-test\5.0.10.RELEASE\spring-test-5.0.10.RELEASE.jar;F:\Apache\maven\maven_respo\org\xmlunit\xmlunit-core\2.5.1\xmlunit-core-2.5.1.jar;F:\Apache\maven\maven_respo\com\google\code\gson\gson\2.8.5\gson-2.8.5.jar;"/>
    <property name="java.vm.vendor" value="Oracle Corporation"/>
    <property name="sun.arch.data.model" value="64"/>
    <property name="user.variant" value=""/>
    <property name="java.vendor.url" value="http://java.oracle.com/"/>
    <property name="user.timezone" value=""/>
    <property name="java.vm.specification.version" value="1.8"/>
    <property name="os.name" value="Windows 10"/>
    <property name="user.country" value="CN"/>
    <property name="sun.java.launcher" value="SUN_STANDARD"/>
    <property name="sun.boot.library.path" value="C:\Program Files\Java\jdk1.8.0_152\jre\bin"/>
    <property name="sun.java.command" value="C:\Users\lt\AppData\Local\Temp\surefire4196808903646741732\surefirebooter8433512879973180334.jar C:\Users\lt\AppData\Local\Temp\surefire4196808903646741732 2018-12-26T18-25-52_100-jvmRun1 surefire3377721818844693386tmp surefire_01767184943271278931tmp"/>
    <property name="surefire.test.class.path" value="D:\Workspaces\spring-cloud-oms\spring-cloud-oms\spring-cloud-services\oms-provider-rebate\target\test-classes;D:\Workspaces\spring-cloud-oms\spring-cloud-oms\spring-cloud-services\oms-provider-rebate\target\classes;F:\Apache\maven\maven_respo\org\springframework\boot\spring-boot-starter-web\2.0.6.RELEASE\spring-boot-starter-web-2.0.6.RELEASE.jar;F:\Apache\maven\maven_respo\org\springframework\boot\spring-boot-starter\2.0.6.RELEASE\spring-boot-starter-2.0.6.RELEASE.jar;F:\Apache\maven\maven_respo\org\springframework\boot\spring-boot\2.0.6.RELEASE\spring-boot-2.0.6.RELEASE.jar;F:\Apache\maven\maven_respo\org\springframework\boot\spring-boot-starter-logging\2.0.6.RELEASE\spring-boot-starter-logging-2.0.6.RELEASE.jar;F:\Apache\maven\maven_respo\ch\qos\logback\logback-classic\1.2.3\logback-classic-1.2.3.jar;F:\Apache\maven\maven_respo\ch\qos\logback\logback-core\1.2.3\logback-core-1.2.3.jar;F:\Apache\maven\maven_respo\org\apache\logging\log4j\log4j-to-slf4j\2.10.0\log4j-to-slf4j-2.10.0.jar;F:\Apache\maven\maven_respo\org\apache\logging\log4j\log4j-api\2.10.0\log4j-api-2.10.0.jar;F:\Apache\maven\maven_respo\org\slf4j\jul-to-slf4j\1.7.25\jul-to-slf4j-1.7.25.jar;F:\Apache\maven\maven_respo\javax\annotation\javax.annotation-api\1.3.2\javax.annotation-api-1.3.2.jar;F:\Apache\maven\maven_respo\org\yaml\snakeyaml\1.19\snakeyaml-1.19.jar;F:\Apache\maven\maven_respo\org\springframework\boot\spring-boot-starter-json\2.0.6.RELEASE\spring-boot-starter-json-2.0.6.RELEASE.jar;F:\Apache\maven\maven_respo\com\fasterxml\jackson\datatype\jackson-datatype-jdk8\2.9.7\jackson-datatype-jdk8-2.9.7.jar;F:\Apache\maven\maven_respo\com\fasterxml\jackson\datatype\jackson-datatype-jsr310\2.9.7\jackson-datatype-jsr310-2.9.7.jar;F:\Apache\maven\maven_respo\com\fasterxml\jackson\module\jackson-module-parameter-names\2.9.7\jackson-module-parameter-names-2.9.7.jar;F:\Apache\maven\maven_respo\org\springframework\boot\spring-boot-starter-tomcat\2.0.6.RELEASE\spring-boot-starter-tomcat-2.0.6.RELEASE.jar;F:\Apache\maven\maven_respo\org\apache\tomcat\embed\tomcat-embed-core\8.5.34\tomcat-embed-core-8.5.34.jar;F:\Apache\maven\maven_respo\org\apache\tomcat\embed\tomcat-embed-el\8.5.34\tomcat-embed-el-8.5.34.jar;F:\Apache\maven\maven_respo\org\apache\tomcat\embed\tomcat-embed-websocket\8.5.34\tomcat-embed-websocket-8.5.34.jar;F:\Apache\maven\maven_respo\org\hibernate\validator\hibernate-validator\6.0.13.Final\hibernate-validator-6.0.13.Final.jar;F:\Apache\maven\maven_respo\javax\validation\validation-api\2.0.1.Final\validation-api-2.0.1.Final.jar;F:\Apache\maven\maven_respo\org\jboss\logging\jboss-logging\3.3.2.Final\jboss-logging-3.3.2.Final.jar;F:\Apache\maven\maven_respo\com\fasterxml\classmate\1.3.4\classmate-1.3.4.jar;F:\Apache\maven\maven_respo\org\springframework\spring-web\5.0.10.RELEASE\spring-web-5.0.10.RELEASE.jar;F:\Apache\maven\maven_respo\org\springframework\spring-beans\5.0.10.RELEASE\spring-beans-5.0.10.RELEASE.jar;F:\Apache\maven\maven_respo\org\springframework\spring-webmvc\5.0.10.RELEASE\spring-webmvc-5.0.10.RELEASE.jar;F:\Apache\maven\maven_respo\org\springframework\spring-aop\5.0.10.RELEASE\spring-aop-5.0.10.RELEASE.jar;F:\Apache\maven\maven_respo\org\springframework\spring-context\5.0.10.RELEASE\spring-context-5.0.10.RELEASE.jar;F:\Apache\maven\maven_respo\org\springframework\spring-expression\5.0.10.RELEASE\spring-expression-5.0.10.RELEASE.jar;D:\Workspaces\spring-cloud-oms\spring-cloud-oms\spring-cloud-services\oms-provider-rebate\lib\transaction-springcloud-4.2.0.jar;D:\Workspaces\spring-cloud-oms\spring-cloud-oms\spring-cloud-services\oms-provider-rebate\lib\tx-client-4.2.0.jar;F:\Apache\maven\maven_respo\com\caucho\hessian\4.0.38\hessian-4.0.38.jar;F:\Apache\maven\maven_respo\com\dyuproject\protostuff\protostuff-core\1.1.3\protostuff-core-1.1.3.jar;F:\Apache\maven\maven_respo\com\dyuproject\protostuff\protostuff-api\1.1.3\protostuff-api-1.1.3.jar;F:\Apache\maven\maven_respo\com\dyuproject\protostuff\protostuff-runtime\1.1.3\protostuff-runtime-1.1.3.jar;F:\Apache\maven\maven_respo\com\dyuproject\protostuff\protostuff-collectionschema\1.1.3\protostuff-collectionschema-1.1.3.jar;F:\Apache\maven\maven_respo\com\esotericsoftware\kryo-shaded\4.0.0\kryo-shaded-4.0.0.jar;F:\Apache\maven\maven_respo\com\esotericsoftware\minlog\1.3.0\minlog-1.3.0.jar;F:\Apache\maven\maven_respo\org\objenesis\objenesis\2.2\objenesis-2.2.jar;D:\Workspaces\spring-cloud-oms\spring-cloud-oms\spring-cloud-services\oms-provider-rebate\lib\tx-plugins-db-4.2.0.jar;F:\Apache\maven\maven_respo\com\alibaba\fastjson\1.2.54\fastjson-1.2.54.jar;F:\Apache\maven\maven_respo\com\github\1991wangliang\lorne_core\1.0.0\lorne_core-1.0.0.jar;F:\Apache\maven\maven_respo\com\github\1991wangliang\lorne_exception\1.0.0.RELEASE\lorne_exception-1.0.0.RELEASE.jar;F:\Apache\maven\maven_respo\commons-fileupload\commons-fileupload\1.3.1\commons-fileupload-1.3.1.jar;F:\Apache\maven\maven_respo\commons-beanutils\commons-beanutils\1.7.0\commons-beanutils-1.7.0.jar;F:\Apache\maven\maven_respo\commons-collections\commons-collections\3.2.1\commons-collections-3.2.1.jar;F:\Apache\maven\maven_respo\commons-dbcp\commons-dbcp\1.4\commons-dbcp-1.4.jar;F:\Apache\maven\maven_respo\commons-io\commons-io\2.4\commons-io-2.4.jar;F:\Apache\maven\maven_respo\commons-lang\commons-lang\2.6\commons-lang-2.6.jar;F:\Apache\maven\maven_respo\commons-logging\commons-logging\1.1.1\commons-logging-1.1.1.jar;F:\Apache\maven\maven_respo\commons-pool\commons-pool\1.6\commons-pool-1.6.jar;F:\Apache\maven\maven_respo\commons-dbutils\commons-dbutils\1.6\commons-dbutils-1.6.jar;F:\Apache\maven\maven_respo\commons-configuration\commons-configuration\1.10\commons-configuration-1.10.jar;F:\Apache\maven\maven_respo\commons-codec\commons-codec\1.11\commons-codec-1.11.jar;F:\Apache\maven\maven_respo\org\apache\httpcomponents\httpmime\4.5.6\httpmime-4.5.6.jar;F:\Apache\maven\maven_respo\org\apache\httpcomponents\httpclient\4.5.6\httpclient-4.5.6.jar;F:\Apache\maven\maven_respo\org\apache\httpcomponents\httpcore\4.4.10\httpcore-4.4.10.jar;F:\Apache\maven\maven_respo\org\apache\axis\axis\1.4\axis-1.4.jar;F:\Apache\maven\maven_respo\org\springframework\cloud\spring-cloud-starter-feign\1.4.6.RELEASE\spring-cloud-starter-feign-1.4.6.RELEASE.jar;F:\Apache\maven\maven_respo\org\springframework\cloud\spring-cloud-starter-openfeign\2.0.1.RELEASE\spring-cloud-starter-openfeign-2.0.1.RELEASE.jar;F:\Apache\maven\maven_respo\org\springframework\cloud\spring-cloud-openfeign-core\2.0.1.RELEASE\spring-cloud-openfeign-core-2.0.1.RELEASE.jar;F:\Apache\maven\maven_respo\io\github\openfeign\feign-core\9.5.1\feign-core-9.5.1.jar;F:\Apache\maven\maven_respo\io\github\openfeign\feign-slf4j\9.5.1\feign-slf4j-9.5.1.jar;F:\Apache\maven\maven_respo\io\github\openfeign\feign-hystrix\9.5.1\feign-hystrix-9.5.1.jar;F:\Apache\maven\maven_respo\com\netflix\hystrix\hystrix-core\1.5.12\hystrix-core-1.5.12.jar;F:\Apache\maven\maven_respo\io\github\openfeign\feign-java8\9.5.1\feign-java8-9.5.1.jar;F:\Apache\maven\maven_respo\org\springframework\cloud\spring-cloud-starter\2.0.1.RELEASE\spring-cloud-starter-2.0.1.RELEASE.jar;F:\Apache\maven\maven_respo\org\springframework\cloud\spring-cloud-context\2.0.1.RELEASE\spring-cloud-context-2.0.1.RELEASE.jar;F:\Apache\maven\maven_respo\org\springframework\security\spring-security-crypto\5.0.9.RELEASE\spring-security-crypto-5.0.9.RELEASE.jar;F:\Apache\maven\maven_respo\org\springframework\cloud\spring-cloud-commons\2.0.1.RELEASE\spring-cloud-commons-2.0.1.RELEASE.jar;F:\Apache\maven\maven_respo\org\springframework\security\spring-security-rsa\1.0.5.RELEASE\spring-security-rsa-1.0.5.RELEASE.jar;F:\Apache\maven\maven_respo\org\bouncycastle\bcpkix-jdk15on\1.56\bcpkix-jdk15on-1.56.jar;F:\Apache\maven\maven_respo\org\bouncycastle\bcprov-jdk15on\1.56\bcprov-jdk15on-1.56.jar;F:\Apache\maven\maven_respo\org\springframework\cloud\spring-cloud-starter-netflix-eureka-client\2.0.1.RELEASE\spring-cloud-starter-netflix-eureka-client-2.0.1.RELEASE.jar;F:\Apache\maven\maven_respo\org\springframework\cloud\spring-cloud-netflix-core\2.0.1.RELEASE\spring-cloud-netflix-core-2.0.1.RELEASE.jar;F:\Apache\maven\maven_respo\org\springframework\cloud\spring-cloud-netflix-eureka-client\2.0.1.RELEASE\spring-cloud-netflix-eureka-client-2.0.1.RELEASE.jar;F:\Apache\maven\maven_respo\com\netflix\eureka\eureka-client\1.9.3\eureka-client-1.9.3.jar;F:\Apache\maven\maven_respo\org\codehaus\jettison\jettison\1.3.7\jettison-1.3.7.jar;F:\Apache\maven\maven_respo\stax\stax-api\1.0.1\stax-api-1.0.1.jar;F:\Apache\maven\maven_respo\com\netflix\netflix-commons\netflix-eventbus\0.3.0\netflix-eventbus-0.3.0.jar;F:\Apache\maven\maven_respo\com\netflix\netflix-commons\netflix-infix\0.3.0\netflix-infix-0.3.0.jar;F:\Apache\maven\maven_respo\commons-jxpath\commons-jxpath\1.3\commons-jxpath-1.3.jar;F:\Apache\maven\maven_respo\joda-time\joda-time\2.9.9\joda-time-2.9.9.jar;F:\Apache\maven\maven_respo\org\antlr\antlr-runtime\3.4\antlr-runtime-3.4.jar;F:\Apache\maven\maven_respo\org\antlr\stringtemplate\3.2.1\stringtemplate-3.2.1.jar;F:\Apache\maven\maven_respo\org\apache\commons\commons-math\2.2\commons-math-2.2.jar;F:\Apache\maven\maven_respo\com\netflix\archaius\archaius-core\0.7.6\archaius-core-0.7.6.jar;F:\Apache\maven\maven_respo\com\google\guava\guava\16.0\guava-16.0.jar;F:\Apache\maven\maven_respo\javax\ws\rs\jsr311-api\1.1.1\jsr311-api-1.1.1.jar;F:\Apache\maven\maven_respo\com\netflix\servo\servo-core\0.12.21\servo-core-0.12.21.jar;F:\Apache\maven\maven_respo\com\sun\jersey\jersey-core\1.19.1\jersey-core-1.19.1.jar;F:\Apache\maven\maven_respo\com\sun\jersey\jersey-client\1.19.1\jersey-client-1.19.1.jar;F:\Apache\maven\maven_respo\com\sun\jersey\contribs\jersey-apache-client4\1.19.1\jersey-apache-client4-1.19.1.jar;F:\Apache\maven\maven_respo\com\google\inject\guice\4.1.0\guice-4.1.0.jar;F:\Apache\maven\maven_respo\javax\inject\javax.inject\1\javax.inject-1.jar;F:\Apache\maven\maven_respo\aopalliance\aopalliance\1.0\aopalliance-1.0.jar;F:\Apache\maven\maven_respo\com\github\vlsi\compactmap\compactmap\1.2.1\compactmap-1.2.1.jar;F:\Apache\maven\maven_respo\com\github\andrewoma\dexx\dexx-collections\0.2\dexx-collections-0.2.jar;F:\Apache\maven\maven_respo\com\fasterxml\jackson\core\jackson-annotations\2.9.0\jackson-annotations-2.9.0.jar;F:\Apache\maven\maven_respo\com\fasterxml\jackson\core\jackson-core\2.9.7\jackson-core-2.9.7.jar;F:\Apache\maven\maven_respo\com\netflix\eureka\eureka-core\1.9.3\eureka-core-1.9.3.jar;F:\Apache\maven\maven_respo\org\codehaus\woodstox\woodstox-core-asl\4.4.1\woodstox-core-asl-4.4.1.jar;F:\Apache\maven\maven_respo\javax\xml\stream\stax-api\1.0-2\stax-api-1.0-2.jar;F:\Apache\maven\maven_respo\org\codehaus\woodstox\stax2-api\3.1.4\stax2-api-3.1.4.jar;F:\Apache\maven\maven_respo\org\springframework\cloud\spring-cloud-starter-netflix-archaius\2.0.1.RELEASE\spring-cloud-starter-netflix-archaius-2.0.1.RELEASE.jar;F:\Apache\maven\maven_respo\org\springframework\cloud\spring-cloud-netflix-ribbon\2.0.1.RELEASE\spring-cloud-netflix-ribbon-2.0.1.RELEASE.jar;F:\Apache\maven\maven_respo\org\springframework\cloud\spring-cloud-netflix-archaius\2.0.1.RELEASE\spring-cloud-netflix-archaius-2.0.1.RELEASE.jar;F:\Apache\maven\maven_respo\org\springframework\cloud\spring-cloud-starter-netflix-ribbon\2.0.1.RELEASE\spring-cloud-starter-netflix-ribbon-2.0.1.RELEASE.jar;F:\Apache\maven\maven_respo\com\netflix\ribbon\ribbon\2.2.5\ribbon-2.2.5.jar;F:\Apache\maven\maven_respo\com\netflix\ribbon\ribbon-transport\2.2.5\ribbon-transport-2.2.5.jar;F:\Apache\maven\maven_respo\io\reactivex\rxnetty-contexts\0.4.9\rxnetty-contexts-0.4.9.jar;F:\Apache\maven\maven_respo\io\reactivex\rxnetty-servo\0.4.9\rxnetty-servo-0.4.9.jar;F:\Apache\maven\maven_respo\io\reactivex\rxnetty\0.4.9\rxnetty-0.4.9.jar;F:\Apache\maven\maven_respo\io\netty\netty-codec-http\4.1.29.Final\netty-codec-http-4.1.29.Final.jar;F:\Apache\maven\maven_respo\io\netty\netty-codec\4.1.29.Final\netty-codec-4.1.29.Final.jar;F:\Apache\maven\maven_respo\io\netty\netty-transport-native-epoll\4.1.29.Final\netty-transport-native-epoll-4.1.29.Final.jar;F:\Apache\maven\maven_respo\io\netty\netty-common\4.1.29.Final\netty-common-4.1.29.Final.jar;F:\Apache\maven\maven_respo\io\netty\netty-buffer\4.1.29.Final\netty-buffer-4.1.29.Final.jar;F:\Apache\maven\maven_respo\io\netty\netty-transport-native-unix-common\4.1.29.Final\netty-transport-native-unix-common-4.1.29.Final.jar;F:\Apache\maven\maven_respo\io\netty\netty-transport\4.1.29.Final\netty-transport-4.1.29.Final.jar;F:\Apache\maven\maven_respo\io\netty\netty-resolver\4.1.29.Final\netty-resolver-4.1.29.Final.jar;F:\Apache\maven\maven_respo\com\netflix\ribbon\ribbon-core\2.2.5\ribbon-core-2.2.5.jar;F:\Apache\maven\maven_respo\com\netflix\ribbon\ribbon-httpclient\2.2.5\ribbon-httpclient-2.2.5.jar;F:\Apache\maven\maven_respo\com\netflix\netflix-commons\netflix-commons-util\0.3.0\netflix-commons-util-0.3.0.jar;F:\Apache\maven\maven_respo\com\netflix\ribbon\ribbon-loadbalancer\2.2.5\ribbon-loadbalancer-2.2.5.jar;F:\Apache\maven\maven_respo\com\netflix\netflix-commons\netflix-statistics\0.1.1\netflix-statistics-0.1.1.jar;F:\Apache\maven\maven_respo\io\reactivex\rxjava\1.3.8\rxjava-1.3.8.jar;F:\Apache\maven\maven_respo\com\netflix\ribbon\ribbon-eureka\2.2.5\ribbon-eureka-2.2.5.jar;F:\Apache\maven\maven_respo\com\thoughtworks\xstream\xstream\1.4.10\xstream-1.4.10.jar;F:\Apache\maven\maven_respo\xmlpull\xmlpull\1.1.3.1\xmlpull-1.1.3.1.jar;F:\Apache\maven\maven_respo\xpp3\xpp3_min\1.1.4c\xpp3_min-1.1.4c.jar;F:\Apache\maven\maven_respo\org\springframework\boot\spring-boot-starter-actuator\2.0.6.RELEASE\spring-boot-starter-actuator-2.0.6.RELEASE.jar;F:\Apache\maven\maven_respo\org\springframework\boot\spring-boot-actuator-autoconfigure\2.0.6.RELEASE\spring-boot-actuator-autoconfigure-2.0.6.RELEASE.jar;F:\Apache\maven\maven_respo\org\springframework\boot\spring-boot-actuator\2.0.6.RELEASE\spring-boot-actuator-2.0.6.RELEASE.jar;F:\Apache\maven\maven_respo\io\micrometer\micrometer-core\1.0.7\micrometer-core-1.0.7.jar;F:\Apache\maven\maven_respo\org\hdrhistogram\HdrHistogram\2.1.10\HdrHistogram-2.1.10.jar;F:\Apache\maven\maven_respo\org\latencyutils\LatencyUtils\2.0.3\LatencyUtils-2.0.3.jar;F:\Apache\maven\maven_respo\org\springframework\cloud\spring-cloud-starter-bus-amqp\2.0.0.RELEASE\spring-cloud-starter-bus-amqp-2.0.0.RELEASE.jar;F:\Apache\maven\maven_respo\org\springframework\cloud\spring-cloud-starter-stream-rabbit\2.0.1.RELEASE\spring-cloud-starter-stream-rabbit-2.0.1.RELEASE.jar;F:\Apache\maven\maven_respo\org\springframework\cloud\spring-cloud-bus\2.0.0.RELEASE\spring-cloud-bus-2.0.0.RELEASE.jar;F:\Apache\maven\maven_respo\org\springframework\cloud\spring-cloud-starter-config\2.0.1.RELEASE\spring-cloud-starter-config-2.0.1.RELEASE.jar;F:\Apache\maven\maven_respo\org\springframework\cloud\spring-cloud-config-client\2.0.1.RELEASE\spring-cloud-config-client-2.0.1.RELEASE.jar;F:\Apache\maven\maven_respo\com\fasterxml\jackson\core\jackson-databind\2.9.7\jackson-databind-2.9.7.jar;F:\Apache\maven\maven_respo\org\springframework\cloud\spring-cloud-stream-binder-rabbit\2.0.1.RELEASE\spring-cloud-stream-binder-rabbit-2.0.1.RELEASE.jar;F:\Apache\maven\maven_respo\org\springframework\cloud\spring-cloud-stream-binder-rabbit-core\2.0.1.RELEASE\spring-cloud-stream-binder-rabbit-core-2.0.1.RELEASE.jar;F:\Apache\maven\maven_respo\com\rabbitmq\http-client\2.0.1.RELEASE\http-client-2.0.1.RELEASE.jar;F:\Apache\maven\maven_respo\org\springframework\spring-webflux\5.0.10.RELEASE\spring-webflux-5.0.10.RELEASE.jar;F:\Apache\maven\maven_respo\io\projectreactor\ipc\reactor-netty\0.7.10.RELEASE\reactor-netty-0.7.10.RELEASE.jar;F:\Apache\maven\maven_respo\io\netty\netty-handler\4.1.29.Final\netty-handler-4.1.29.Final.jar;F:\Apache\maven\maven_respo\io\netty\netty-handler-proxy\4.1.29.Final\netty-handler-proxy-4.1.29.Final.jar;F:\Apache\maven\maven_respo\io\netty\netty-codec-socks\4.1.29.Final\netty-codec-socks-4.1.29.Final.jar;F:\Apache\maven\maven_respo\io\netty\netty-transport-native-epoll\4.1.29.Final\netty-transport-native-epoll-4.1.29.Final-linux-x86_64.jar;F:\Apache\maven\maven_respo\org\springframework\cloud\spring-cloud-stream\2.0.1.RELEASE\spring-cloud-stream-2.0.1.RELEASE.jar;F:\Apache\maven\maven_respo\org\springframework\boot\spring-boot-starter-validation\2.0.6.RELEASE\spring-boot-starter-validation-2.0.6.RELEASE.jar;F:\Apache\maven\maven_respo\org\springframework\spring-messaging\5.0.10.RELEASE\spring-messaging-5.0.10.RELEASE.jar;F:\Apache\maven\maven_respo\org\springframework\spring-tuple\1.0.0.RELEASE\spring-tuple-1.0.0.RELEASE.jar;F:\Apache\maven\maven_respo\org\springframework\integration\spring-integration-tuple\1.0.0.RELEASE\spring-integration-tuple-1.0.0.RELEASE.jar;F:\Apache\maven\maven_respo\org\springframework\retry\spring-retry\1.2.2.RELEASE\spring-retry-1.2.2.RELEASE.jar;F:\Apache\maven\maven_respo\org\springframework\boot\spring-boot-starter-amqp\2.0.6.RELEASE\spring-boot-starter-amqp-2.0.6.RELEASE.jar;F:\Apache\maven\maven_respo\org\springframework\amqp\spring-rabbit\2.0.8.RELEASE\spring-rabbit-2.0.8.RELEASE.jar;F:\Apache\maven\maven_respo\org\springframework\amqp\spring-amqp\2.0.8.RELEASE\spring-amqp-2.0.8.RELEASE.jar;F:\Apache\maven\maven_respo\com\rabbitmq\amqp-client\5.4.3\amqp-client-5.4.3.jar;F:\Apache\maven\maven_respo\org\springframework\integration\spring-integration-amqp\5.0.9.RELEASE\spring-integration-amqp-5.0.9.RELEASE.jar;F:\Apache\maven\maven_respo\org\springframework\integration\spring-integration-core\5.0.9.RELEASE\spring-integration-core-5.0.9.RELEASE.jar;F:\Apache\maven\maven_respo\org\springframework\spring-tx\5.0.10.RELEASE\spring-tx-5.0.10.RELEASE.jar;F:\Apache\maven\maven_respo\io\projectreactor\reactor-core\3.1.10.RELEASE\reactor-core-3.1.10.RELEASE.jar;F:\Apache\maven\maven_respo\org\reactivestreams\reactive-streams\1.0.2\reactive-streams-1.0.2.jar;F:\Apache\maven\maven_respo\org\springframework\integration\spring-integration-jmx\5.0.9.RELEASE\spring-integration-jmx-5.0.9.RELEASE.jar;F:\Apache\maven\maven_respo\org\springframework\boot\spring-boot-starter-jdbc\2.0.6.RELEASE\spring-boot-starter-jdbc-2.0.6.RELEASE.jar;F:\Apache\maven\maven_respo\com\zaxxer\HikariCP\2.7.9\HikariCP-2.7.9.jar;F:\Apache\maven\maven_respo\org\springframework\spring-jdbc\5.0.10.RELEASE\spring-jdbc-5.0.10.RELEASE.jar;F:\Apache\maven\maven_respo\mysql\mysql-connector-java\5.1.47\mysql-connector-java-5.1.47.jar;F:\Apache\maven\maven_respo\javax\servlet\javax.servlet-api\3.1.0\javax.servlet-api-3.1.0.jar;F:\Apache\maven\maven_respo\org\springframework\boot\spring-boot-starter-data-jpa\2.0.6.RELEASE\spring-boot-starter-data-jpa-2.0.6.RELEASE.jar;F:\Apache\maven\maven_respo\org\springframework\boot\spring-boot-starter-aop\2.0.6.RELEASE\spring-boot-starter-aop-2.0.6.RELEASE.jar;F:\Apache\maven\maven_respo\org\aspectj\aspectjweaver\1.8.13\aspectjweaver-1.8.13.jar;F:\Apache\maven\maven_respo\javax\transaction\javax.transaction-api\1.2\javax.transaction-api-1.2.jar;F:\Apache\maven\maven_respo\org\hibernate\hibernate-core\5.2.17.Final\hibernate-core-5.2.17.Final.jar;F:\Apache\maven\maven_respo\org\hibernate\javax\persistence\hibernate-jpa-2.1-api\1.0.2.Final\hibernate-jpa-2.1-api-1.0.2.Final.jar;F:\Apache\maven\maven_respo\org\javassist\javassist\3.22.0-GA\javassist-3.22.0-GA.jar;F:\Apache\maven\maven_respo\antlr\antlr\2.7.7\antlr-2.7.7.jar;F:\Apache\maven\maven_respo\org\jboss\jandex\2.0.3.Final\jandex-2.0.3.Final.jar;F:\Apache\maven\maven_respo\dom4j\dom4j\1.6.1\dom4j-1.6.1.jar;F:\Apache\maven\maven_respo\org\hibernate\common\hibernate-commons-annotations\5.0.1.Final\hibernate-commons-annotations-5.0.1.Final.jar;F:\Apache\maven\maven_respo\org\springframework\data\spring-data-jpa\2.0.11.RELEASE\spring-data-jpa-2.0.11.RELEASE.jar;F:\Apache\maven\maven_respo\org\springframework\data\spring-data-commons\2.0.11.RELEASE\spring-data-commons-2.0.11.RELEASE.jar;F:\Apache\maven\maven_respo\org\springframework\spring-orm\5.0.10.RELEASE\spring-orm-5.0.10.RELEASE.jar;F:\Apache\maven\maven_respo\org\springframework\spring-aspects\5.0.10.RELEASE\spring-aspects-5.0.10.RELEASE.jar;F:\Apache\maven\maven_respo\com\alibaba\druid-spring-boot-starter\1.1.10\druid-spring-boot-starter-1.1.10.jar;F:\Apache\maven\maven_respo\org\slf4j\slf4j-api\1.7.25\slf4j-api-1.7.25.jar;F:\Apache\maven\maven_respo\org\springframework\boot\spring-boot-autoconfigure\2.0.6.RELEASE\spring-boot-autoconfigure-2.0.6.RELEASE.jar;F:\Apache\maven\maven_respo\com\alibaba\druid\1.1.12\druid-1.1.12.jar;F:\Apache\maven\maven_respo\org\springframework\boot\spring-boot-starter-test\2.0.6.RELEASE\spring-boot-starter-test-2.0.6.RELEASE.jar;F:\Apache\maven\maven_respo\org\springframework\boot\spring-boot-test\2.0.6.RELEASE\spring-boot-test-2.0.6.RELEASE.jar;F:\Apache\maven\maven_respo\org\springframework\boot\spring-boot-test-autoconfigure\2.0.6.RELEASE\spring-boot-test-autoconfigure-2.0.6.RELEASE.jar;F:\Apache\maven\maven_respo\com\jayway\jsonpath\json-path\2.4.0\json-path-2.4.0.jar;F:\Apache\maven\maven_respo\net\minidev\json-smart\2.3\json-smart-2.3.jar;F:\Apache\maven\maven_respo\net\minidev\accessors-smart\1.2\accessors-smart-1.2.jar;F:\Apache\maven\maven_respo\org\ow2\asm\asm\5.0.4\asm-5.0.4.jar;F:\Apache\maven\maven_respo\junit\junit\4.12\junit-4.12.jar;F:\Apache\maven\maven_respo\org\assertj\assertj-core\3.9.1\assertj-core-3.9.1.jar;F:\Apache\maven\maven_respo\org\mockito\mockito-core\2.15.0\mockito-core-2.15.0.jar;F:\Apache\maven\maven_respo\net\bytebuddy\byte-buddy\1.7.11\byte-buddy-1.7.11.jar;F:\Apache\maven\maven_respo\net\bytebuddy\byte-buddy-agent\1.7.11\byte-buddy-agent-1.7.11.jar;F:\Apache\maven\maven_respo\org\hamcrest\hamcrest-core\1.3\hamcrest-core-1.3.jar;F:\Apache\maven\maven_respo\org\hamcrest\hamcrest-library\1.3\hamcrest-library-1.3.jar;F:\Apache\maven\maven_respo\org\skyscreamer\jsonassert\1.5.0\jsonassert-1.5.0.jar;F:\Apache\maven\maven_respo\com\vaadin\external\google\android-json\0.0.20131108.vaadin1\android-json-0.0.20131108.vaadin1.jar;F:\Apache\maven\maven_respo\org\springframework\spring-core\5.0.10.RELEASE\spring-core-5.0.10.RELEASE.jar;F:\Apache\maven\maven_respo\org\springframework\spring-jcl\5.0.10.RELEASE\spring-jcl-5.0.10.RELEASE.jar;F:\Apache\maven\maven_respo\org\springframework\spring-test\5.0.10.RELEASE\spring-test-5.0.10.RELEASE.jar;F:\Apache\maven\maven_respo\org\xmlunit\xmlunit-core\2.5.1\xmlunit-core-2.5.1.jar;F:\Apache\maven\maven_respo\com\google\code\gson\gson\2.8.5\gson-2.8.5.jar;"/>
    <property name="sun.cpu.endian" value="little"/>
    <property name="user.home" value="C:\Users\lt"/>
    <property name="user.language" value="zh"/>
    <property name="java.specification.vendor" value="Oracle Corporation"/>
    <property name="java.home" value="C:\Program Files\Java\jdk1.8.0_152\jre"/>
    <property name="basedir" value="D:\Workspaces\spring-cloud-oms\spring-cloud-oms\spring-cloud-services\oms-provider-rebate"/>
    <property name="file.separator" value="\"/>
    <property name="line.separator" value="&#10;"/>
    <property name="java.vm.specification.vendor" value="Oracle Corporation"/>
    <property name="java.specification.name" value="Java Platform API Specification"/>
    <property name="java.awt.graphicsenv" value="sun.awt.Win32GraphicsEnvironment"/>
    <property name="surefire.real.class.path" value="C:\Users\lt\AppData\Local\Temp\surefire4196808903646741732\surefirebooter8433512879973180334.jar"/>
    <property name="sun.boot.class.path" value="C:\Program Files\Java\jdk1.8.0_152\jre\lib\resources.jar;C:\Program Files\Java\jdk1.8.0_152\jre\lib\rt.jar;C:\Program Files\Java\jdk1.8.0_152\jre\lib\sunrsasign.jar;C:\Program Files\Java\jdk1.8.0_152\jre\lib\jsse.jar;C:\Program Files\Java\jdk1.8.0_152\jre\lib\jce.jar;C:\Program Files\Java\jdk1.8.0_152\jre\lib\charsets.jar;C:\Program Files\Java\jdk1.8.0_152\jre\lib\jfr.jar;C:\Program Files\Java\jdk1.8.0_152\jre\classes"/>
    <property name="user.script" value=""/>
    <property name="sun.management.compiler" value="HotSpot 64-Bit Tiered Compilers"/>
    <property name="java.runtime.version" value="1.8.0_152-b16"/>
    <property name="user.name" value="lt"/>
    <property name="path.separator" value=";"/>
    <property name="os.version" value="10.0"/>
    <property name="java.endorsed.dirs" value="C:\Program Files\Java\jdk1.8.0_152\jre\lib\endorsed"/>
    <property name="java.runtime.name" value="Java(TM) SE Runtime Environment"/>
    <property name="file.encoding" value="GBK"/>
    <property name="java.vm.name" value="Java HotSpot(TM) 64-Bit Server VM"/>
    <property name="localRepository" value="F:\Apache\maven\maven_respo"/>
    <property name="java.vendor.url.bug" value="http://bugreport.sun.com/bugreport/"/>
    <property name="java.io.tmpdir" value="C:\Users\lt\AppData\Local\Temp\"/>
    <property name="java.version" value="1.8.0_152"/>
    <property name="user.dir" value="D:\Workspaces\spring-cloud-oms\spring-cloud-oms\spring-cloud-services\oms-provider-rebate"/>
    <property name="os.arch" value="amd64"/>
    <property name="java.vm.specification.name" value="Java Virtual Machine Specification"/>
    <property name="java.awt.printerjob" value="sun.awt.windows.WPrinterJob"/>
    <property name="sun.os.patch.level" value=""/>
    <property name="java.library.path" value="C:\Program Files\Java\jdk1.8.0_152\jre\bin;C:\WINDOWS\Sun\Java\bin;C:\WINDOWS\system32;C:\WINDOWS;C:/Program Files/Java/jre1.8.0_152/bin/server;C:/Program Files/Java/jre1.8.0_152/bin;C:/Program Files/Java/jre1.8.0_152/lib/amd64;C:\ProgramData\DockerDesktop\version-bin;C:\Program Files\Docker\Docker\Resources\bin;C:\ProgramData\Boxstarter;C:\ProgramData\Oracle\Java\javapath;C:\Windows\system32;C:\Windows;C:\Windows\System32\Wbem;C:\Windows\System32\WindowsPowerShell\v1.0\;C:\Program Files (x86)\NVIDIA Corporation\PhysX\Common;C:\Program Files\Java\jdk1.8.0_152\bin;F:\Apache\maven\apache-maven-3.5.4\bin;C:\WINDOWS\system32;C:\WINDOWS;C:\WINDOWS\System32\Wbem;C:\WINDOWS\System32\WindowsPowerShell\v1.0\;C:\WINDOWS\System32\OpenSSH\;C:\Program Files\Microsoft VS Code\bin;F:\nodejs\;C:\ProgramData\chocolatey\bin;F:\nodejs\node_golbal;F:\erl10.1\bin;F:\RabbitMQ Server\rabbitmq_server-3.7.8\sbin;F:\Git\cmd;C:\Users\lt\AppData\Local\Microsoft\WindowsApps;C:\Users\lt\AppData\Roaming\npm;F:\sts-bundle\sts-3.9.6.RELEASE;;."/>
    <property name="java.vm.info" value="mixed mode"/>
    <property name="java.vendor" value="Oracle Corporation"/>
    <property name="java.vm.version" value="25.152-b16"/>
    <property name="java.ext.dirs" value="C:\Program Files\Java\jdk1.8.0_152\jre\lib\ext;C:\WINDOWS\Sun\Java\lib\ext"/>
    <property name="sun.io.unicode.encoding" value="UnicodeLittle"/>
    <property name="java.class.version" value="52.0"/>
  </properties>
  <testcase name="contextLoads" classname="com.lt.cloud.OmProviderRebateApplicationTests" time="0.007">
    <error message="Failed to load ApplicationContext" type="java.lang.IllegalStateException">java.lang.IllegalStateException: Failed to load ApplicationContext
Caused by: org.springframework.beans.factory.BeanCreationException: Error creating bean with name 'entityManagerFactory' defined in class path resource [org/springframework/boot/autoconfigure/orm/jpa/HibernateJpaConfiguration.class]: Invocation of init method failed; nested exception is javax.persistence.PersistenceException: [PersistenceUnit: default] Unable to build Hibernate SessionFactory; nested exception is java.lang.NullPointerException
Caused by: javax.persistence.PersistenceException: [PersistenceUnit: default] Unable to build Hibernate SessionFactory; nested exception is java.lang.NullPointerException
Caused by: java.lang.NullPointerException
</error>
    <system-out><![CDATA[18:25:53,698 |-INFO in ch.qos.logback.core.joran.action.AppenderAction - About to instantiate appender of type [ch.qos.logback.core.ConsoleAppender]
18:25:53,699 |-INFO in ch.qos.logback.core.joran.action.AppenderAction - Naming appender as [CONSOLE]
18:25:53,721 |-INFO in ch.qos.logback.classic.joran.action.LoggerAction - Setting level of logger [org.hibernate.type.descriptor.sql.BasicBinder] to TRACE
18:25:53,722 |-INFO in ch.qos.logback.classic.jul.LevelChangePropagator@2ef14fe - Propagating TRACE level on Logger[org.hibernate.type.descriptor.sql.BasicBinder] onto the JUL framework
18:25:53,722 |-INFO in ch.qos.logback.classic.joran.action.LoggerAction - Setting level of logger [org.hibernate.type.descriptor.sql.BasicExtractor] to DEBUG
18:25:53,722 |-INFO in ch.qos.logback.classic.jul.LevelChangePropagator@2ef14fe - Propagating DEBUG level on Logger[org.hibernate.type.descriptor.sql.BasicExtractor] onto the JUL framework
18:25:53,723 |-INFO in ch.qos.logback.classic.joran.action.LoggerAction - Setting level of logger [org.hibernate.SQL] to DEBUG
18:25:53,723 |-INFO in ch.qos.logback.classic.jul.LevelChangePropagator@2ef14fe - Propagating DEBUG level on Logger[org.hibernate.SQL] onto the JUL framework
18:25:53,723 |-INFO in ch.qos.logback.classic.joran.action.LoggerAction - Setting level of logger [org.hibernate.engine.QueryParameters] to DEBUG
18:25:53,723 |-INFO in ch.qos.logback.classic.jul.LevelChangePropagator@2ef14fe - Propagating DEBUG level on Logger[org.hibernate.engine.QueryParameters] onto the JUL framework
18:25:53,723 |-INFO in ch.qos.logback.classic.joran.action.LoggerAction - Setting level of logger [org.hibernate.engine.query.HQLQueryPlan] to DEBUG
18:25:53,723 |-INFO in ch.qos.logback.classic.jul.LevelChangePropagator@2ef14fe - Propagating DEBUG level on Logger[org.hibernate.engine.query.HQLQueryPlan] onto the JUL framework
18:25:53,724 |-INFO in ch.qos.logback.classic.joran.action.RootLoggerAction - Setting level of ROOT logger to INFO
18:25:53,724 |-INFO in ch.qos.logback.classic.jul.LevelChangePropagator@2ef14fe - Propagating INFO level on Logger[ROOT] onto the JUL framework
18:25:53,724 |-INFO in ch.qos.logback.core.joran.action.AppenderRefAction - Attaching appender named [CONSOLE] to Logger[ROOT]
18:25:53,724 |-INFO in ch.qos.logback.classic.joran.action.ConfigurationAction - End of configuration.
18:25:53,724 |-INFO in org.springframework.boot.logging.logback.SpringBootJoranConfigurator@2bd08376 - Registering current configuration as safe fallback point
18:25:53,751 |-INFO in ch.qos.logback.classic.jul.LevelChangePropagator@2ef14fe - Propagating DEBUG level on Logger[com.codingapi] onto the JUL framework
[2018-12-26 18:25:53.915] [main] [INFO ] o.s.c.a.AnnotationConfigApplicationContext - Refreshing org.springframework.context.annotation.AnnotationConfigApplicationContext@1941a8ff: startup date [Wed Dec 26 18:25:53 CST 2018]; root of context hierarchy
[2018-12-26 18:25:54.258] [main] [INFO ] o.s.b.f.a.AutowiredAnnotationBeanPostProcessor - JSR-330 'javax.inject.Inject' annotation found and supported for autowiring
[2018-12-26 18:25:54.302] [main] [INFO ] o.s.c.s.PostProcessorRegistrationDelegate$BeanPostProcessorChecker - Bean 'configurationPropertiesRebinderAutoConfiguration' of type [org.springframework.cloud.autoconfigure.ConfigurationPropertiesRebinderAutoConfiguration$$EnhancerBySpringCGLIB$$d288b6f1] is not eligible for getting processed by all BeanPostProcessors (for example: not eligible for auto-proxying)
[2018-12-26 18:25:54.616] [main] [INFO ] o.s.cloud.netflix.eureka.InstanceInfoFactory - Setting initial instance status as: STARTING
[2018-12-26 18:25:54.671] [main] [INFO ] com.netflix.discovery.DiscoveryClient - Initializing Eureka in region us-east-1
[2018-12-26 18:25:55.036] [main] [INFO ] c.n.discovery.provider.DiscoveryJerseyProvider - Using JSON encoding codec LegacyJacksonJson
[2018-12-26 18:25:55.036] [main] [INFO ] c.n.discovery.provider.DiscoveryJerseyProvider - Using JSON decoding codec LegacyJacksonJson
[2018-12-26 18:25:55.178] [main] [INFO ] c.n.discovery.provider.DiscoveryJerseyProvider - Using XML encoding codec XStreamXml
[2018-12-26 18:25:55.178] [main] [INFO ] c.n.discovery.provider.DiscoveryJerseyProvider - Using XML decoding codec XStreamXml
[2018-12-26 18:25:55.464] [main] [INFO ] c.n.d.shared.resolver.aws.ConfigClusterResolver - Resolving eureka endpoints via configuration
[2018-12-26 18:25:55.594] [main] [INFO ] com.netflix.discovery.DiscoveryClient - Disable delta property : false
[2018-12-26 18:25:55.594] [main] [INFO ] com.netflix.discovery.DiscoveryClient - Single vip registry refresh property : null
[2018-12-26 18:25:55.594] [main] [INFO ] com.netflix.discovery.DiscoveryClient - Force full registry fetch : false
[2018-12-26 18:25:55.594] [main] [INFO ] com.netflix.discovery.DiscoveryClient - Application is null : false
[2018-12-26 18:25:55.594] [main] [INFO ] com.netflix.discovery.DiscoveryClient - Registered Applications size is zero : true
[2018-12-26 18:25:55.594] [main] [INFO ] com.netflix.discovery.DiscoveryClient - Application version is -1: true
[2018-12-26 18:25:55.594] [main] [INFO ] com.netflix.discovery.DiscoveryClient - Getting all instance registry info from the eureka server
[2018-12-26 18:25:57.677] [main] [ERROR] c.n.d.s.t.decorator.RedirectingEurekaHttpClient - Request execution error
com.sun.jersey.api.client.ClientHandlerException: java.net.ConnectException: Connection refused: connect
	at com.sun.jersey.client.apache4.ApacheHttpClient4Handler.handle(ApacheHttpClient4Handler.java:187)
	at com.sun.jersey.api.client.filter.GZIPContentEncodingFilter.handle(GZIPContentEncodingFilter.java:123)
	at com.netflix.discovery.EurekaIdentityHeaderFilter.handle(EurekaIdentityHeaderFilter.java:27)
	at com.sun.jersey.api.client.Client.handle(Client.java:652)
	at com.sun.jersey.api.client.WebResource.handle(WebResource.java:682)
	at com.sun.jersey.api.client.WebResource.access$200(WebResource.java:74)
	at com.sun.jersey.api.client.WebResource$Builder.get(WebResource.java:509)
	at com.netflix.discovery.shared.transport.jersey.AbstractJerseyEurekaHttpClient.getApplicationsInternal(AbstractJerseyEurekaHttpClient.java:194)
	at com.netflix.discovery.shared.transport.jersey.AbstractJerseyEurekaHttpClient.getApplications(AbstractJerseyEurekaHttpClient.java:165)
	at com.netflix.discovery.shared.transport.decorator.EurekaHttpClientDecorator$6.execute(EurekaHttpClientDecorator.java:137)
	at com.netflix.discovery.shared.transport.decorator.MetricsCollectingEurekaHttpClient.execute(MetricsCollectingEurekaHttpClient.java:73)
	at com.netflix.discovery.shared.transport.decorator.EurekaHttpClientDecorator.getApplications(EurekaHttpClientDecorator.java:134)
	at com.netflix.discovery.shared.transport.decorator.EurekaHttpClientDecorator$6.execute(EurekaHttpClientDecorator.java:137)
	at com.netflix.discovery.shared.transport.decorator.RedirectingEurekaHttpClient.executeOnNewServer(RedirectingEurekaHttpClient.java:118)
	at com.netflix.discovery.shared.transport.decorator.RedirectingEurekaHttpClient.execute(RedirectingEurekaHttpClient.java:79)
	at com.netflix.discovery.shared.transport.decorator.EurekaHttpClientDecorator.getApplications(EurekaHttpClientDecorator.java:134)
	at com.netflix.discovery.shared.transport.decorator.EurekaHttpClientDecorator$6.execute(EurekaHttpClientDecorator.java:137)
	at com.netflix.discovery.shared.transport.decorator.RetryableEurekaHttpClient.execute(RetryableEurekaHttpClient.java:120)
	at com.netflix.discovery.shared.transport.decorator.EurekaHttpClientDecorator.getApplications(EurekaHttpClientDecorator.java:134)
	at com.netflix.discovery.shared.transport.decorator.EurekaHttpClientDecorator$6.execute(EurekaHttpClientDecorator.java:137)
	at com.netflix.discovery.shared.transport.decorator.SessionedEurekaHttpClient.execute(SessionedEurekaHttpClient.java:77)
	at com.netflix.discovery.shared.transport.decorator.EurekaHttpClientDecorator.getApplications(EurekaHttpClientDecorator.java:134)
	at com.netflix.discovery.DiscoveryClient.getAndStoreFullRegistry(DiscoveryClient.java:1051)
	at com.netflix.discovery.DiscoveryClient.fetchRegistry(DiscoveryClient.java:965)
	at com.netflix.discovery.DiscoveryClient.<init>(DiscoveryClient.java:414)
	at com.netflix.discovery.DiscoveryClient.<init>(DiscoveryClient.java:269)
	at org.springframework.cloud.netflix.eureka.CloudEurekaClient.<init>(CloudEurekaClient.java:63)
	at org.springframework.cloud.netflix.eureka.EurekaClientAutoConfiguration$EurekaClientConfiguration.eurekaClient(EurekaClientAutoConfiguration.java:247)
	at org.springframework.cloud.netflix.eureka.EurekaClientAutoConfiguration$EurekaClientConfiguration$$EnhancerBySpringCGLIB$$362f05f1.CGLIB$eurekaClient$0(<generated>)
	at org.springframework.cloud.netflix.eureka.EurekaClientAutoConfiguration$EurekaClientConfiguration$$EnhancerBySpringCGLIB$$362f05f1$$FastClassBySpringCGLIB$$7e5f1d88.invoke(<generated>)
	at org.springframework.cglib.proxy.MethodProxy.invokeSuper(MethodProxy.java:228)
	at org.springframework.context.annotation.ConfigurationClassEnhancer$BeanMethodInterceptor.intercept(ConfigurationClassEnhancer.java:365)
	at org.springframework.cloud.netflix.eureka.EurekaClientAutoConfiguration$EurekaClientConfiguration$$EnhancerBySpringCGLIB$$362f05f1.eurekaClient(<generated>)
	at sun.reflect.NativeMethodAccessorImpl.invoke0(Native Method)
	at sun.reflect.NativeMethodAccessorImpl.invoke(NativeMethodAccessorImpl.java:62)
	at sun.reflect.DelegatingMethodAccessorImpl.invoke(DelegatingMethodAccessorImpl.java:43)
	at java.lang.reflect.Method.invoke(Method.java:498)
	at org.springframework.beans.factory.support.SimpleInstantiationStrategy.instantiate(SimpleInstantiationStrategy.java:154)
	at org.springframework.beans.factory.support.ConstructorResolver.instantiateUsingFactoryMethod(ConstructorResolver.java:583)
	at org.springframework.beans.factory.support.AbstractAutowireCapableBeanFactory.instantiateUsingFactoryMethod(AbstractAutowireCapableBeanFactory.java:1246)
	at org.springframework.beans.factory.support.AbstractAutowireCapableBeanFactory.createBeanInstance(AbstractAutowireCapableBeanFactory.java:1096)
	at org.springframework.beans.factory.support.AbstractAutowireCapableBeanFactory.doCreateBean(AbstractAutowireCapableBeanFactory.java:535)
	at org.springframework.beans.factory.support.AbstractAutowireCapableBeanFactory.createBean(AbstractAutowireCapableBeanFactory.java:495)
	at org.springframework.beans.factory.support.AbstractBeanFactory.lambda$doGetBean$0(AbstractBeanFactory.java:317)
	at org.springframework.beans.factory.support.DefaultSingletonBeanRegistry.getSingleton(DefaultSingletonBeanRegistry.java:222)
	at org.springframework.beans.factory.support.AbstractBeanFactory.doGetBean(AbstractBeanFactory.java:315)
	at org.springframework.beans.factory.support.AbstractBeanFactory.getBean(AbstractBeanFactory.java:199)
	at org.springframework.beans.factory.config.DependencyDescriptor.resolveCandidate(DependencyDescriptor.java:251)
	at org.springframework.beans.factory.support.DefaultListableBeanFactory.doResolveDependency(DefaultListableBeanFactory.java:1135)
	at org.springframework.beans.factory.support.DefaultListableBeanFactory.resolveDependency(DefaultListableBeanFactory.java:1062)
	at org.springframework.beans.factory.support.ConstructorResolver.resolveAutowiredArgument(ConstructorResolver.java:819)
	at org.springframework.beans.factory.support.ConstructorResolver.createArgumentArray(ConstructorResolver.java:725)
	at org.springframework.beans.factory.support.ConstructorResolver.instantiateUsingFactoryMethod(ConstructorResolver.java:475)
	at org.springframework.beans.factory.support.AbstractAutowireCapableBeanFactory.instantiateUsingFactoryMethod(AbstractAutowireCapableBeanFactory.java:1246)
	at org.springframework.beans.factory.support.AbstractAutowireCapableBeanFactory.createBeanInstance(AbstractAutowireCapableBeanFactory.java:1096)
	at org.springframework.beans.factory.support.AbstractAutowireCapableBeanFactory.doCreateBean(AbstractAutowireCapableBeanFactory.java:535)
	at org.springframework.beans.factory.support.AbstractAutowireCapableBeanFactory.createBean(AbstractAutowireCapableBeanFactory.java:495)
	at org.springframework.beans.factory.support.AbstractBeanFactory.lambda$doGetBean$0(AbstractBeanFactory.java:317)
	at org.springframework.beans.factory.support.DefaultSingletonBeanRegistry.getSingleton(DefaultSingletonBeanRegistry.java:222)
	at org.springframework.beans.factory.support.AbstractBeanFactory.doGetBean(AbstractBeanFactory.java:315)
	at org.springframework.beans.factory.support.AbstractBeanFactory.getBean(AbstractBeanFactory.java:199)
	at org.springframework.beans.factory.config.DependencyDescriptor.resolveCandidate(DependencyDescriptor.java:251)
	at org.springframework.beans.factory.support.DefaultListableBeanFactory.doResolveDependency(DefaultListableBeanFactory.java:1135)
	at org.springframework.beans.factory.support.DefaultListableBeanFactory.resolveDependency(DefaultListableBeanFactory.java:1062)
	at org.springframework.beans.factory.support.ConstructorResolver.resolveAutowiredArgument(ConstructorResolver.java:819)
	at org.springframework.beans.factory.support.ConstructorResolver.createArgumentArray(ConstructorResolver.java:725)
	at org.springframework.beans.factory.support.ConstructorResolver.instantiateUsingFactoryMethod(ConstructorResolver.java:475)
	at org.springframework.beans.factory.support.AbstractAutowireCapableBeanFactory.instantiateUsingFactoryMethod(AbstractAutowireCapableBeanFactory.java:1246)
	at org.springframework.beans.factory.support.AbstractAutowireCapableBeanFactory.createBeanInstance(AbstractAutowireCapableBeanFactory.java:1096)
	at org.springframework.beans.factory.support.AbstractAutowireCapableBeanFactory.doCreateBean(AbstractAutowireCapableBeanFactory.java:535)
	at org.springframework.beans.factory.support.AbstractAutowireCapableBeanFactory.createBean(AbstractAutowireCapableBeanFactory.java:495)
	at org.springframework.beans.factory.support.AbstractBeanFactory.lambda$doGetBean$0(AbstractBeanFactory.java:317)
	at org.springframework.beans.factory.support.DefaultSingletonBeanRegistry.getSingleton(DefaultSingletonBeanRegistry.java:222)
	at org.springframework.beans.factory.support.AbstractBeanFactory.doGetBean(AbstractBeanFactory.java:315)
	at org.springframework.beans.factory.support.AbstractBeanFactory.getBean(AbstractBeanFactory.java:199)
	at org.springframework.beans.factory.config.DependencyDescriptor.resolveCandidate(DependencyDescriptor.java:251)
	at org.springframework.beans.factory.support.DefaultListableBeanFactory.doResolveDependency(DefaultListableBeanFactory.java:1135)
	at org.springframework.beans.factory.support.DefaultListableBeanFactory.resolveDependency(DefaultListableBeanFactory.java:1062)
	at org.springframework.beans.factory.annotation.AutowiredAnnotationBeanPostProcessor$AutowiredFieldElement.inject(AutowiredAnnotationBeanPostProcessor.java:581)
	at org.springframework.beans.factory.annotation.InjectionMetadata.inject(InjectionMetadata.java:90)
	at org.springframework.beans.factory.annotation.AutowiredAnnotationBeanPostProcessor.postProcessPropertyValues(AutowiredAnnotationBeanPostProcessor.java:370)
	at org.springframework.beans.factory.support.AbstractAutowireCapableBeanFactory.populateBean(AbstractAutowireCapableBeanFactory.java:1336)
	at org.springframework.beans.factory.support.AbstractAutowireCapableBeanFactory.doCreateBean(AbstractAutowireCapableBeanFactory.java:572)
	at org.springframework.beans.factory.support.AbstractAutowireCapableBeanFactory.createBean(AbstractAutowireCapableBeanFactory.java:495)
	at org.springframework.beans.factory.support.AbstractBeanFactory.lambda$doGetBean$0(AbstractBeanFactory.java:317)
	at org.springframework.beans.factory.support.DefaultSingletonBeanRegistry.getSingleton(DefaultSingletonBeanRegistry.java:222)
	at org.springframework.beans.factory.support.AbstractBeanFactory.doGetBean(AbstractBeanFactory.java:315)
	at org.springframework.beans.factory.support.AbstractBeanFactory.getBean(AbstractBeanFactory.java:199)
	at org.springframework.beans.factory.support.DefaultListableBeanFactory.preInstantiateSingletons(DefaultListableBeanFactory.java:759)
	at org.springframework.context.support.AbstractApplicationContext.finishBeanFactoryInitialization(AbstractApplicationContext.java:867)
	at org.springframework.context.support.AbstractApplicationContext.refresh(AbstractApplicationContext.java:548)
	at org.springframework.boot.SpringApplication.refresh(SpringApplication.java:754)
	at org.springframework.boot.SpringApplication.refreshContext(SpringApplication.java:386)
	at org.springframework.boot.SpringApplication.run(SpringApplication.java:307)
	at org.springframework.boot.builder.SpringApplicationBuilder.run(SpringApplicationBuilder.java:137)
	at org.springframework.cloud.bootstrap.BootstrapApplicationListener.bootstrapServiceContext(BootstrapApplicationListener.java:197)
	at org.springframework.cloud.bootstrap.BootstrapApplicationListener.onApplicationEvent(BootstrapApplicationListener.java:104)
	at org.springframework.cloud.bootstrap.BootstrapApplicationListener.onApplicationEvent(BootstrapApplicationListener.java:70)
	at org.springframework.context.event.SimpleApplicationEventMulticaster.doInvokeListener(SimpleApplicationEventMulticaster.java:172)
	at org.springframework.context.event.SimpleApplicationEventMulticaster.invokeListener(SimpleApplicationEventMulticaster.java:165)
	at org.springframework.context.event.SimpleApplicationEventMulticaster.multicastEvent(SimpleApplicationEventMulticaster.java:139)
	at org.springframework.context.event.SimpleApplicationEventMulticaster.multicastEvent(SimpleApplicationEventMulticaster.java:127)
	at org.springframework.boot.context.event.EventPublishingRunListener.environmentPrepared(EventPublishingRunListener.java:74)
	at org.springframework.boot.SpringApplicationRunListeners.environmentPrepared(SpringApplicationRunListeners.java:54)
	at org.springframework.boot.SpringApplication.prepareEnvironment(SpringApplication.java:338)
	at org.springframework.boot.SpringApplication.run(SpringApplication.java:297)
	at org.springframework.boot.test.context.SpringBootContextLoader.loadContext(SpringBootContextLoader.java:127)
	at org.springframework.test.context.cache.DefaultCacheAwareContextLoaderDelegate.loadContextInternal(DefaultCacheAwareContextLoaderDelegate.java:99)
	at org.springframework.test.context.cache.DefaultCacheAwareContextLoaderDelegate.loadContext(DefaultCacheAwareContextLoaderDelegate.java:117)
	at org.springframework.test.context.support.DefaultTestContext.getApplicationContext(DefaultTestContext.java:108)
	at org.springframework.test.context.web.ServletTestExecutionListener.setUpRequestContextIfNecessary(ServletTestExecutionListener.java:190)
	at org.springframework.test.context.web.ServletTestExecutionListener.prepareTestInstance(ServletTestExecutionListener.java:132)
	at org.springframework.test.context.TestContextManager.prepareTestInstance(TestContextManager.java:246)
	at org.springframework.test.context.junit4.SpringJUnit4ClassRunner.createTest(SpringJUnit4ClassRunner.java:227)
	at org.springframework.test.context.junit4.SpringJUnit4ClassRunner$1.runReflectiveCall(SpringJUnit4ClassRunner.java:289)
	at org.junit.internal.runners.model.ReflectiveCallable.run(ReflectiveCallable.java:12)
	at org.springframework.test.context.junit4.SpringJUnit4ClassRunner.methodBlock(SpringJUnit4ClassRunner.java:291)
	at org.springframework.test.context.junit4.SpringJUnit4ClassRunner.runChild(SpringJUnit4ClassRunner.java:246)
	at org.springframework.test.context.junit4.SpringJUnit4ClassRunner.runChild(SpringJUnit4ClassRunner.java:97)
	at org.junit.runners.ParentRunner$3.run(ParentRunner.java:290)
	at org.junit.runners.ParentRunner$1.schedule(ParentRunner.java:71)
	at org.junit.runners.ParentRunner.runChildren(ParentRunner.java:288)
	at org.junit.runners.ParentRunner.access$000(ParentRunner.java:58)
	at org.junit.runners.ParentRunner$2.evaluate(ParentRunner.java:268)
	at org.springframework.test.context.junit4.statements.RunBeforeTestClassCallbacks.evaluate(RunBeforeTestClassCallbacks.java:61)
	at org.springframework.test.context.junit4.statements.RunAfterTestClassCallbacks.evaluate(RunAfterTestClassCallbacks.java:70)
	at org.junit.runners.ParentRunner.run(ParentRunner.java:363)
	at org.springframework.test.context.junit4.SpringJUnit4ClassRunner.run(SpringJUnit4ClassRunner.java:190)
	at org.apache.maven.surefire.junit4.JUnit4Provider.execute(JUnit4Provider.java:365)
	at org.apache.maven.surefire.junit4.JUnit4Provider.executeWithRerun(JUnit4Provider.java:273)
	at org.apache.maven.surefire.junit4.JUnit4Provider.executeTestSet(JUnit4Provider.java:238)
	at org.apache.maven.surefire.junit4.JUnit4Provider.invoke(JUnit4Provider.java:159)
	at org.apache.maven.surefire.booter.ForkedBooter.invokeProviderInSameClassLoader(ForkedBooter.java:379)
	at org.apache.maven.surefire.booter.ForkedBooter.runSuitesInProcess(ForkedBooter.java:340)
	at org.apache.maven.surefire.booter.ForkedBooter.execute(ForkedBooter.java:125)
	at org.apache.maven.surefire.booter.ForkedBooter.main(ForkedBooter.java:413)
Caused by: java.net.ConnectException: Connection refused: connect
	at java.net.DualStackPlainSocketImpl.waitForConnect(Native Method)
	at java.net.DualStackPlainSocketImpl.socketConnect(DualStackPlainSocketImpl.java:85)
	at java.net.AbstractPlainSocketImpl.doConnect(AbstractPlainSocketImpl.java:350)
	at java.net.AbstractPlainSocketImpl.connectToAddress(AbstractPlainSocketImpl.java:206)
	at java.net.AbstractPlainSocketImpl.connect(AbstractPlainSocketImpl.java:188)
	at java.net.PlainSocketImpl.connect(PlainSocketImpl.java:172)
	at java.net.SocksSocketImpl.connect(SocksSocketImpl.java:392)
	at java.net.Socket.connect(Socket.java:589)
	at org.apache.http.conn.scheme.PlainSocketFactory.connectSocket(PlainSocketFactory.java:121)
	at org.apache.http.impl.conn.DefaultClientConnectionOperator.openConnection(DefaultClientConnectionOperator.java:180)
	at org.apache.http.impl.conn.AbstractPoolEntry.open(AbstractPoolEntry.java:144)
	at org.apache.http.impl.conn.AbstractPooledConnAdapter.open(AbstractPooledConnAdapter.java:134)
	at org.apache.http.impl.client.DefaultRequestDirector.tryConnect(DefaultRequestDirector.java:610)
	at org.apache.http.impl.client.DefaultRequestDirector.execute(DefaultRequestDirector.java:445)
	at org.apache.http.impl.client.AbstractHttpClient.doExecute(AbstractHttpClient.java:835)
	at org.apache.http.impl.client.CloseableHttpClient.execute(CloseableHttpClient.java:118)
	at org.apache.http.impl.client.CloseableHttpClient.execute(CloseableHttpClient.java:56)
	at com.sun.jersey.client.apache4.ApacheHttpClient4Handler.handle(ApacheHttpClient4Handler.java:173)
	... 135 common frames omitted
[2018-12-26 18:25:57.678] [main] [WARN ] c.n.d.s.t.decorator.RetryableEurekaHttpClient - Request execution failed with message: java.net.ConnectException: Connection refused: connect
[2018-12-26 18:25:57.679] [main] [ERROR] com.netflix.discovery.DiscoveryClient - DiscoveryClient_OMS-PROVIDER-REBATE/host.docker.internal:oms-provider-rebate:-1 - was unable to refresh its cache! status = Cannot execute request on any known server
com.netflix.discovery.shared.transport.TransportException: Cannot execute request on any known server
	at com.netflix.discovery.shared.transport.decorator.RetryableEurekaHttpClient.execute(RetryableEurekaHttpClient.java:112)
	at com.netflix.discovery.shared.transport.decorator.EurekaHttpClientDecorator.getApplications(EurekaHttpClientDecorator.java:134)
	at com.netflix.discovery.shared.transport.decorator.EurekaHttpClientDecorator$6.execute(EurekaHttpClientDecorator.java:137)
	at com.netflix.discovery.shared.transport.decorator.SessionedEurekaHttpClient.execute(SessionedEurekaHttpClient.java:77)
	at com.netflix.discovery.shared.transport.decorator.EurekaHttpClientDecorator.getApplications(EurekaHttpClientDecorator.java:134)
	at com.netflix.discovery.DiscoveryClient.getAndStoreFullRegistry(DiscoveryClient.java:1051)
	at com.netflix.discovery.DiscoveryClient.fetchRegistry(DiscoveryClient.java:965)
	at com.netflix.discovery.DiscoveryClient.<init>(DiscoveryClient.java:414)
	at com.netflix.discovery.DiscoveryClient.<init>(DiscoveryClient.java:269)
	at org.springframework.cloud.netflix.eureka.CloudEurekaClient.<init>(CloudEurekaClient.java:63)
	at org.springframework.cloud.netflix.eureka.EurekaClientAutoConfiguration$EurekaClientConfiguration.eurekaClient(EurekaClientAutoConfiguration.java:247)
	at org.springframework.cloud.netflix.eureka.EurekaClientAutoConfiguration$EurekaClientConfiguration$$EnhancerBySpringCGLIB$$362f05f1.CGLIB$eurekaClient$0(<generated>)
	at org.springframework.cloud.netflix.eureka.EurekaClientAutoConfiguration$EurekaClientConfiguration$$EnhancerBySpringCGLIB$$362f05f1$$FastClassBySpringCGLIB$$7e5f1d88.invoke(<generated>)
	at org.springframework.cglib.proxy.MethodProxy.invokeSuper(MethodProxy.java:228)
	at org.springframework.context.annotation.ConfigurationClassEnhancer$BeanMethodInterceptor.intercept(ConfigurationClassEnhancer.java:365)
	at org.springframework.cloud.netflix.eureka.EurekaClientAutoConfiguration$EurekaClientConfiguration$$EnhancerBySpringCGLIB$$362f05f1.eurekaClient(<generated>)
	at sun.reflect.NativeMethodAccessorImpl.invoke0(Native Method)
	at sun.reflect.NativeMethodAccessorImpl.invoke(NativeMethodAccessorImpl.java:62)
	at sun.reflect.DelegatingMethodAccessorImpl.invoke(DelegatingMethodAccessorImpl.java:43)
	at java.lang.reflect.Method.invoke(Method.java:498)
	at org.springframework.beans.factory.support.SimpleInstantiationStrategy.instantiate(SimpleInstantiationStrategy.java:154)
	at org.springframework.beans.factory.support.ConstructorResolver.instantiateUsingFactoryMethod(ConstructorResolver.java:583)
	at org.springframework.beans.factory.support.AbstractAutowireCapableBeanFactory.instantiateUsingFactoryMethod(AbstractAutowireCapableBeanFactory.java:1246)
	at org.springframework.beans.factory.support.AbstractAutowireCapableBeanFactory.createBeanInstance(AbstractAutowireCapableBeanFactory.java:1096)
	at org.springframework.beans.factory.support.AbstractAutowireCapableBeanFactory.doCreateBean(AbstractAutowireCapableBeanFactory.java:535)
	at org.springframework.beans.factory.support.AbstractAutowireCapableBeanFactory.createBean(AbstractAutowireCapableBeanFactory.java:495)
	at org.springframework.beans.factory.support.AbstractBeanFactory.lambda$doGetBean$0(AbstractBeanFactory.java:317)
	at org.springframework.beans.factory.support.DefaultSingletonBeanRegistry.getSingleton(DefaultSingletonBeanRegistry.java:222)
	at org.springframework.beans.factory.support.AbstractBeanFactory.doGetBean(AbstractBeanFactory.java:315)
	at org.springframework.beans.factory.support.AbstractBeanFactory.getBean(AbstractBeanFactory.java:199)
	at org.springframework.beans.factory.config.DependencyDescriptor.resolveCandidate(DependencyDescriptor.java:251)
	at org.springframework.beans.factory.support.DefaultListableBeanFactory.doResolveDependency(DefaultListableBeanFactory.java:1135)
	at org.springframework.beans.factory.support.DefaultListableBeanFactory.resolveDependency(DefaultListableBeanFactory.java:1062)
	at org.springframework.beans.factory.support.ConstructorResolver.resolveAutowiredArgument(ConstructorResolver.java:819)
	at org.springframework.beans.factory.support.ConstructorResolver.createArgumentArray(ConstructorResolver.java:725)
	at org.springframework.beans.factory.support.ConstructorResolver.instantiateUsingFactoryMethod(ConstructorResolver.java:475)
	at org.springframework.beans.factory.support.AbstractAutowireCapableBeanFactory.instantiateUsingFactoryMethod(AbstractAutowireCapableBeanFactory.java:1246)
	at org.springframework.beans.factory.support.AbstractAutowireCapableBeanFactory.createBeanInstance(AbstractAutowireCapableBeanFactory.java:1096)
	at org.springframework.beans.factory.support.AbstractAutowireCapableBeanFactory.doCreateBean(AbstractAutowireCapableBeanFactory.java:535)
	at org.springframework.beans.factory.support.AbstractAutowireCapableBeanFactory.createBean(AbstractAutowireCapableBeanFactory.java:495)
	at org.springframework.beans.factory.support.AbstractBeanFactory.lambda$doGetBean$0(AbstractBeanFactory.java:317)
	at org.springframework.beans.factory.support.DefaultSingletonBeanRegistry.getSingleton(DefaultSingletonBeanRegistry.java:222)
	at org.springframework.beans.factory.support.AbstractBeanFactory.doGetBean(AbstractBeanFactory.java:315)
	at org.springframework.beans.factory.support.AbstractBeanFactory.getBean(AbstractBeanFactory.java:199)
	at org.springframework.beans.factory.config.DependencyDescriptor.resolveCandidate(DependencyDescriptor.java:251)
	at org.springframework.beans.factory.support.DefaultListableBeanFactory.doResolveDependency(DefaultListableBeanFactory.java:1135)
	at org.springframework.beans.factory.support.DefaultListableBeanFactory.resolveDependency(DefaultListableBeanFactory.java:1062)
	at org.springframework.beans.factory.support.ConstructorResolver.resolveAutowiredArgument(ConstructorResolver.java:819)
	at org.springframework.beans.factory.support.ConstructorResolver.createArgumentArray(ConstructorResolver.java:725)
	at org.springframework.beans.factory.support.ConstructorResolver.instantiateUsingFactoryMethod(ConstructorResolver.java:475)
	at org.springframework.beans.factory.support.AbstractAutowireCapableBeanFactory.instantiateUsingFactoryMethod(AbstractAutowireCapableBeanFactory.java:1246)
	at org.springframework.beans.factory.support.AbstractAutowireCapableBeanFactory.createBeanInstance(AbstractAutowireCapableBeanFactory.java:1096)
	at org.springframework.beans.factory.support.AbstractAutowireCapableBeanFactory.doCreateBean(AbstractAutowireCapableBeanFactory.java:535)
	at org.springframework.beans.factory.support.AbstractAutowireCapableBeanFactory.createBean(AbstractAutowireCapableBeanFactory.java:495)
	at org.springframework.beans.factory.support.AbstractBeanFactory.lambda$doGetBean$0(AbstractBeanFactory.java:317)
	at org.springframework.beans.factory.support.DefaultSingletonBeanRegistry.getSingleton(DefaultSingletonBeanRegistry.java:222)
	at org.springframework.beans.factory.support.AbstractBeanFactory.doGetBean(AbstractBeanFactory.java:315)
	at org.springframework.beans.factory.support.AbstractBeanFactory.getBean(AbstractBeanFactory.java:199)
	at org.springframework.beans.factory.config.DependencyDescriptor.resolveCandidate(DependencyDescriptor.java:251)
	at org.springframework.beans.factory.support.DefaultListableBeanFactory.doResolveDependency(DefaultListableBeanFactory.java:1135)
	at org.springframework.beans.factory.support.DefaultListableBeanFactory.resolveDependency(DefaultListableBeanFactory.java:1062)
	at org.springframework.beans.factory.annotation.AutowiredAnnotationBeanPostProcessor$AutowiredFieldElement.inject(AutowiredAnnotationBeanPostProcessor.java:581)
	at org.springframework.beans.factory.annotation.InjectionMetadata.inject(InjectionMetadata.java:90)
	at org.springframework.beans.factory.annotation.AutowiredAnnotationBeanPostProcessor.postProcessPropertyValues(AutowiredAnnotationBeanPostProcessor.java:370)
	at org.springframework.beans.factory.support.AbstractAutowireCapableBeanFactory.populateBean(AbstractAutowireCapableBeanFactory.java:1336)
	at org.springframework.beans.factory.support.AbstractAutowireCapableBeanFactory.doCreateBean(AbstractAutowireCapableBeanFactory.java:572)
	at org.springframework.beans.factory.support.AbstractAutowireCapableBeanFactory.createBean(AbstractAutowireCapableBeanFactory.java:495)
	at org.springframework.beans.factory.support.AbstractBeanFactory.lambda$doGetBean$0(AbstractBeanFactory.java:317)
	at org.springframework.beans.factory.support.DefaultSingletonBeanRegistry.getSingleton(DefaultSingletonBeanRegistry.java:222)
	at org.springframework.beans.factory.support.AbstractBeanFactory.doGetBean(AbstractBeanFactory.java:315)
	at org.springframework.beans.factory.support.AbstractBeanFactory.getBean(AbstractBeanFactory.java:199)
	at org.springframework.beans.factory.support.DefaultListableBeanFactory.preInstantiateSingletons(DefaultListableBeanFactory.java:759)
	at org.springframework.context.support.AbstractApplicationContext.finishBeanFactoryInitialization(AbstractApplicationContext.java:867)
	at org.springframework.context.support.AbstractApplicationContext.refresh(AbstractApplicationContext.java:548)
	at org.springframework.boot.SpringApplication.refresh(SpringApplication.java:754)
	at org.springframework.boot.SpringApplication.refreshContext(SpringApplication.java:386)
	at org.springframework.boot.SpringApplication.run(SpringApplication.java:307)
	at org.springframework.boot.builder.SpringApplicationBuilder.run(SpringApplicationBuilder.java:137)
	at org.springframework.cloud.bootstrap.BootstrapApplicationListener.bootstrapServiceContext(BootstrapApplicationListener.java:197)
	at org.springframework.cloud.bootstrap.BootstrapApplicationListener.onApplicationEvent(BootstrapApplicationListener.java:104)
	at org.springframework.cloud.bootstrap.BootstrapApplicationListener.onApplicationEvent(BootstrapApplicationListener.java:70)
	at org.springframework.context.event.SimpleApplicationEventMulticaster.doInvokeListener(SimpleApplicationEventMulticaster.java:172)
	at org.springframework.context.event.SimpleApplicationEventMulticaster.invokeListener(SimpleApplicationEventMulticaster.java:165)
	at org.springframework.context.event.SimpleApplicationEventMulticaster.multicastEvent(SimpleApplicationEventMulticaster.java:139)
	at org.springframework.context.event.SimpleApplicationEventMulticaster.multicastEvent(SimpleApplicationEventMulticaster.java:127)
	at org.springframework.boot.context.event.EventPublishingRunListener.environmentPrepared(EventPublishingRunListener.java:74)
	at org.springframework.boot.SpringApplicationRunListeners.environmentPrepared(SpringApplicationRunListeners.java:54)
	at org.springframework.boot.SpringApplication.prepareEnvironment(SpringApplication.java:338)
	at org.springframework.boot.SpringApplication.run(SpringApplication.java:297)
	at org.springframework.boot.test.context.SpringBootContextLoader.loadContext(SpringBootContextLoader.java:127)
	at org.springframework.test.context.cache.DefaultCacheAwareContextLoaderDelegate.loadContextInternal(DefaultCacheAwareContextLoaderDelegate.java:99)
	at org.springframework.test.context.cache.DefaultCacheAwareContextLoaderDelegate.loadContext(DefaultCacheAwareContextLoaderDelegate.java:117)
	at org.springframework.test.context.support.DefaultTestContext.getApplicationContext(DefaultTestContext.java:108)
	at org.springframework.test.context.web.ServletTestExecutionListener.setUpRequestContextIfNecessary(ServletTestExecutionListener.java:190)
	at org.springframework.test.context.web.ServletTestExecutionListener.prepareTestInstance(ServletTestExecutionListener.java:132)
	at org.springframework.test.context.TestContextManager.prepareTestInstance(TestContextManager.java:246)
	at org.springframework.test.context.junit4.SpringJUnit4ClassRunner.createTest(SpringJUnit4ClassRunner.java:227)
	at org.springframework.test.context.junit4.SpringJUnit4ClassRunner$1.runReflectiveCall(SpringJUnit4ClassRunner.java:289)
	at org.junit.internal.runners.model.ReflectiveCallable.run(ReflectiveCallable.java:12)
	at org.springframework.test.context.junit4.SpringJUnit4ClassRunner.methodBlock(SpringJUnit4ClassRunner.java:291)
	at org.springframework.test.context.junit4.SpringJUnit4ClassRunner.runChild(SpringJUnit4ClassRunner.java:246)
	at org.springframework.test.context.junit4.SpringJUnit4ClassRunner.runChild(SpringJUnit4ClassRunner.java:97)
	at org.junit.runners.ParentRunner$3.run(ParentRunner.java:290)
	at org.junit.runners.ParentRunner$1.schedule(ParentRunner.java:71)
	at org.junit.runners.ParentRunner.runChildren(ParentRunner.java:288)
	at org.junit.runners.ParentRunner.access$000(ParentRunner.java:58)
	at org.junit.runners.ParentRunner$2.evaluate(ParentRunner.java:268)
	at org.springframework.test.context.junit4.statements.RunBeforeTestClassCallbacks.evaluate(RunBeforeTestClassCallbacks.java:61)
	at org.springframework.test.context.junit4.statements.RunAfterTestClassCallbacks.evaluate(RunAfterTestClassCallbacks.java:70)
	at org.junit.runners.ParentRunner.run(ParentRunner.java:363)
	at org.springframework.test.context.junit4.SpringJUnit4ClassRunner.run(SpringJUnit4ClassRunner.java:190)
	at org.apache.maven.surefire.junit4.JUnit4Provider.execute(JUnit4Provider.java:365)
	at org.apache.maven.surefire.junit4.JUnit4Provider.executeWithRerun(JUnit4Provider.java:273)
	at org.apache.maven.surefire.junit4.JUnit4Provider.executeTestSet(JUnit4Provider.java:238)
	at org.apache.maven.surefire.junit4.JUnit4Provider.invoke(JUnit4Provider.java:159)
	at org.apache.maven.surefire.booter.ForkedBooter.invokeProviderInSameClassLoader(ForkedBooter.java:379)
	at org.apache.maven.surefire.booter.ForkedBooter.runSuitesInProcess(ForkedBooter.java:340)
	at org.apache.maven.surefire.booter.ForkedBooter.execute(ForkedBooter.java:125)
	at org.apache.maven.surefire.booter.ForkedBooter.main(ForkedBooter.java:413)
[2018-12-26 18:25:57.680] [main] [WARN ] com.netflix.discovery.DiscoveryClient - Using default backup registry implementation which does not do anything.
[2018-12-26 18:25:57.682] [main] [INFO ] com.netflix.discovery.DiscoveryClient - Not registering with Eureka server per configuration
[2018-12-26 18:25:57.689] [main] [INFO ] com.netflix.discovery.DiscoveryClient - Discovery Client initialized at timestamp 1545819957685 with initial instances count: 0
[2018-12-26 18:25:57.775] [main] [WARN ] o.s.c.c.c.DiscoveryClientConfigServiceBootstrapConfiguration - Could not locate configserver via discovery
java.lang.IllegalStateException: No instances found of configserver (microservice-config-server)
	at org.springframework.cloud.config.client.ConfigServerInstanceProvider.getConfigServerInstances(ConfigServerInstanceProvider.java:25)
	at org.springframework.cloud.config.client.DiscoveryClientConfigServiceBootstrapConfiguration.refresh(DiscoveryClientConfigServiceBootstrapConfiguration.java:84)
	at org.springframework.cloud.config.client.DiscoveryClientConfigServiceBootstrapConfiguration.startup(DiscoveryClientConfigServiceBootstrapConfiguration.java:69)
	at sun.reflect.NativeMethodAccessorImpl.invoke0(Native Method)
	at sun.reflect.NativeMethodAccessorImpl.invoke(NativeMethodAccessorImpl.java:62)
	at sun.reflect.DelegatingMethodAccessorImpl.invoke(DelegatingMethodAccessorImpl.java:43)
	at java.lang.reflect.Method.invoke(Method.java:498)
	at org.springframework.context.event.ApplicationListenerMethodAdapter.doInvoke(ApplicationListenerMethodAdapter.java:261)
	at org.springframework.context.event.ApplicationListenerMethodAdapter.processEvent(ApplicationListenerMethodAdapter.java:180)
	at org.springframework.context.event.ApplicationListenerMethodAdapter.onApplicationEvent(ApplicationListenerMethodAdapter.java:142)
	at org.springframework.context.event.SimpleApplicationEventMulticaster.doInvokeListener(SimpleApplicationEventMulticaster.java:172)
	at org.springframework.context.event.SimpleApplicationEventMulticaster.invokeListener(SimpleApplicationEventMulticaster.java:165)
	at org.springframework.context.event.SimpleApplicationEventMulticaster.multicastEvent(SimpleApplicationEventMulticaster.java:139)
	at org.springframework.context.support.AbstractApplicationContext.publishEvent(AbstractApplicationContext.java:400)
	at org.springframework.context.support.AbstractApplicationContext.publishEvent(AbstractApplicationContext.java:354)
	at org.springframework.context.support.AbstractApplicationContext.finishRefresh(AbstractApplicationContext.java:886)
	at org.springframework.context.support.AbstractApplicationContext.refresh(AbstractApplicationContext.java:551)
	at org.springframework.boot.SpringApplication.refresh(SpringApplication.java:754)
	at org.springframework.boot.SpringApplication.refreshContext(SpringApplication.java:386)
	at org.springframework.boot.SpringApplication.run(SpringApplication.java:307)
	at org.springframework.boot.builder.SpringApplicationBuilder.run(SpringApplicationBuilder.java:137)
	at org.springframework.cloud.bootstrap.BootstrapApplicationListener.bootstrapServiceContext(BootstrapApplicationListener.java:197)
	at org.springframework.cloud.bootstrap.BootstrapApplicationListener.onApplicationEvent(BootstrapApplicationListener.java:104)
	at org.springframework.cloud.bootstrap.BootstrapApplicationListener.onApplicationEvent(BootstrapApplicationListener.java:70)
	at org.springframework.context.event.SimpleApplicationEventMulticaster.doInvokeListener(SimpleApplicationEventMulticaster.java:172)
	at org.springframework.context.event.SimpleApplicationEventMulticaster.invokeListener(SimpleApplicationEventMulticaster.java:165)
	at org.springframework.context.event.SimpleApplicationEventMulticaster.multicastEvent(SimpleApplicationEventMulticaster.java:139)
	at org.springframework.context.event.SimpleApplicationEventMulticaster.multicastEvent(SimpleApplicationEventMulticaster.java:127)
	at org.springframework.boot.context.event.EventPublishingRunListener.environmentPrepared(EventPublishingRunListener.java:74)
	at org.springframework.boot.SpringApplicationRunListeners.environmentPrepared(SpringApplicationRunListeners.java:54)
	at org.springframework.boot.SpringApplication.prepareEnvironment(SpringApplication.java:338)
	at org.springframework.boot.SpringApplication.run(SpringApplication.java:297)
	at org.springframework.boot.test.context.SpringBootContextLoader.loadContext(SpringBootContextLoader.java:127)
	at org.springframework.test.context.cache.DefaultCacheAwareContextLoaderDelegate.loadContextInternal(DefaultCacheAwareContextLoaderDelegate.java:99)
	at org.springframework.test.context.cache.DefaultCacheAwareContextLoaderDelegate.loadContext(DefaultCacheAwareContextLoaderDelegate.java:117)
	at org.springframework.test.context.support.DefaultTestContext.getApplicationContext(DefaultTestContext.java:108)
	at org.springframework.test.context.web.ServletTestExecutionListener.setUpRequestContextIfNecessary(ServletTestExecutionListener.java:190)
	at org.springframework.test.context.web.ServletTestExecutionListener.prepareTestInstance(ServletTestExecutionListener.java:132)
	at org.springframework.test.context.TestContextManager.prepareTestInstance(TestContextManager.java:246)
	at org.springframework.test.context.junit4.SpringJUnit4ClassRunner.createTest(SpringJUnit4ClassRunner.java:227)
	at org.springframework.test.context.junit4.SpringJUnit4ClassRunner$1.runReflectiveCall(SpringJUnit4ClassRunner.java:289)
	at org.junit.internal.runners.model.ReflectiveCallable.run(ReflectiveCallable.java:12)
	at org.springframework.test.context.junit4.SpringJUnit4ClassRunner.methodBlock(SpringJUnit4ClassRunner.java:291)
	at org.springframework.test.context.junit4.SpringJUnit4ClassRunner.runChild(SpringJUnit4ClassRunner.java:246)
	at org.springframework.test.context.junit4.SpringJUnit4ClassRunner.runChild(SpringJUnit4ClassRunner.java:97)
	at org.junit.runners.ParentRunner$3.run(ParentRunner.java:290)
	at org.junit.runners.ParentRunner$1.schedule(ParentRunner.java:71)
	at org.junit.runners.ParentRunner.runChildren(ParentRunner.java:288)
	at org.junit.runners.ParentRunner.access$000(ParentRunner.java:58)
	at org.junit.runners.ParentRunner$2.evaluate(ParentRunner.java:268)
	at org.springframework.test.context.junit4.statements.RunBeforeTestClassCallbacks.evaluate(RunBeforeTestClassCallbacks.java:61)
	at org.springframework.test.context.junit4.statements.RunAfterTestClassCallbacks.evaluate(RunAfterTestClassCallbacks.java:70)
	at org.junit.runners.ParentRunner.run(ParentRunner.java:363)
	at org.springframework.test.context.junit4.SpringJUnit4ClassRunner.run(SpringJUnit4ClassRunner.java:190)
	at org.apache.maven.surefire.junit4.JUnit4Provider.execute(JUnit4Provider.java:365)
	at org.apache.maven.surefire.junit4.JUnit4Provider.executeWithRerun(JUnit4Provider.java:273)
	at org.apache.maven.surefire.junit4.JUnit4Provider.executeTestSet(JUnit4Provider.java:238)
	at org.apache.maven.surefire.junit4.JUnit4Provider.invoke(JUnit4Provider.java:159)
	at org.apache.maven.surefire.booter.ForkedBooter.invokeProviderInSameClassLoader(ForkedBooter.java:379)
	at org.apache.maven.surefire.booter.ForkedBooter.runSuitesInProcess(ForkedBooter.java:340)
	at org.apache.maven.surefire.booter.ForkedBooter.execute(ForkedBooter.java:125)
	at org.apache.maven.surefire.booter.ForkedBooter.main(ForkedBooter.java:413)
18:25:57,965 |-INFO in ch.qos.logback.core.joran.action.AppenderAction - About to instantiate appender of type [ch.qos.logback.core.ConsoleAppender]
18:25:57,965 |-INFO in ch.qos.logback.core.joran.action.AppenderAction - Naming appender as [CONSOLE]
18:25:57,966 |-INFO in ch.qos.logback.classic.joran.action.LoggerAction - Setting level of logger [org.hibernate.type.descriptor.sql.BasicBinder] to TRACE
18:25:57,967 |-INFO in ch.qos.logback.classic.jul.LevelChangePropagator@2d272b0d - Propagating TRACE level on Logger[org.hibernate.type.descriptor.sql.BasicBinder] onto the JUL framework
18:25:57,967 |-INFO in ch.qos.logback.classic.joran.action.LoggerAction - Setting level of logger [org.hibernate.type.descriptor.sql.BasicExtractor] to DEBUG
18:25:57,967 |-INFO in ch.qos.logback.classic.jul.LevelChangePropagator@2d272b0d - Propagating DEBUG level on Logger[org.hibernate.type.descriptor.sql.BasicExtractor] onto the JUL framework
18:25:57,967 |-INFO in ch.qos.logback.classic.joran.action.LoggerAction - Setting level of logger [org.hibernate.SQL] to DEBUG
18:25:57,967 |-INFO in ch.qos.logback.classic.jul.LevelChangePropagator@2d272b0d - Propagating DEBUG level on Logger[org.hibernate.SQL] onto the JUL framework
18:25:57,967 |-INFO in ch.qos.logback.classic.joran.action.LoggerAction - Setting level of logger [org.hibernate.engine.QueryParameters] to DEBUG
18:25:57,967 |-INFO in ch.qos.logback.classic.jul.LevelChangePropagator@2d272b0d - Propagating DEBUG level on Logger[org.hibernate.engine.QueryParameters] onto the JUL framework
18:25:57,967 |-INFO in ch.qos.logback.classic.joran.action.LoggerAction - Setting level of logger [org.hibernate.engine.query.HQLQueryPlan] to DEBUG
18:25:57,967 |-INFO in ch.qos.logback.classic.jul.LevelChangePropagator@2d272b0d - Propagating DEBUG level on Logger[org.hibernate.engine.query.HQLQueryPlan] onto the JUL framework
18:25:57,967 |-INFO in ch.qos.logback.classic.joran.action.RootLoggerAction - Setting level of ROOT logger to INFO
18:25:57,967 |-INFO in ch.qos.logback.classic.jul.LevelChangePropagator@2d272b0d - Propagating INFO level on Logger[ROOT] onto the JUL framework
18:25:57,967 |-INFO in ch.qos.logback.core.joran.action.AppenderRefAction - Attaching appender named [CONSOLE] to Logger[ROOT]
18:25:57,967 |-INFO in ch.qos.logback.classic.joran.action.ConfigurationAction - End of configuration.
18:25:57,967 |-INFO in org.springframework.boot.logging.logback.SpringBootJoranConfigurator@3727f0ee - Registering current configuration as safe fallback point
18:25:57,969 |-INFO in ch.qos.logback.classic.jul.LevelChangePropagator@2d272b0d - Propagating DEBUG level on Logger[com.codingapi] onto the JUL framework

        >=>                 >=>          >==>    >=>
        >=>              >=>   >=>       >> >=>  >=>
        >=>             >=>              >=> >=> >=>
        >=>             >=>              >=>  >=>>=>
        >=>             >=>              >=>   > >=>
        >=>              >=>   >=>       >=>    >>=>
        >=======>          >===>         >=>     >=>

        LCN-Client version:4.1.0




[2018-12-26 18:25:57.994] [main] [INFO ] o.s.c.c.client.ConfigServicePropertySourceLocator - Fetching config from server at : http://localhost:8888
[2018-12-26 18:25:59.063] [main] [INFO ] o.s.c.c.client.ConfigServicePropertySourceLocator - Connect Timeout Exception on Url - http://localhost:8888. Will be trying the next url if available
[2018-12-26 18:25:59.064] [main] [WARN ] o.s.c.c.client.ConfigServicePropertySourceLocator - Could not locate PropertySource: I/O error on GET request for "http://localhost:8888/oms-provider-rebate/base": Connection refused: connect; nested exception is java.net.ConnectException: Connection refused: connect
[2018-12-26 18:25:59.071] [main] [INFO ] com.lt.cloud.OmProviderRebateApplicationTests - No active profile set, falling back to default profiles: default
[2018-12-26 18:25:59.075] [main] [INFO ] o.s.w.context.support.GenericWebApplicationContext - Refreshing org.springframework.web.context.support.GenericWebApplicationContext@2b34e38c: startup date [Wed Dec 26 18:25:59 CST 2018]; parent: org.springframework.context.annotation.AnnotationConfigApplicationContext@1941a8ff
[2018-12-26 18:26:00.188] [main] [INFO ] o.s.integration.config.IntegrationRegistrar - No bean named 'integrationHeaderChannelRegistry' has been explicitly defined. Therefore, a default DefaultHeaderChannelRegistry will be created.
[2018-12-26 18:26:00.240] [main] [INFO ] o.s.c.a.ConfigurationClassBeanDefinitionReader - Skipping bean definition for [BeanMethod:name=configurableCompositeMessageConverter,declaringClass=org.springframework.cloud.stream.config.ContentTypeConfiguration]: a definition for bean 'integrationArgumentResolverMessageConverter' already exists. This top-level bean definition is considered as an override.
[2018-12-26 18:26:00.673] [main] [INFO ] o.springframework.cloud.context.scope.GenericScope - BeanFactory id=92b6f039-f4ca-32ed-ae63-993b32381ff7
[2018-12-26 18:26:00.781] [main] [INFO ] o.s.i.c.DefaultConfiguringBeanFactoryPostProcessor - No bean named 'errorChannel' has been explicitly defined. Therefore, a default PublishSubscribeChannel will be created.
[2018-12-26 18:26:00.783] [main] [INFO ] o.s.i.c.DefaultConfiguringBeanFactoryPostProcessor - No bean named 'taskScheduler' has been explicitly defined. Therefore, a default ThreadPoolTaskScheduler will be created.
[2018-12-26 18:26:00.802] [main] [INFO ] o.s.b.f.a.AutowiredAnnotationBeanPostProcessor - JSR-330 'javax.inject.Inject' annotation found and supported for autowiring
[2018-12-26 18:26:00.884] [main] [INFO ] o.s.c.s.PostProcessorRegistrationDelegate$BeanPostProcessorChecker - Bean 'org.springframework.amqp.rabbit.annotation.RabbitBootstrapConfiguration' of type [org.springframework.amqp.rabbit.annotation.RabbitBootstrapConfiguration$$EnhancerBySpringCGLIB$$7cda7222] is not eligible for getting processed by all BeanPostProcessors (for example: not eligible for auto-proxying)
[2018-12-26 18:26:01.059] [main] [INFO ] o.s.c.s.PostProcessorRegistrationDelegate$BeanPostProcessorChecker - Bean 'org.springframework.transaction.annotation.ProxyTransactionManagementConfiguration' of type [org.springframework.transaction.annotation.ProxyTransactionManagementConfiguration$$EnhancerBySpringCGLIB$$b66eb3f4] is not eligible for getting processed by all BeanPostProcessors (for example: not eligible for auto-proxying)
[2018-12-26 18:26:01.296] [main] [INFO ] o.s.c.s.PostProcessorRegistrationDelegate$BeanPostProcessorChecker - Bean 'org.springframework.integration.config.IntegrationManagementConfiguration' of type [org.springframework.integration.config.IntegrationManagementConfiguration$$EnhancerBySpringCGLIB$$21606f23] is not eligible for getting processed by all BeanPostProcessors (for example: not eligible for auto-proxying)
[2018-12-26 18:26:01.348] [main] [INFO ] o.s.c.s.PostProcessorRegistrationDelegate$BeanPostProcessorChecker - Bean 'org.springframework.cloud.autoconfigure.ConfigurationPropertiesRebinderAutoConfiguration' of type [org.springframework.cloud.autoconfigure.ConfigurationPropertiesRebinderAutoConfiguration$$EnhancerBySpringCGLIB$$d288b6f1] is not eligible for getting processed by all BeanPostProcessors (for example: not eligible for auto-proxying)
[2018-12-26 18:26:01.541] [main] [INFO ] org.springframework.aop.framework.CglibAopProxy - Final method [protected final void com.alibaba.druid.pool.DruidDataSource.handleFatalError(com.alibaba.druid.pool.DruidPooledConnection,java.sql.SQLException,java.lang.String) throws java.sql.SQLException] cannot get proxied via CGLIB: Calls to this method will NOT be routed to the target instance and might lead to NPEs against uninitialized fields in the proxy instance.
[2018-12-26 18:26:01.875] [main] [INFO ] o.s.orm.jpa.LocalContainerEntityManagerFactoryBean - Building JPA container EntityManagerFactory for persistence unit 'default'
[2018-12-26 18:26:01.911] [main] [INFO ] org.hibernate.jpa.internal.util.LogHelper - HHH000204: Processing PersistenceUnitInfo [
	name: default
	...]
[2018-12-26 18:26:02.016] [main] [INFO ] org.hibernate.Version - HHH000412: Hibernate Core {5.2.17.Final}
[2018-12-26 18:26:02.019] [main] [INFO ] org.hibernate.cfg.Environment - HHH000206: hibernate.properties not found
[2018-12-26 18:26:02.089] [main] [INFO ] org.hibernate.annotations.common.Version - HCANN000001: Hibernate Commons Annotations {5.0.1.Final}
[2018-12-26 18:26:02.416] [main] [INFO ] c.codingapi.tx.datasource.aspect.DataSourceAspect - getConnection-start---->
[2018-12-26 18:26:02.416] [main] [INFO ] com.codingapi.tx.datasource.AbstractResourceProxy - loadConnection -> null !
[2018-12-26 18:26:02.478] [main] [ERROR] com.alibaba.druid.pool.DruidDataSource - {dataSource-1} init error
java.sql.SQLException: url not set
	at com.alibaba.druid.pool.DruidDataSource.init(DruidDataSource.java:828)
	at com.alibaba.druid.pool.DruidDataSource.getConnection(DruidDataSource.java:1246)
	at com.alibaba.druid.pool.DruidDataSource.getConnection(DruidDataSource.java:1242)
	at com.alibaba.druid.pool.DruidDataSource.getConnection(DruidDataSource.java:89)
	at com.alibaba.druid.pool.DruidDataSource$$FastClassBySpringCGLIB$$b6170be0.invoke(<generated>)
	at org.springframework.cglib.proxy.MethodProxy.invoke(MethodProxy.java:204)
	at org.springframework.aop.framework.CglibAopProxy$CglibMethodInvocation.invokeJoinpoint(CglibAopProxy.java:746)
	at org.springframework.aop.framework.ReflectiveMethodInvocation.proceed(ReflectiveMethodInvocation.java:163)
	at org.springframework.aop.aspectj.MethodInvocationProceedingJoinPoint.proceed(MethodInvocationProceedingJoinPoint.java:88)
	at com.codingapi.tx.datasource.relational.LCNTransactionDataSource.getConnection(LCNTransactionDataSource.java:81)
	at com.codingapi.tx.datasource.aspect.DataSourceAspect.around(DataSourceAspect.java:34)
	at sun.reflect.NativeMethodAccessorImpl.invoke0(Native Method)
	at sun.reflect.NativeMethodAccessorImpl.invoke(NativeMethodAccessorImpl.java:62)
	at sun.reflect.DelegatingMethodAccessorImpl.invoke(DelegatingMethodAccessorImpl.java:43)
	at java.lang.reflect.Method.invoke(Method.java:498)
	at org.springframework.aop.aspectj.AbstractAspectJAdvice.invokeAdviceMethodWithGivenArgs(AbstractAspectJAdvice.java:644)
	at org.springframework.aop.aspectj.AbstractAspectJAdvice.invokeAdviceMethod(AbstractAspectJAdvice.java:633)
	at org.springframework.aop.aspectj.AspectJAroundAdvice.invoke(AspectJAroundAdvice.java:70)
	at org.springframework.aop.framework.ReflectiveMethodInvocation.proceed(ReflectiveMethodInvocation.java:185)
	at org.springframework.aop.interceptor.ExposeInvocationInterceptor.invoke(ExposeInvocationInterceptor.java:92)
	at org.springframework.aop.framework.ReflectiveMethodInvocation.proceed(ReflectiveMethodInvocation.java:185)
	at org.springframework.aop.framework.CglibAopProxy$DynamicAdvisedInterceptor.intercept(CglibAopProxy.java:688)
	at com.alibaba.druid.pool.DruidDataSource$$EnhancerBySpringCGLIB$$377f7368.getConnection(<generated>)
	at org.hibernate.engine.jdbc.connections.internal.DatasourceConnectionProviderImpl.getConnection(DatasourceConnectionProviderImpl.java:122)
	at org.hibernate.engine.jdbc.env.internal.JdbcEnvironmentInitiator$ConnectionProviderJdbcConnectionAccess.obtainConnection(JdbcEnvironmentInitiator.java:180)
	at org.hibernate.engine.jdbc.env.internal.JdbcEnvironmentInitiator.initiateService(JdbcEnvironmentInitiator.java:68)
	at org.hibernate.engine.jdbc.env.internal.JdbcEnvironmentInitiator.initiateService(JdbcEnvironmentInitiator.java:35)
	at org.hibernate.boot.registry.internal.StandardServiceRegistryImpl.initiateService(StandardServiceRegistryImpl.java:88)
	at org.hibernate.service.internal.AbstractServiceRegistryImpl.createService(AbstractServiceRegistryImpl.java:259)
	at org.hibernate.service.internal.AbstractServiceRegistryImpl.initializeService(AbstractServiceRegistryImpl.java:233)
	at org.hibernate.service.internal.AbstractServiceRegistryImpl.getService(AbstractServiceRegistryImpl.java:210)
	at org.hibernate.engine.jdbc.internal.JdbcServicesImpl.configure(JdbcServicesImpl.java:51)
	at org.hibernate.boot.registry.internal.StandardServiceRegistryImpl.configureService(StandardServiceRegistryImpl.java:94)
	at org.hibernate.service.internal.AbstractServiceRegistryImpl.initializeService(AbstractServiceRegistryImpl.java:242)
	at org.hibernate.service.internal.AbstractServiceRegistryImpl.getService(AbstractServiceRegistryImpl.java:210)
	at org.hibernate.boot.model.process.spi.MetadataBuildingProcess.handleTypes(MetadataBuildingProcess.java:352)
	at org.hibernate.boot.model.process.spi.MetadataBuildingProcess.complete(MetadataBuildingProcess.java:111)
	at org.hibernate.jpa.boot.internal.EntityManagerFactoryBuilderImpl.metadata(EntityManagerFactoryBuilderImpl.java:861)
	at org.hibernate.jpa.boot.internal.EntityManagerFactoryBuilderImpl.build(EntityManagerFactoryBuilderImpl.java:888)
	at org.springframework.orm.jpa.vendor.SpringHibernateJpaPersistenceProvider.createContainerEntityManagerFactory(SpringHibernateJpaPersistenceProvider.java:57)
	at org.springframework.orm.jpa.LocalContainerEntityManagerFactoryBean.createNativeEntityManagerFactory(LocalContainerEntityManagerFactoryBean.java:365)
	at org.springframework.orm.jpa.AbstractEntityManagerFactoryBean.buildNativeEntityManagerFactory(AbstractEntityManagerFactoryBean.java:390)
	at org.springframework.orm.jpa.AbstractEntityManagerFactoryBean.afterPropertiesSet(AbstractEntityManagerFactoryBean.java:377)
	at org.springframework.orm.jpa.LocalContainerEntityManagerFactoryBean.afterPropertiesSet(LocalContainerEntityManagerFactoryBean.java:341)
	at org.springframework.beans.factory.support.AbstractAutowireCapableBeanFactory.invokeInitMethods(AbstractAutowireCapableBeanFactory.java:1753)
	at org.springframework.beans.factory.support.AbstractAutowireCapableBeanFactory.initializeBean(AbstractAutowireCapableBeanFactory.java:1690)
	at org.springframework.beans.factory.support.AbstractAutowireCapableBeanFactory.doCreateBean(AbstractAutowireCapableBeanFactory.java:573)
	at org.springframework.beans.factory.support.AbstractAutowireCapableBeanFactory.createBean(AbstractAutowireCapableBeanFactory.java:495)
	at org.springframework.beans.factory.support.AbstractBeanFactory.lambda$doGetBean$0(AbstractBeanFactory.java:317)
	at org.springframework.beans.factory.support.DefaultSingletonBeanRegistry.getSingleton(DefaultSingletonBeanRegistry.java:222)
	at org.springframework.beans.factory.support.AbstractBeanFactory.doGetBean(AbstractBeanFactory.java:315)
	at org.springframework.beans.factory.support.AbstractBeanFactory.getBean(AbstractBeanFactory.java:199)
	at org.springframework.context.support.AbstractApplicationContext.getBean(AbstractApplicationContext.java:1087)
	at org.springframework.context.support.AbstractApplicationContext.finishBeanFactoryInitialization(AbstractApplicationContext.java:857)
	at org.springframework.context.support.AbstractApplicationContext.refresh(AbstractApplicationContext.java:548)
	at org.springframework.boot.SpringApplication.refresh(SpringApplication.java:754)
	at org.springframework.boot.SpringApplication.refreshContext(SpringApplication.java:386)
	at org.springframework.boot.SpringApplication.run(SpringApplication.java:307)
	at org.springframework.boot.test.context.SpringBootContextLoader.loadContext(SpringBootContextLoader.java:127)
	at org.springframework.test.context.cache.DefaultCacheAwareContextLoaderDelegate.loadContextInternal(DefaultCacheAwareContextLoaderDelegate.java:99)
	at org.springframework.test.context.cache.DefaultCacheAwareContextLoaderDelegate.loadContext(DefaultCacheAwareContextLoaderDelegate.java:117)
	at org.springframework.test.context.support.DefaultTestContext.getApplicationContext(DefaultTestContext.java:108)
	at org.springframework.test.context.web.ServletTestExecutionListener.setUpRequestContextIfNecessary(ServletTestExecutionListener.java:190)
	at org.springframework.test.context.web.ServletTestExecutionListener.prepareTestInstance(ServletTestExecutionListener.java:132)
	at org.springframework.test.context.TestContextManager.prepareTestInstance(TestContextManager.java:246)
	at org.springframework.test.context.junit4.SpringJUnit4ClassRunner.createTest(SpringJUnit4ClassRunner.java:227)
	at org.springframework.test.context.junit4.SpringJUnit4ClassRunner$1.runReflectiveCall(SpringJUnit4ClassRunner.java:289)
	at org.junit.internal.runners.model.ReflectiveCallable.run(ReflectiveCallable.java:12)
	at org.springframework.test.context.junit4.SpringJUnit4ClassRunner.methodBlock(SpringJUnit4ClassRunner.java:291)
	at org.springframework.test.context.junit4.SpringJUnit4ClassRunner.runChild(SpringJUnit4ClassRunner.java:246)
	at org.springframework.test.context.junit4.SpringJUnit4ClassRunner.runChild(SpringJUnit4ClassRunner.java:97)
	at org.junit.runners.ParentRunner$3.run(ParentRunner.java:290)
	at org.junit.runners.ParentRunner$1.schedule(ParentRunner.java:71)
	at org.junit.runners.ParentRunner.runChildren(ParentRunner.java:288)
	at org.junit.runners.ParentRunner.access$000(ParentRunner.java:58)
	at org.junit.runners.ParentRunner$2.evaluate(ParentRunner.java:268)
	at org.springframework.test.context.junit4.statements.RunBeforeTestClassCallbacks.evaluate(RunBeforeTestClassCallbacks.java:61)
	at org.springframework.test.context.junit4.statements.RunAfterTestClassCallbacks.evaluate(RunAfterTestClassCallbacks.java:70)
	at org.junit.runners.ParentRunner.run(ParentRunner.java:363)
	at org.springframework.test.context.junit4.SpringJUnit4ClassRunner.run(SpringJUnit4ClassRunner.java:190)
	at org.apache.maven.surefire.junit4.JUnit4Provider.execute(JUnit4Provider.java:365)
	at org.apache.maven.surefire.junit4.JUnit4Provider.executeWithRerun(JUnit4Provider.java:273)
	at org.apache.maven.surefire.junit4.JUnit4Provider.executeTestSet(JUnit4Provider.java:238)
	at org.apache.maven.surefire.junit4.JUnit4Provider.invoke(JUnit4Provider.java:159)
	at org.apache.maven.surefire.booter.ForkedBooter.invokeProviderInSameClassLoader(ForkedBooter.java:379)
	at org.apache.maven.surefire.booter.ForkedBooter.runSuitesInProcess(ForkedBooter.java:340)
	at org.apache.maven.surefire.booter.ForkedBooter.execute(ForkedBooter.java:125)
	at org.apache.maven.surefire.booter.ForkedBooter.main(ForkedBooter.java:413)
[2018-12-26 18:26:02.479] [main] [WARN ] o.h.e.jdbc.env.internal.JdbcEnvironmentInitiator - HHH000342: Could not obtain connection to query metadata : url not set
[2018-12-26 18:26:02.640] [main] [INFO ] org.hibernate.dialect.Dialect - HHH000400: Using dialect: org.hibernate.dialect.MySQL5Dialect
[2018-12-26 18:26:02.664] [main] [INFO ] o.h.engine.jdbc.env.internal.LobCreatorBuilderImpl - HHH000422: Disabling contextual LOB creation as connection was null
[2018-12-26 18:26:03.269] [main] [INFO ] c.codingapi.tx.datasource.aspect.DataSourceAspect - getConnection-start---->
[2018-12-26 18:26:03.270] [main] [INFO ] com.codingapi.tx.datasource.AbstractResourceProxy - loadConnection -> null !
[2018-12-26 18:26:27.683] [DiscoveryClient-CacheRefreshExecutor-0] [INFO ] com.netflix.discovery.DiscoveryClient - Disable delta property : false
[2018-12-26 18:26:27.684] [DiscoveryClient-CacheRefreshExecutor-0] [INFO ] com.netflix.discovery.DiscoveryClient - Single vip registry refresh property : null
[2018-12-26 18:26:27.684] [DiscoveryClient-CacheRefreshExecutor-0] [INFO ] com.netflix.discovery.DiscoveryClient - Force full registry fetch : false
[2018-12-26 18:26:27.684] [DiscoveryClient-CacheRefreshExecutor-0] [INFO ] com.netflix.discovery.DiscoveryClient - Application is null : false
[2018-12-26 18:26:27.684] [DiscoveryClient-CacheRefreshExecutor-0] [INFO ] com.netflix.discovery.DiscoveryClient - Registered Applications size is zero : true
[2018-12-26 18:26:27.684] [DiscoveryClient-CacheRefreshExecutor-0] [INFO ] com.netflix.discovery.DiscoveryClient - Application version is -1: true
[2018-12-26 18:26:27.684] [DiscoveryClient-CacheRefreshExecutor-0] [INFO ] com.netflix.discovery.DiscoveryClient - Getting all instance registry info from the eureka server
[2018-12-26 18:26:29.709] [DiscoveryClient-CacheRefreshExecutor-0] [ERROR] c.n.d.s.t.decorator.RedirectingEurekaHttpClient - Request execution error
com.sun.jersey.api.client.ClientHandlerException: java.net.ConnectException: Connection refused: connect
	at com.sun.jersey.client.apache4.ApacheHttpClient4Handler.handle(ApacheHttpClient4Handler.java:187)
	at com.sun.jersey.api.client.filter.GZIPContentEncodingFilter.handle(GZIPContentEncodingFilter.java:123)
	at com.netflix.discovery.EurekaIdentityHeaderFilter.handle(EurekaIdentityHeaderFilter.java:27)
	at com.sun.jersey.api.client.Client.handle(Client.java:652)
	at com.sun.jersey.api.client.WebResource.handle(WebResource.java:682)
	at com.sun.jersey.api.client.WebResource.access$200(WebResource.java:74)
	at com.sun.jersey.api.client.WebResource$Builder.get(WebResource.java:509)
	at com.netflix.discovery.shared.transport.jersey.AbstractJerseyEurekaHttpClient.getApplicationsInternal(AbstractJerseyEurekaHttpClient.java:194)
	at com.netflix.discovery.shared.transport.jersey.AbstractJerseyEurekaHttpClient.getApplications(AbstractJerseyEurekaHttpClient.java:165)
	at com.netflix.discovery.shared.transport.decorator.EurekaHttpClientDecorator$6.execute(EurekaHttpClientDecorator.java:137)
	at com.netflix.discovery.shared.transport.decorator.MetricsCollectingEurekaHttpClient.execute(MetricsCollectingEurekaHttpClient.java:73)
	at com.netflix.discovery.shared.transport.decorator.EurekaHttpClientDecorator.getApplications(EurekaHttpClientDecorator.java:134)
	at com.netflix.discovery.shared.transport.decorator.EurekaHttpClientDecorator$6.execute(EurekaHttpClientDecorator.java:137)
	at com.netflix.discovery.shared.transport.decorator.RedirectingEurekaHttpClient.executeOnNewServer(RedirectingEurekaHttpClient.java:118)
	at com.netflix.discovery.shared.transport.decorator.RedirectingEurekaHttpClient.execute(RedirectingEurekaHttpClient.java:79)
	at com.netflix.discovery.shared.transport.decorator.EurekaHttpClientDecorator.getApplications(EurekaHttpClientDecorator.java:134)
	at com.netflix.discovery.shared.transport.decorator.EurekaHttpClientDecorator$6.execute(EurekaHttpClientDecorator.java:137)
	at com.netflix.discovery.shared.transport.decorator.RetryableEurekaHttpClient.execute(RetryableEurekaHttpClient.java:120)
	at com.netflix.discovery.shared.transport.decorator.EurekaHttpClientDecorator.getApplications(EurekaHttpClientDecorator.java:134)
	at com.netflix.discovery.shared.transport.decorator.EurekaHttpClientDecorator$6.execute(EurekaHttpClientDecorator.java:137)
	at com.netflix.discovery.shared.transport.decorator.SessionedEurekaHttpClient.execute(SessionedEurekaHttpClient.java:77)
	at com.netflix.discovery.shared.transport.decorator.EurekaHttpClientDecorator.getApplications(EurekaHttpClientDecorator.java:134)
	at com.netflix.discovery.DiscoveryClient.getAndStoreFullRegistry(DiscoveryClient.java:1051)
	at com.netflix.discovery.DiscoveryClient.fetchRegistry(DiscoveryClient.java:965)
	at com.netflix.discovery.DiscoveryClient.refreshRegistry(DiscoveryClient.java:1473)
	at com.netflix.discovery.DiscoveryClient$CacheRefreshThread.run(DiscoveryClient.java:1440)
	at java.util.concurrent.Executors$RunnableAdapter.call(Executors.java:511)
	at java.util.concurrent.FutureTask.run(FutureTask.java:266)
	at java.util.concurrent.ThreadPoolExecutor.runWorker(ThreadPoolExecutor.java:1149)
	at java.util.concurrent.ThreadPoolExecutor$Worker.run(ThreadPoolExecutor.java:624)
	at java.lang.Thread.run(Thread.java:748)
Caused by: java.net.ConnectException: Connection refused: connect
	at java.net.DualStackPlainSocketImpl.waitForConnect(Native Method)
	at java.net.DualStackPlainSocketImpl.socketConnect(DualStackPlainSocketImpl.java:85)
	at java.net.AbstractPlainSocketImpl.doConnect(AbstractPlainSocketImpl.java:350)
	at java.net.AbstractPlainSocketImpl.connectToAddress(AbstractPlainSocketImpl.java:206)
	at java.net.AbstractPlainSocketImpl.connect(AbstractPlainSocketImpl.java:188)
	at java.net.PlainSocketImpl.connect(PlainSocketImpl.java:172)
	at java.net.SocksSocketImpl.connect(SocksSocketImpl.java:392)
	at java.net.Socket.connect(Socket.java:589)
	at org.apache.http.conn.scheme.PlainSocketFactory.connectSocket(PlainSocketFactory.java:121)
	at org.apache.http.impl.conn.DefaultClientConnectionOperator.openConnection(DefaultClientConnectionOperator.java:180)
	at org.apache.http.impl.conn.AbstractPoolEntry.open(AbstractPoolEntry.java:144)
	at org.apache.http.impl.conn.AbstractPooledConnAdapter.open(AbstractPooledConnAdapter.java:134)
	at org.apache.http.impl.client.DefaultRequestDirector.tryConnect(DefaultRequestDirector.java:610)
	at org.apache.http.impl.client.DefaultRequestDirector.execute(DefaultRequestDirector.java:445)
	at org.apache.http.impl.client.AbstractHttpClient.doExecute(AbstractHttpClient.java:835)
	at org.apache.http.impl.client.CloseableHttpClient.execute(CloseableHttpClient.java:118)
	at org.apache.http.impl.client.CloseableHttpClient.execute(CloseableHttpClient.java:56)
	at com.sun.jersey.client.apache4.ApacheHttpClient4Handler.handle(ApacheHttpClient4Handler.java:173)
	... 30 common frames omitted
[2018-12-26 18:26:29.709] [DiscoveryClient-CacheRefreshExecutor-0] [WARN ] c.n.d.s.t.decorator.RetryableEurekaHttpClient - Request execution failed with message: java.net.ConnectException: Connection refused: connect
[2018-12-26 18:26:29.710] [DiscoveryClient-CacheRefreshExecutor-0] [ERROR] com.netflix.discovery.DiscoveryClient - DiscoveryClient_OMS-PROVIDER-REBATE/host.docker.internal:oms-provider-rebate:-1 - was unable to refresh its cache! status = Cannot execute request on any known server
com.netflix.discovery.shared.transport.TransportException: Cannot execute request on any known server
	at com.netflix.discovery.shared.transport.decorator.RetryableEurekaHttpClient.execute(RetryableEurekaHttpClient.java:112)
	at com.netflix.discovery.shared.transport.decorator.EurekaHttpClientDecorator.getApplications(EurekaHttpClientDecorator.java:134)
	at com.netflix.discovery.shared.transport.decorator.EurekaHttpClientDecorator$6.execute(EurekaHttpClientDecorator.java:137)
	at com.netflix.discovery.shared.transport.decorator.SessionedEurekaHttpClient.execute(SessionedEurekaHttpClient.java:77)
	at com.netflix.discovery.shared.transport.decorator.EurekaHttpClientDecorator.getApplications(EurekaHttpClientDecorator.java:134)
	at com.netflix.discovery.DiscoveryClient.getAndStoreFullRegistry(DiscoveryClient.java:1051)
	at com.netflix.discovery.DiscoveryClient.fetchRegistry(DiscoveryClient.java:965)
	at com.netflix.discovery.DiscoveryClient.refreshRegistry(DiscoveryClient.java:1473)
	at com.netflix.discovery.DiscoveryClient$CacheRefreshThread.run(DiscoveryClient.java:1440)
	at java.util.concurrent.Executors$RunnableAdapter.call(Executors.java:511)
	at java.util.concurrent.FutureTask.run(FutureTask.java:266)
	at java.util.concurrent.ThreadPoolExecutor.runWorker(ThreadPoolExecutor.java:1149)
	at java.util.concurrent.ThreadPoolExecutor$Worker.run(ThreadPoolExecutor.java:624)
	at java.lang.Thread.run(Thread.java:748)
[2018-12-26 18:26:59.711] [DiscoveryClient-CacheRefreshExecutor-0] [INFO ] com.netflix.discovery.DiscoveryClient - Disable delta property : false
[2018-12-26 18:26:59.711] [DiscoveryClient-CacheRefreshExecutor-0] [INFO ] com.netflix.discovery.DiscoveryClient - Single vip registry refresh property : null
[2018-12-26 18:26:59.711] [DiscoveryClient-CacheRefreshExecutor-0] [INFO ] com.netflix.discovery.DiscoveryClient - Force full registry fetch : false
[2018-12-26 18:26:59.711] [DiscoveryClient-CacheRefreshExecutor-0] [INFO ] com.netflix.discovery.DiscoveryClient - Application is null : false
[2018-12-26 18:26:59.711] [DiscoveryClient-CacheRefreshExecutor-0] [INFO ] com.netflix.discovery.DiscoveryClient - Registered Applications size is zero : true
[2018-12-26 18:26:59.711] [DiscoveryClient-CacheRefreshExecutor-0] [INFO ] com.netflix.discovery.DiscoveryClient - Application version is -1: true
[2018-12-26 18:26:59.711] [DiscoveryClient-CacheRefreshExecutor-0] [INFO ] com.netflix.discovery.DiscoveryClient - Getting all instance registry info from the eureka server
[2018-12-26 18:27:01.737] [DiscoveryClient-CacheRefreshExecutor-0] [ERROR] c.n.d.s.t.decorator.RedirectingEurekaHttpClient - Request execution error
com.sun.jersey.api.client.ClientHandlerException: java.net.ConnectException: Connection refused: connect
	at com.sun.jersey.client.apache4.ApacheHttpClient4Handler.handle(ApacheHttpClient4Handler.java:187)
	at com.sun.jersey.api.client.filter.GZIPContentEncodingFilter.handle(GZIPContentEncodingFilter.java:123)
	at com.netflix.discovery.EurekaIdentityHeaderFilter.handle(EurekaIdentityHeaderFilter.java:27)
	at com.sun.jersey.api.client.Client.handle(Client.java:652)
	at com.sun.jersey.api.client.WebResource.handle(WebResource.java:682)
	at com.sun.jersey.api.client.WebResource.access$200(WebResource.java:74)
	at com.sun.jersey.api.client.WebResource$Builder.get(WebResource.java:509)
	at com.netflix.discovery.shared.transport.jersey.AbstractJerseyEurekaHttpClient.getApplicationsInternal(AbstractJerseyEurekaHttpClient.java:194)
	at com.netflix.discovery.shared.transport.jersey.AbstractJerseyEurekaHttpClient.getApplications(AbstractJerseyEurekaHttpClient.java:165)
	at com.netflix.discovery.shared.transport.decorator.EurekaHttpClientDecorator$6.execute(EurekaHttpClientDecorator.java:137)
	at com.netflix.discovery.shared.transport.decorator.MetricsCollectingEurekaHttpClient.execute(MetricsCollectingEurekaHttpClient.java:73)
	at com.netflix.discovery.shared.transport.decorator.EurekaHttpClientDecorator.getApplications(EurekaHttpClientDecorator.java:134)
	at com.netflix.discovery.shared.transport.decorator.EurekaHttpClientDecorator$6.execute(EurekaHttpClientDecorator.java:137)
	at com.netflix.discovery.shared.transport.decorator.RedirectingEurekaHttpClient.executeOnNewServer(RedirectingEurekaHttpClient.java:118)
	at com.netflix.discovery.shared.transport.decorator.RedirectingEurekaHttpClient.execute(RedirectingEurekaHttpClient.java:79)
	at com.netflix.discovery.shared.transport.decorator.EurekaHttpClientDecorator.getApplications(EurekaHttpClientDecorator.java:134)
	at com.netflix.discovery.shared.transport.decorator.EurekaHttpClientDecorator$6.execute(EurekaHttpClientDecorator.java:137)
	at com.netflix.discovery.shared.transport.decorator.RetryableEurekaHttpClient.execute(RetryableEurekaHttpClient.java:120)
	at com.netflix.discovery.shared.transport.decorator.EurekaHttpClientDecorator.getApplications(EurekaHttpClientDecorator.java:134)
	at com.netflix.discovery.shared.transport.decorator.EurekaHttpClientDecorator$6.execute(EurekaHttpClientDecorator.java:137)
	at com.netflix.discovery.shared.transport.decorator.SessionedEurekaHttpClient.execute(SessionedEurekaHttpClient.java:77)
	at com.netflix.discovery.shared.transport.decorator.EurekaHttpClientDecorator.getApplications(EurekaHttpClientDecorator.java:134)
	at com.netflix.discovery.DiscoveryClient.getAndStoreFullRegistry(DiscoveryClient.java:1051)
	at com.netflix.discovery.DiscoveryClient.fetchRegistry(DiscoveryClient.java:965)
	at com.netflix.discovery.DiscoveryClient.refreshRegistry(DiscoveryClient.java:1473)
	at com.netflix.discovery.DiscoveryClient$CacheRefreshThread.run(DiscoveryClient.java:1440)
	at java.util.concurrent.Executors$RunnableAdapter.call(Executors.java:511)
	at java.util.concurrent.FutureTask.run(FutureTask.java:266)
	at java.util.concurrent.ThreadPoolExecutor.runWorker(ThreadPoolExecutor.java:1149)
	at java.util.concurrent.ThreadPoolExecutor$Worker.run(ThreadPoolExecutor.java:624)
	at java.lang.Thread.run(Thread.java:748)
Caused by: java.net.ConnectException: Connection refused: connect
	at java.net.DualStackPlainSocketImpl.waitForConnect(Native Method)
	at java.net.DualStackPlainSocketImpl.socketConnect(DualStackPlainSocketImpl.java:85)
	at java.net.AbstractPlainSocketImpl.doConnect(AbstractPlainSocketImpl.java:350)
	at java.net.AbstractPlainSocketImpl.connectToAddress(AbstractPlainSocketImpl.java:206)
	at java.net.AbstractPlainSocketImpl.connect(AbstractPlainSocketImpl.java:188)
	at java.net.PlainSocketImpl.connect(PlainSocketImpl.java:172)
	at java.net.SocksSocketImpl.connect(SocksSocketImpl.java:392)
	at java.net.Socket.connect(Socket.java:589)
	at org.apache.http.conn.scheme.PlainSocketFactory.connectSocket(PlainSocketFactory.java:121)
	at org.apache.http.impl.conn.DefaultClientConnectionOperator.openConnection(DefaultClientConnectionOperator.java:180)
	at org.apache.http.impl.conn.AbstractPoolEntry.open(AbstractPoolEntry.java:144)
	at org.apache.http.impl.conn.AbstractPooledConnAdapter.open(AbstractPooledConnAdapter.java:134)
	at org.apache.http.impl.client.DefaultRequestDirector.tryConnect(DefaultRequestDirector.java:610)
	at org.apache.http.impl.client.DefaultRequestDirector.execute(DefaultRequestDirector.java:445)
	at org.apache.http.impl.client.AbstractHttpClient.doExecute(AbstractHttpClient.java:835)
	at org.apache.http.impl.client.CloseableHttpClient.execute(CloseableHttpClient.java:118)
	at org.apache.http.impl.client.CloseableHttpClient.execute(CloseableHttpClient.java:56)
	at com.sun.jersey.client.apache4.ApacheHttpClient4Handler.handle(ApacheHttpClient4Handler.java:173)
	... 30 common frames omitted
[2018-12-26 18:27:01.737] [DiscoveryClient-CacheRefreshExecutor-0] [WARN ] c.n.d.s.t.decorator.RetryableEurekaHttpClient - Request execution failed with message: java.net.ConnectException: Connection refused: connect
[2018-12-26 18:27:01.737] [DiscoveryClient-CacheRefreshExecutor-0] [ERROR] com.netflix.discovery.DiscoveryClient - DiscoveryClient_OMS-PROVIDER-REBATE/host.docker.internal:oms-provider-rebate:-1 - was unable to refresh its cache! status = Cannot execute request on any known server
com.netflix.discovery.shared.transport.TransportException: Cannot execute request on any known server
	at com.netflix.discovery.shared.transport.decorator.RetryableEurekaHttpClient.execute(RetryableEurekaHttpClient.java:112)
	at com.netflix.discovery.shared.transport.decorator.EurekaHttpClientDecorator.getApplications(EurekaHttpClientDecorator.java:134)
	at com.netflix.discovery.shared.transport.decorator.EurekaHttpClientDecorator$6.execute(EurekaHttpClientDecorator.java:137)
	at com.netflix.discovery.shared.transport.decorator.SessionedEurekaHttpClient.execute(SessionedEurekaHttpClient.java:77)
	at com.netflix.discovery.shared.transport.decorator.EurekaHttpClientDecorator.getApplications(EurekaHttpClientDecorator.java:134)
	at com.netflix.discovery.DiscoveryClient.getAndStoreFullRegistry(DiscoveryClient.java:1051)
	at com.netflix.discovery.DiscoveryClient.fetchRegistry(DiscoveryClient.java:965)
	at com.netflix.discovery.DiscoveryClient.refreshRegistry(DiscoveryClient.java:1473)
	at com.netflix.discovery.DiscoveryClient$CacheRefreshThread.run(DiscoveryClient.java:1440)
	at java.util.concurrent.Executors$RunnableAdapter.call(Executors.java:511)
	at java.util.concurrent.FutureTask.run(FutureTask.java:266)
	at java.util.concurrent.ThreadPoolExecutor.runWorker(ThreadPoolExecutor.java:1149)
	at java.util.concurrent.ThreadPoolExecutor$Worker.run(ThreadPoolExecutor.java:624)
	at java.lang.Thread.run(Thread.java:748)
[2018-12-26 18:27:03.271] [main] [WARN ] o.s.w.context.support.GenericWebApplicationContext - Exception encountered during context initialization - cancelling refresh attempt: org.springframework.beans.factory.BeanCreationException: Error creating bean with name 'entityManagerFactory' defined in class path resource [org/springframework/boot/autoconfigure/orm/jpa/HibernateJpaConfiguration.class]: Invocation of init method failed; nested exception is javax.persistence.PersistenceException: [PersistenceUnit: default] Unable to build Hibernate SessionFactory; nested exception is java.lang.NullPointerException
[2018-12-26 18:27:03.273] [main] [INFO ] com.alibaba.druid.pool.DruidDataSource - {dataSource-1} closed
[2018-12-26 18:27:03.288] [TxInit-thread] [DEBUG] com.codingapi.tx.config.ConfigReader - load default txManagerTxUrlService 
[2018-12-26 18:27:03.289] [TxInit-thread] [DEBUG] com.codingapi.tx.config.ConfigReader - load default txManagerTxUrlService
]]></system-out>
    <system-err><![CDATA[十二月 26, 2018 6:25:52 下午 org.springframework.test.context.support.AbstractTestContextBootstrapper buildDefaultMergedContextConfiguration
信息: Neither @ContextConfiguration nor @ContextHierarchy found for test class [com.lt.cloud.OmProviderRebateApplicationTests], using SpringBootContextLoader
十二月 26, 2018 6:25:52 下午 org.springframework.test.context.support.AbstractContextLoader generateDefaultLocations
信息: Could not detect default resource locations for test class [com.lt.cloud.OmProviderRebateApplicationTests]: no resource found for suffixes {-context.xml, Context.groovy}.
十二月 26, 2018 6:25:52 下午 org.springframework.test.context.support.AnnotationConfigContextLoaderUtils detectDefaultConfigurationClasses
信息: Could not detect default configuration classes for test class [com.lt.cloud.OmProviderRebateApplicationTests]: OmProviderRebateApplicationTests does not declare any static, non-private, non-final, nested classes annotated with @Configuration.
十二月 26, 2018 6:25:53 下午 org.springframework.boot.test.context.SpringBootTestContextBootstrapper getOrFindConfigurationClasses
信息: Found @SpringBootConfiguration com.lt.cloud.OmProviderRebateApplication for test class com.lt.cloud.OmProviderRebateApplicationTests
十二月 26, 2018 6:25:53 下午 org.springframework.test.context.support.AbstractTestContextBootstrapper getDefaultTestExecutionListenerClassNames
信息: Loaded default TestExecutionListener class names from location [META-INF/spring.factories]: [org.springframework.boot.test.mock.mockito.MockitoTestExecutionListener, org.springframework.boot.test.mock.mockito.ResetMocksTestExecutionListener, org.springframework.boot.test.autoconfigure.restdocs.RestDocsTestExecutionListener, org.springframework.boot.test.autoconfigure.web.client.MockRestServiceServerResetTestExecutionListener, org.springframework.boot.test.autoconfigure.web.servlet.MockMvcPrintOnlyOnFailureTestExecutionListener, org.springframework.boot.test.autoconfigure.web.servlet.WebDriverTestExecutionListener, org.springframework.test.context.web.ServletTestExecutionListener, org.springframework.test.context.support.DirtiesContextBeforeModesTestExecutionListener, org.springframework.test.context.support.DependencyInjectionTestExecutionListener, org.springframework.test.context.support.DirtiesContextTestExecutionListener, org.springframework.test.context.transaction.TransactionalTestExecutionListener, org.springframework.test.context.jdbc.SqlScriptsTestExecutionListener]
十二月 26, 2018 6:25:53 下午 org.springframework.test.context.support.AbstractTestContextBootstrapper getTestExecutionListeners
信息: Using TestExecutionListeners: [org.springframework.test.context.web.ServletTestExecutionListener@503d687a, org.springframework.test.context.support.DirtiesContextBeforeModesTestExecutionListener@6a370f4, org.springframework.boot.test.mock.mockito.MockitoTestExecutionListener@2abf4075, org.springframework.boot.test.autoconfigure.SpringBootDependencyInjectionTestExecutionListener@770d3326, org.springframework.test.context.support.DirtiesContextTestExecutionListener@4cc8eb05, org.springframework.test.context.transaction.TransactionalTestExecutionListener@51f116b8, org.springframework.test.context.jdbc.SqlScriptsTestExecutionListener@19d481b, org.springframework.boot.test.mock.mockito.ResetMocksTestExecutionListener@1f97cf0d, org.springframework.boot.test.autoconfigure.restdocs.RestDocsTestExecutionListener@140c9f39, org.springframework.boot.test.autoconfigure.web.client.MockRestServiceServerResetTestExecutionListener@4d910fd6, org.springframework.boot.test.autoconfigure.web.servlet.MockMvcPrintOnlyOnFailureTestExecutionListener@26275bef, org.springframework.boot.test.autoconfigure.web.servlet.WebDriverTestExecutionListener@7690781]
]]></system-err>
  </testcase>
</testsuite>