<?xml version="1.0" encoding="UTF-8"?>
<testsuite xmlns:xsi="http://www.w3.org/2001/XMLSchema-instance" xsi:noNamespaceSchemaLocation="https://maven.apache.org/surefire/maven-surefire-plugin/xsd/surefire-test-report.xsd" name="com.lt.cloud.MicroserviceProviderUserApplicationTests" time="7.392" tests="1" errors="0" skipped="0" failures="0">
  <properties>
    <property name="sun.desktop" value="windows"/>
    <property name="awt.toolkit" value="sun.awt.windows.WToolkit"/>
    <property name="file.encoding.pkg" value="sun.io"/>
    <property name="java.specification.version" value="1.8"/>
    <property name="sun.cpu.isalist" value="amd64"/>
    <property name="sun.jnu.encoding" value="GBK"/>
    <property name="java.class.path" value="D:\Workspaces\spring-cloud-oms\spring-cloud-oms\spring-cloud-services\microservice-provider-user\target\test-classes;D:\Workspaces\spring-cloud-oms\spring-cloud-oms\spring-cloud-services\microservice-provider-user\target\classes;F:\Apache\maven\maven_respo\org\springframework\boot\spring-boot-starter-actuator\2.0.6.RELEASE\spring-boot-starter-actuator-2.0.6.RELEASE.jar;F:\Apache\maven\maven_respo\org\springframework\boot\spring-boot-starter\2.0.6.RELEASE\spring-boot-starter-2.0.6.RELEASE.jar;F:\Apache\maven\maven_respo\org\springframework\boot\spring-boot-starter-logging\2.0.6.RELEASE\spring-boot-starter-logging-2.0.6.RELEASE.jar;F:\Apache\maven\maven_respo\ch\qos\logback\logback-classic\1.2.3\logback-classic-1.2.3.jar;F:\Apache\maven\maven_respo\ch\qos\logback\logback-core\1.2.3\logback-core-1.2.3.jar;F:\Apache\maven\maven_respo\org\apache\logging\log4j\log4j-to-slf4j\2.10.0\log4j-to-slf4j-2.10.0.jar;F:\Apache\maven\maven_respo\org\apache\logging\log4j\log4j-api\2.10.0\log4j-api-2.10.0.jar;F:\Apache\maven\maven_respo\org\slf4j\jul-to-slf4j\1.7.25\jul-to-slf4j-1.7.25.jar;F:\Apache\maven\maven_respo\javax\annotation\javax.annotation-api\1.3.2\javax.annotation-api-1.3.2.jar;F:\Apache\maven\maven_respo\org\yaml\snakeyaml\1.19\snakeyaml-1.19.jar;F:\Apache\maven\maven_respo\org\springframework\boot\spring-boot-actuator-autoconfigure\2.0.6.RELEASE\spring-boot-actuator-autoconfigure-2.0.6.RELEASE.jar;F:\Apache\maven\maven_respo\org\springframework\boot\spring-boot-actuator\2.0.6.RELEASE\spring-boot-actuator-2.0.6.RELEASE.jar;F:\Apache\maven\maven_respo\com\fasterxml\jackson\core\jackson-databind\2.9.7\jackson-databind-2.9.7.jar;F:\Apache\maven\maven_respo\org\springframework\spring-context\5.0.10.RELEASE\spring-context-5.0.10.RELEASE.jar;F:\Apache\maven\maven_respo\org\springframework\spring-expression\5.0.10.RELEASE\spring-expression-5.0.10.RELEASE.jar;F:\Apache\maven\maven_respo\com\fasterxml\jackson\datatype\jackson-datatype-jsr310\2.9.7\jackson-datatype-jsr310-2.9.7.jar;F:\Apache\maven\maven_respo\io\micrometer\micrometer-core\1.0.7\micrometer-core-1.0.7.jar;F:\Apache\maven\maven_respo\org\hdrhistogram\HdrHistogram\2.1.10\HdrHistogram-2.1.10.jar;F:\Apache\maven\maven_respo\org\latencyutils\LatencyUtils\2.0.3\LatencyUtils-2.0.3.jar;F:\Apache\maven\maven_respo\org\springframework\cloud\spring-cloud-starter-netflix-eureka-client\2.0.1.RELEASE\spring-cloud-starter-netflix-eureka-client-2.0.1.RELEASE.jar;F:\Apache\maven\maven_respo\org\springframework\cloud\spring-cloud-starter\2.0.1.RELEASE\spring-cloud-starter-2.0.1.RELEASE.jar;F:\Apache\maven\maven_respo\org\springframework\cloud\spring-cloud-context\2.0.1.RELEASE\spring-cloud-context-2.0.1.RELEASE.jar;F:\Apache\maven\maven_respo\org\springframework\security\spring-security-crypto\5.0.9.RELEASE\spring-security-crypto-5.0.9.RELEASE.jar;F:\Apache\maven\maven_respo\org\springframework\cloud\spring-cloud-commons\2.0.1.RELEASE\spring-cloud-commons-2.0.1.RELEASE.jar;F:\Apache\maven\maven_respo\org\springframework\security\spring-security-rsa\1.0.5.RELEASE\spring-security-rsa-1.0.5.RELEASE.jar;F:\Apache\maven\maven_respo\org\bouncycastle\bcpkix-jdk15on\1.56\bcpkix-jdk15on-1.56.jar;F:\Apache\maven\maven_respo\org\bouncycastle\bcprov-jdk15on\1.56\bcprov-jdk15on-1.56.jar;F:\Apache\maven\maven_respo\org\springframework\cloud\spring-cloud-netflix-core\2.0.1.RELEASE\spring-cloud-netflix-core-2.0.1.RELEASE.jar;F:\Apache\maven\maven_respo\org\springframework\boot\spring-boot-starter-aop\2.0.6.RELEASE\spring-boot-starter-aop-2.0.6.RELEASE.jar;F:\Apache\maven\maven_respo\org\aspectj\aspectjweaver\1.8.13\aspectjweaver-1.8.13.jar;F:\Apache\maven\maven_respo\org\springframework\cloud\spring-cloud-netflix-eureka-client\2.0.1.RELEASE\spring-cloud-netflix-eureka-client-2.0.1.RELEASE.jar;F:\Apache\maven\maven_respo\com\netflix\eureka\eureka-client\1.9.3\eureka-client-1.9.3.jar;F:\Apache\maven\maven_respo\org\codehaus\jettison\jettison\1.3.7\jettison-1.3.7.jar;F:\Apache\maven\maven_respo\stax\stax-api\1.0.1\stax-api-1.0.1.jar;F:\Apache\maven\maven_respo\com\netflix\netflix-commons\netflix-eventbus\0.3.0\netflix-eventbus-0.3.0.jar;F:\Apache\maven\maven_respo\com\netflix\netflix-commons\netflix-infix\0.3.0\netflix-infix-0.3.0.jar;F:\Apache\maven\maven_respo\commons-jxpath\commons-jxpath\1.3\commons-jxpath-1.3.jar;F:\Apache\maven\maven_respo\joda-time\joda-time\2.9.9\joda-time-2.9.9.jar;F:\Apache\maven\maven_respo\org\antlr\antlr-runtime\3.4\antlr-runtime-3.4.jar;F:\Apache\maven\maven_respo\org\antlr\stringtemplate\3.2.1\stringtemplate-3.2.1.jar;F:\Apache\maven\maven_respo\antlr\antlr\2.7.7\antlr-2.7.7.jar;F:\Apache\maven\maven_respo\org\apache\commons\commons-math\2.2\commons-math-2.2.jar;F:\Apache\maven\maven_respo\com\netflix\archaius\archaius-core\0.7.6\archaius-core-0.7.6.jar;F:\Apache\maven\maven_respo\com\google\guava\guava\16.0\guava-16.0.jar;F:\Apache\maven\maven_respo\javax\ws\rs\jsr311-api\1.1.1\jsr311-api-1.1.1.jar;F:\Apache\maven\maven_respo\com\netflix\servo\servo-core\0.12.21\servo-core-0.12.21.jar;F:\Apache\maven\maven_respo\com\sun\jersey\jersey-core\1.19.1\jersey-core-1.19.1.jar;F:\Apache\maven\maven_respo\com\sun\jersey\jersey-client\1.19.1\jersey-client-1.19.1.jar;F:\Apache\maven\maven_respo\com\sun\jersey\contribs\jersey-apache-client4\1.19.1\jersey-apache-client4-1.19.1.jar;F:\Apache\maven\maven_respo\org\apache\httpcomponents\httpclient\4.5.6\httpclient-4.5.6.jar;F:\Apache\maven\maven_respo\org\apache\httpcomponents\httpcore\4.4.10\httpcore-4.4.10.jar;F:\Apache\maven\maven_respo\commons-codec\commons-codec\1.11\commons-codec-1.11.jar;F:\Apache\maven\maven_respo\com\google\inject\guice\4.1.0\guice-4.1.0.jar;F:\Apache\maven\maven_respo\javax\inject\javax.inject\1\javax.inject-1.jar;F:\Apache\maven\maven_respo\aopalliance\aopalliance\1.0\aopalliance-1.0.jar;F:\Apache\maven\maven_respo\com\github\vlsi\compactmap\compactmap\1.2.1\compactmap-1.2.1.jar;F:\Apache\maven\maven_respo\com\github\andrewoma\dexx\dexx-collections\0.2\dexx-collections-0.2.jar;F:\Apache\maven\maven_respo\com\fasterxml\jackson\core\jackson-annotations\2.9.0\jackson-annotations-2.9.0.jar;F:\Apache\maven\maven_respo\com\fasterxml\jackson\core\jackson-core\2.9.7\jackson-core-2.9.7.jar;F:\Apache\maven\maven_respo\com\netflix\eureka\eureka-core\1.9.3\eureka-core-1.9.3.jar;F:\Apache\maven\maven_respo\org\codehaus\woodstox\woodstox-core-asl\4.4.1\woodstox-core-asl-4.4.1.jar;F:\Apache\maven\maven_respo\javax\xml\stream\stax-api\1.0-2\stax-api-1.0-2.jar;F:\Apache\maven\maven_respo\org\codehaus\woodstox\stax2-api\3.1.4\stax2-api-3.1.4.jar;F:\Apache\maven\maven_respo\org\springframework\cloud\spring-cloud-starter-netflix-archaius\2.0.1.RELEASE\spring-cloud-starter-netflix-archaius-2.0.1.RELEASE.jar;F:\Apache\maven\maven_respo\org\springframework\cloud\spring-cloud-netflix-ribbon\2.0.1.RELEASE\spring-cloud-netflix-ribbon-2.0.1.RELEASE.jar;F:\Apache\maven\maven_respo\org\springframework\cloud\spring-cloud-netflix-archaius\2.0.1.RELEASE\spring-cloud-netflix-archaius-2.0.1.RELEASE.jar;F:\Apache\maven\maven_respo\commons-configuration\commons-configuration\1.8\commons-configuration-1.8.jar;F:\Apache\maven\maven_respo\commons-lang\commons-lang\2.6\commons-lang-2.6.jar;F:\Apache\maven\maven_respo\org\springframework\cloud\spring-cloud-starter-netflix-ribbon\2.0.1.RELEASE\spring-cloud-starter-netflix-ribbon-2.0.1.RELEASE.jar;F:\Apache\maven\maven_respo\com\netflix\ribbon\ribbon\2.2.5\ribbon-2.2.5.jar;F:\Apache\maven\maven_respo\com\netflix\ribbon\ribbon-transport\2.2.5\ribbon-transport-2.2.5.jar;F:\Apache\maven\maven_respo\io\reactivex\rxnetty-contexts\0.4.9\rxnetty-contexts-0.4.9.jar;F:\Apache\maven\maven_respo\io\reactivex\rxnetty-servo\0.4.9\rxnetty-servo-0.4.9.jar;F:\Apache\maven\maven_respo\com\netflix\hystrix\hystrix-core\1.5.12\hystrix-core-1.5.12.jar;F:\Apache\maven\maven_respo\io\reactivex\rxnetty\0.4.9\rxnetty-0.4.9.jar;F:\Apache\maven\maven_respo\io\netty\netty-codec-http\4.1.29.Final\netty-codec-http-4.1.29.Final.jar;F:\Apache\maven\maven_respo\io\netty\netty-codec\4.1.29.Final\netty-codec-4.1.29.Final.jar;F:\Apache\maven\maven_respo\io\netty\netty-transport-native-epoll\4.1.29.Final\netty-transport-native-epoll-4.1.29.Final.jar;F:\Apache\maven\maven_respo\io\netty\netty-common\4.1.29.Final\netty-common-4.1.29.Final.jar;F:\Apache\maven\maven_respo\io\netty\netty-buffer\4.1.29.Final\netty-buffer-4.1.29.Final.jar;F:\Apache\maven\maven_respo\io\netty\netty-transport-native-unix-common\4.1.29.Final\netty-transport-native-unix-common-4.1.29.Final.jar;F:\Apache\maven\maven_respo\io\netty\netty-transport\4.1.29.Final\netty-transport-4.1.29.Final.jar;F:\Apache\maven\maven_respo\io\netty\netty-resolver\4.1.29.Final\netty-resolver-4.1.29.Final.jar;F:\Apache\maven\maven_respo\com\netflix\ribbon\ribbon-core\2.2.5\ribbon-core-2.2.5.jar;F:\Apache\maven\maven_respo\com\netflix\ribbon\ribbon-httpclient\2.2.5\ribbon-httpclient-2.2.5.jar;F:\Apache\maven\maven_respo\commons-collections\commons-collections\3.2.2\commons-collections-3.2.2.jar;F:\Apache\maven\maven_respo\com\netflix\netflix-commons\netflix-commons-util\0.3.0\netflix-commons-util-0.3.0.jar;F:\Apache\maven\maven_respo\com\netflix\ribbon\ribbon-loadbalancer\2.2.5\ribbon-loadbalancer-2.2.5.jar;F:\Apache\maven\maven_respo\com\netflix\netflix-commons\netflix-statistics\0.1.1\netflix-statistics-0.1.1.jar;F:\Apache\maven\maven_respo\io\reactivex\rxjava\1.3.8\rxjava-1.3.8.jar;F:\Apache\maven\maven_respo\com\netflix\ribbon\ribbon-eureka\2.2.5\ribbon-eureka-2.2.5.jar;F:\Apache\maven\maven_respo\com\thoughtworks\xstream\xstream\1.4.10\xstream-1.4.10.jar;F:\Apache\maven\maven_respo\xmlpull\xmlpull\1.1.3.1\xmlpull-1.1.3.1.jar;F:\Apache\maven\maven_respo\xpp3\xpp3_min\1.1.4c\xpp3_min-1.1.4c.jar;F:\Apache\maven\maven_respo\org\springframework\cloud\spring-cloud-stream-binder-rabbit\2.0.1.RELEASE\spring-cloud-stream-binder-rabbit-2.0.1.RELEASE.jar;F:\Apache\maven\maven_respo\org\springframework\cloud\spring-cloud-stream-binder-rabbit-core\2.0.1.RELEASE\spring-cloud-stream-binder-rabbit-core-2.0.1.RELEASE.jar;F:\Apache\maven\maven_respo\com\rabbitmq\http-client\2.0.1.RELEASE\http-client-2.0.1.RELEASE.jar;F:\Apache\maven\maven_respo\org\springframework\spring-web\5.0.10.RELEASE\spring-web-5.0.10.RELEASE.jar;F:\Apache\maven\maven_respo\org\springframework\spring-webflux\5.0.10.RELEASE\spring-webflux-5.0.10.RELEASE.jar;F:\Apache\maven\maven_respo\io\projectreactor\ipc\reactor-netty\0.7.10.RELEASE\reactor-netty-0.7.10.RELEASE.jar;F:\Apache\maven\maven_respo\io\netty\netty-handler\4.1.29.Final\netty-handler-4.1.29.Final.jar;F:\Apache\maven\maven_respo\io\netty\netty-handler-proxy\4.1.29.Final\netty-handler-proxy-4.1.29.Final.jar;F:\Apache\maven\maven_respo\io\netty\netty-codec-socks\4.1.29.Final\netty-codec-socks-4.1.29.Final.jar;F:\Apache\maven\maven_respo\io\netty\netty-transport-native-epoll\4.1.29.Final\netty-transport-native-epoll-4.1.29.Final-linux-x86_64.jar;F:\Apache\maven\maven_respo\org\springframework\cloud\spring-cloud-stream\2.0.1.RELEASE\spring-cloud-stream-2.0.1.RELEASE.jar;F:\Apache\maven\maven_respo\org\springframework\boot\spring-boot-starter-validation\2.0.6.RELEASE\spring-boot-starter-validation-2.0.6.RELEASE.jar;F:\Apache\maven\maven_respo\org\apache\tomcat\embed\tomcat-embed-el\8.5.34\tomcat-embed-el-8.5.34.jar;F:\Apache\maven\maven_respo\org\hibernate\validator\hibernate-validator\6.0.13.Final\hibernate-validator-6.0.13.Final.jar;F:\Apache\maven\maven_respo\javax\validation\validation-api\2.0.1.Final\validation-api-2.0.1.Final.jar;F:\Apache\maven\maven_respo\org\jboss\logging\jboss-logging\3.3.2.Final\jboss-logging-3.3.2.Final.jar;F:\Apache\maven\maven_respo\com\fasterxml\classmate\1.3.4\classmate-1.3.4.jar;F:\Apache\maven\maven_respo\org\springframework\spring-messaging\5.0.10.RELEASE\spring-messaging-5.0.10.RELEASE.jar;F:\Apache\maven\maven_respo\org\springframework\spring-tuple\1.0.0.RELEASE\spring-tuple-1.0.0.RELEASE.jar;F:\Apache\maven\maven_respo\com\esotericsoftware\kryo-shaded\3.0.3\kryo-shaded-3.0.3.jar;F:\Apache\maven\maven_respo\com\esotericsoftware\minlog\1.3.0\minlog-1.3.0.jar;F:\Apache\maven\maven_respo\org\springframework\integration\spring-integration-tuple\1.0.0.RELEASE\spring-integration-tuple-1.0.0.RELEASE.jar;F:\Apache\maven\maven_respo\org\springframework\retry\spring-retry\1.2.2.RELEASE\spring-retry-1.2.2.RELEASE.jar;F:\Apache\maven\maven_respo\org\springframework\boot\spring-boot-starter-amqp\2.0.6.RELEASE\spring-boot-starter-amqp-2.0.6.RELEASE.jar;F:\Apache\maven\maven_respo\org\springframework\amqp\spring-rabbit\2.0.8.RELEASE\spring-rabbit-2.0.8.RELEASE.jar;F:\Apache\maven\maven_respo\org\springframework\amqp\spring-amqp\2.0.8.RELEASE\spring-amqp-2.0.8.RELEASE.jar;F:\Apache\maven\maven_respo\com\rabbitmq\amqp-client\5.4.3\amqp-client-5.4.3.jar;F:\Apache\maven\maven_respo\org\springframework\integration\spring-integration-amqp\5.0.9.RELEASE\spring-integration-amqp-5.0.9.RELEASE.jar;F:\Apache\maven\maven_respo\org\springframework\integration\spring-integration-core\5.0.9.RELEASE\spring-integration-core-5.0.9.RELEASE.jar;F:\Apache\maven\maven_respo\org\springframework\spring-aop\5.0.10.RELEASE\spring-aop-5.0.10.RELEASE.jar;F:\Apache\maven\maven_respo\org\springframework\spring-tx\5.0.10.RELEASE\spring-tx-5.0.10.RELEASE.jar;F:\Apache\maven\maven_respo\io\projectreactor\reactor-core\3.1.10.RELEASE\reactor-core-3.1.10.RELEASE.jar;F:\Apache\maven\maven_respo\org\reactivestreams\reactive-streams\1.0.2\reactive-streams-1.0.2.jar;F:\Apache\maven\maven_respo\org\springframework\integration\spring-integration-jmx\5.0.9.RELEASE\spring-integration-jmx-5.0.9.RELEASE.jar;F:\Apache\maven\maven_respo\org\springframework\boot\spring-boot-devtools\2.0.6.RELEASE\spring-boot-devtools-2.0.6.RELEASE.jar;F:\Apache\maven\maven_respo\org\springframework\boot\spring-boot\2.0.6.RELEASE\spring-boot-2.0.6.RELEASE.jar;F:\Apache\maven\maven_respo\org\springframework\boot\spring-boot-autoconfigure\2.0.6.RELEASE\spring-boot-autoconfigure-2.0.6.RELEASE.jar;F:\Apache\maven\maven_respo\org\springframework\boot\spring-boot-starter-test\2.0.6.RELEASE\spring-boot-starter-test-2.0.6.RELEASE.jar;F:\Apache\maven\maven_respo\org\springframework\boot\spring-boot-test\2.0.6.RELEASE\spring-boot-test-2.0.6.RELEASE.jar;F:\Apache\maven\maven_respo\org\springframework\boot\spring-boot-test-autoconfigure\2.0.6.RELEASE\spring-boot-test-autoconfigure-2.0.6.RELEASE.jar;F:\Apache\maven\maven_respo\com\jayway\jsonpath\json-path\2.4.0\json-path-2.4.0.jar;F:\Apache\maven\maven_respo\net\minidev\json-smart\2.3\json-smart-2.3.jar;F:\Apache\maven\maven_respo\net\minidev\accessors-smart\1.2\accessors-smart-1.2.jar;F:\Apache\maven\maven_respo\org\ow2\asm\asm\5.0.4\asm-5.0.4.jar;F:\Apache\maven\maven_respo\junit\junit\4.12\junit-4.12.jar;F:\Apache\maven\maven_respo\org\assertj\assertj-core\3.9.1\assertj-core-3.9.1.jar;F:\Apache\maven\maven_respo\org\mockito\mockito-core\2.15.0\mockito-core-2.15.0.jar;F:\Apache\maven\maven_respo\net\bytebuddy\byte-buddy\1.7.11\byte-buddy-1.7.11.jar;F:\Apache\maven\maven_respo\net\bytebuddy\byte-buddy-agent\1.7.11\byte-buddy-agent-1.7.11.jar;F:\Apache\maven\maven_respo\org\objenesis\objenesis\2.6\objenesis-2.6.jar;F:\Apache\maven\maven_respo\org\hamcrest\hamcrest-core\1.3\hamcrest-core-1.3.jar;F:\Apache\maven\maven_respo\org\hamcrest\hamcrest-library\1.3\hamcrest-library-1.3.jar;F:\Apache\maven\maven_respo\org\skyscreamer\jsonassert\1.5.0\jsonassert-1.5.0.jar;F:\Apache\maven\maven_respo\com\vaadin\external\google\android-json\0.0.20131108.vaadin1\android-json-0.0.20131108.vaadin1.jar;F:\Apache\maven\maven_respo\org\springframework\spring-core\5.0.10.RELEASE\spring-core-5.0.10.RELEASE.jar;F:\Apache\maven\maven_respo\org\springframework\spring-jcl\5.0.10.RELEASE\spring-jcl-5.0.10.RELEASE.jar;F:\Apache\maven\maven_respo\org\springframework\spring-test\5.0.10.RELEASE\spring-test-5.0.10.RELEASE.jar;F:\Apache\maven\maven_respo\org\xmlunit\xmlunit-core\2.5.1\xmlunit-core-2.5.1.jar;F:\Apache\maven\maven_respo\org\springframework\boot\spring-boot-starter-jdbc\2.0.6.RELEASE\spring-boot-starter-jdbc-2.0.6.RELEASE.jar;F:\Apache\maven\maven_respo\com\zaxxer\HikariCP\2.7.9\HikariCP-2.7.9.jar;F:\Apache\maven\maven_respo\org\springframework\spring-jdbc\5.0.10.RELEASE\spring-jdbc-5.0.10.RELEASE.jar;F:\Apache\maven\maven_respo\org\springframework\spring-beans\5.0.10.RELEASE\spring-beans-5.0.10.RELEASE.jar;F:\Apache\maven\maven_respo\com\alibaba\druid-spring-boot-starter\1.1.10\druid-spring-boot-starter-1.1.10.jar;F:\Apache\maven\maven_respo\org\slf4j\slf4j-api\1.7.25\slf4j-api-1.7.25.jar;F:\Apache\maven\maven_respo\com\alibaba\druid\1.1.12\druid-1.1.12.jar;F:\Apache\maven\maven_respo\com\github\pagehelper\pagehelper-spring-boot-starter\1.2.9\pagehelper-spring-boot-starter-1.2.9.jar;F:\Apache\maven\maven_respo\com\github\pagehelper\pagehelper-spring-boot-autoconfigure\1.2.9\pagehelper-spring-boot-autoconfigure-1.2.9.jar;F:\Apache\maven\maven_respo\com\github\pagehelper\pagehelper\5.1.7\pagehelper-5.1.7.jar;F:\Apache\maven\maven_respo\com\github\jsqlparser\jsqlparser\1.2\jsqlparser-1.2.jar;F:\Apache\maven\maven_respo\mysql\mysql-connector-java\5.1.47\mysql-connector-java-5.1.47.jar;F:\Apache\maven\maven_respo\org\mybatis\spring\boot\mybatis-spring-boot-starter\1.3.2\mybatis-spring-boot-starter-1.3.2.jar;F:\Apache\maven\maven_respo\org\mybatis\spring\boot\mybatis-spring-boot-autoconfigure\1.3.2\mybatis-spring-boot-autoconfigure-1.3.2.jar;F:\Apache\maven\maven_respo\org\mybatis\mybatis\3.4.6\mybatis-3.4.6.jar;F:\Apache\maven\maven_respo\org\mybatis\mybatis-spring\1.3.2\mybatis-spring-1.3.2.jar;F:\Apache\maven\maven_respo\javax\servlet\javax.servlet-api\3.1.0\javax.servlet-api-3.1.0.jar;F:\Apache\maven\maven_respo\com\google\code\gson\gson\2.8.5\gson-2.8.5.jar;"/>
    <property name="java.vm.vendor" value="Oracle Corporation"/>
    <property name="sun.arch.data.model" value="64"/>
    <property name="user.variant" value=""/>
    <property name="java.vendor.url" value="http://java.oracle.com/"/>
    <property name="user.timezone" value=""/>
    <property name="java.vm.specification.version" value="1.8"/>
    <property name="os.name" value="Windows 10"/>
    <property name="user.country" value="CN"/>
    <property name="sun.java.launcher" value="SUN_STANDARD"/>
    <property name="sun.boot.library.path" value="C:\Program Files\Java\jdk1.8.0_152\jre\bin"/>
    <property name="sun.java.command" value="C:\Users\lt\AppData\Local\Temp\surefire8622465353188212117\surefirebooter4653223450426486516.jar C:\Users\lt\AppData\Local\Temp\surefire8622465353188212117 2018-12-27T14-23-51_396-jvmRun1 surefire620551155768663861tmp surefire_07480219424980535235tmp"/>
    <property name="surefire.test.class.path" value="D:\Workspaces\spring-cloud-oms\spring-cloud-oms\spring-cloud-services\microservice-provider-user\target\test-classes;D:\Workspaces\spring-cloud-oms\spring-cloud-oms\spring-cloud-services\microservice-provider-user\target\classes;F:\Apache\maven\maven_respo\org\springframework\boot\spring-boot-starter-actuator\2.0.6.RELEASE\spring-boot-starter-actuator-2.0.6.RELEASE.jar;F:\Apache\maven\maven_respo\org\springframework\boot\spring-boot-starter\2.0.6.RELEASE\spring-boot-starter-2.0.6.RELEASE.jar;F:\Apache\maven\maven_respo\org\springframework\boot\spring-boot-starter-logging\2.0.6.RELEASE\spring-boot-starter-logging-2.0.6.RELEASE.jar;F:\Apache\maven\maven_respo\ch\qos\logback\logback-classic\1.2.3\logback-classic-1.2.3.jar;F:\Apache\maven\maven_respo\ch\qos\logback\logback-core\1.2.3\logback-core-1.2.3.jar;F:\Apache\maven\maven_respo\org\apache\logging\log4j\log4j-to-slf4j\2.10.0\log4j-to-slf4j-2.10.0.jar;F:\Apache\maven\maven_respo\org\apache\logging\log4j\log4j-api\2.10.0\log4j-api-2.10.0.jar;F:\Apache\maven\maven_respo\org\slf4j\jul-to-slf4j\1.7.25\jul-to-slf4j-1.7.25.jar;F:\Apache\maven\maven_respo\javax\annotation\javax.annotation-api\1.3.2\javax.annotation-api-1.3.2.jar;F:\Apache\maven\maven_respo\org\yaml\snakeyaml\1.19\snakeyaml-1.19.jar;F:\Apache\maven\maven_respo\org\springframework\boot\spring-boot-actuator-autoconfigure\2.0.6.RELEASE\spring-boot-actuator-autoconfigure-2.0.6.RELEASE.jar;F:\Apache\maven\maven_respo\org\springframework\boot\spring-boot-actuator\2.0.6.RELEASE\spring-boot-actuator-2.0.6.RELEASE.jar;F:\Apache\maven\maven_respo\com\fasterxml\jackson\core\jackson-databind\2.9.7\jackson-databind-2.9.7.jar;F:\Apache\maven\maven_respo\org\springframework\spring-context\5.0.10.RELEASE\spring-context-5.0.10.RELEASE.jar;F:\Apache\maven\maven_respo\org\springframework\spring-expression\5.0.10.RELEASE\spring-expression-5.0.10.RELEASE.jar;F:\Apache\maven\maven_respo\com\fasterxml\jackson\datatype\jackson-datatype-jsr310\2.9.7\jackson-datatype-jsr310-2.9.7.jar;F:\Apache\maven\maven_respo\io\micrometer\micrometer-core\1.0.7\micrometer-core-1.0.7.jar;F:\Apache\maven\maven_respo\org\hdrhistogram\HdrHistogram\2.1.10\HdrHistogram-2.1.10.jar;F:\Apache\maven\maven_respo\org\latencyutils\LatencyUtils\2.0.3\LatencyUtils-2.0.3.jar;F:\Apache\maven\maven_respo\org\springframework\cloud\spring-cloud-starter-netflix-eureka-client\2.0.1.RELEASE\spring-cloud-starter-netflix-eureka-client-2.0.1.RELEASE.jar;F:\Apache\maven\maven_respo\org\springframework\cloud\spring-cloud-starter\2.0.1.RELEASE\spring-cloud-starter-2.0.1.RELEASE.jar;F:\Apache\maven\maven_respo\org\springframework\cloud\spring-cloud-context\2.0.1.RELEASE\spring-cloud-context-2.0.1.RELEASE.jar;F:\Apache\maven\maven_respo\org\springframework\security\spring-security-crypto\5.0.9.RELEASE\spring-security-crypto-5.0.9.RELEASE.jar;F:\Apache\maven\maven_respo\org\springframework\cloud\spring-cloud-commons\2.0.1.RELEASE\spring-cloud-commons-2.0.1.RELEASE.jar;F:\Apache\maven\maven_respo\org\springframework\security\spring-security-rsa\1.0.5.RELEASE\spring-security-rsa-1.0.5.RELEASE.jar;F:\Apache\maven\maven_respo\org\bouncycastle\bcpkix-jdk15on\1.56\bcpkix-jdk15on-1.56.jar;F:\Apache\maven\maven_respo\org\bouncycastle\bcprov-jdk15on\1.56\bcprov-jdk15on-1.56.jar;F:\Apache\maven\maven_respo\org\springframework\cloud\spring-cloud-netflix-core\2.0.1.RELEASE\spring-cloud-netflix-core-2.0.1.RELEASE.jar;F:\Apache\maven\maven_respo\org\springframework\boot\spring-boot-starter-aop\2.0.6.RELEASE\spring-boot-starter-aop-2.0.6.RELEASE.jar;F:\Apache\maven\maven_respo\org\aspectj\aspectjweaver\1.8.13\aspectjweaver-1.8.13.jar;F:\Apache\maven\maven_respo\org\springframework\cloud\spring-cloud-netflix-eureka-client\2.0.1.RELEASE\spring-cloud-netflix-eureka-client-2.0.1.RELEASE.jar;F:\Apache\maven\maven_respo\com\netflix\eureka\eureka-client\1.9.3\eureka-client-1.9.3.jar;F:\Apache\maven\maven_respo\org\codehaus\jettison\jettison\1.3.7\jettison-1.3.7.jar;F:\Apache\maven\maven_respo\stax\stax-api\1.0.1\stax-api-1.0.1.jar;F:\Apache\maven\maven_respo\com\netflix\netflix-commons\netflix-eventbus\0.3.0\netflix-eventbus-0.3.0.jar;F:\Apache\maven\maven_respo\com\netflix\netflix-commons\netflix-infix\0.3.0\netflix-infix-0.3.0.jar;F:\Apache\maven\maven_respo\commons-jxpath\commons-jxpath\1.3\commons-jxpath-1.3.jar;F:\Apache\maven\maven_respo\joda-time\joda-time\2.9.9\joda-time-2.9.9.jar;F:\Apache\maven\maven_respo\org\antlr\antlr-runtime\3.4\antlr-runtime-3.4.jar;F:\Apache\maven\maven_respo\org\antlr\stringtemplate\3.2.1\stringtemplate-3.2.1.jar;F:\Apache\maven\maven_respo\antlr\antlr\2.7.7\antlr-2.7.7.jar;F:\Apache\maven\maven_respo\org\apache\commons\commons-math\2.2\commons-math-2.2.jar;F:\Apache\maven\maven_respo\com\netflix\archaius\archaius-core\0.7.6\archaius-core-0.7.6.jar;F:\Apache\maven\maven_respo\com\google\guava\guava\16.0\guava-16.0.jar;F:\Apache\maven\maven_respo\javax\ws\rs\jsr311-api\1.1.1\jsr311-api-1.1.1.jar;F:\Apache\maven\maven_respo\com\netflix\servo\servo-core\0.12.21\servo-core-0.12.21.jar;F:\Apache\maven\maven_respo\com\sun\jersey\jersey-core\1.19.1\jersey-core-1.19.1.jar;F:\Apache\maven\maven_respo\com\sun\jersey\jersey-client\1.19.1\jersey-client-1.19.1.jar;F:\Apache\maven\maven_respo\com\sun\jersey\contribs\jersey-apache-client4\1.19.1\jersey-apache-client4-1.19.1.jar;F:\Apache\maven\maven_respo\org\apache\httpcomponents\httpclient\4.5.6\httpclient-4.5.6.jar;F:\Apache\maven\maven_respo\org\apache\httpcomponents\httpcore\4.4.10\httpcore-4.4.10.jar;F:\Apache\maven\maven_respo\commons-codec\commons-codec\1.11\commons-codec-1.11.jar;F:\Apache\maven\maven_respo\com\google\inject\guice\4.1.0\guice-4.1.0.jar;F:\Apache\maven\maven_respo\javax\inject\javax.inject\1\javax.inject-1.jar;F:\Apache\maven\maven_respo\aopalliance\aopalliance\1.0\aopalliance-1.0.jar;F:\Apache\maven\maven_respo\com\github\vlsi\compactmap\compactmap\1.2.1\compactmap-1.2.1.jar;F:\Apache\maven\maven_respo\com\github\andrewoma\dexx\dexx-collections\0.2\dexx-collections-0.2.jar;F:\Apache\maven\maven_respo\com\fasterxml\jackson\core\jackson-annotations\2.9.0\jackson-annotations-2.9.0.jar;F:\Apache\maven\maven_respo\com\fasterxml\jackson\core\jackson-core\2.9.7\jackson-core-2.9.7.jar;F:\Apache\maven\maven_respo\com\netflix\eureka\eureka-core\1.9.3\eureka-core-1.9.3.jar;F:\Apache\maven\maven_respo\org\codehaus\woodstox\woodstox-core-asl\4.4.1\woodstox-core-asl-4.4.1.jar;F:\Apache\maven\maven_respo\javax\xml\stream\stax-api\1.0-2\stax-api-1.0-2.jar;F:\Apache\maven\maven_respo\org\codehaus\woodstox\stax2-api\3.1.4\stax2-api-3.1.4.jar;F:\Apache\maven\maven_respo\org\springframework\cloud\spring-cloud-starter-netflix-archaius\2.0.1.RELEASE\spring-cloud-starter-netflix-archaius-2.0.1.RELEASE.jar;F:\Apache\maven\maven_respo\org\springframework\cloud\spring-cloud-netflix-ribbon\2.0.1.RELEASE\spring-cloud-netflix-ribbon-2.0.1.RELEASE.jar;F:\Apache\maven\maven_respo\org\springframework\cloud\spring-cloud-netflix-archaius\2.0.1.RELEASE\spring-cloud-netflix-archaius-2.0.1.RELEASE.jar;F:\Apache\maven\maven_respo\commons-configuration\commons-configuration\1.8\commons-configuration-1.8.jar;F:\Apache\maven\maven_respo\commons-lang\commons-lang\2.6\commons-lang-2.6.jar;F:\Apache\maven\maven_respo\org\springframework\cloud\spring-cloud-starter-netflix-ribbon\2.0.1.RELEASE\spring-cloud-starter-netflix-ribbon-2.0.1.RELEASE.jar;F:\Apache\maven\maven_respo\com\netflix\ribbon\ribbon\2.2.5\ribbon-2.2.5.jar;F:\Apache\maven\maven_respo\com\netflix\ribbon\ribbon-transport\2.2.5\ribbon-transport-2.2.5.jar;F:\Apache\maven\maven_respo\io\reactivex\rxnetty-contexts\0.4.9\rxnetty-contexts-0.4.9.jar;F:\Apache\maven\maven_respo\io\reactivex\rxnetty-servo\0.4.9\rxnetty-servo-0.4.9.jar;F:\Apache\maven\maven_respo\com\netflix\hystrix\hystrix-core\1.5.12\hystrix-core-1.5.12.jar;F:\Apache\maven\maven_respo\io\reactivex\rxnetty\0.4.9\rxnetty-0.4.9.jar;F:\Apache\maven\maven_respo\io\netty\netty-codec-http\4.1.29.Final\netty-codec-http-4.1.29.Final.jar;F:\Apache\maven\maven_respo\io\netty\netty-codec\4.1.29.Final\netty-codec-4.1.29.Final.jar;F:\Apache\maven\maven_respo\io\netty\netty-transport-native-epoll\4.1.29.Final\netty-transport-native-epoll-4.1.29.Final.jar;F:\Apache\maven\maven_respo\io\netty\netty-common\4.1.29.Final\netty-common-4.1.29.Final.jar;F:\Apache\maven\maven_respo\io\netty\netty-buffer\4.1.29.Final\netty-buffer-4.1.29.Final.jar;F:\Apache\maven\maven_respo\io\netty\netty-transport-native-unix-common\4.1.29.Final\netty-transport-native-unix-common-4.1.29.Final.jar;F:\Apache\maven\maven_respo\io\netty\netty-transport\4.1.29.Final\netty-transport-4.1.29.Final.jar;F:\Apache\maven\maven_respo\io\netty\netty-resolver\4.1.29.Final\netty-resolver-4.1.29.Final.jar;F:\Apache\maven\maven_respo\com\netflix\ribbon\ribbon-core\2.2.5\ribbon-core-2.2.5.jar;F:\Apache\maven\maven_respo\com\netflix\ribbon\ribbon-httpclient\2.2.5\ribbon-httpclient-2.2.5.jar;F:\Apache\maven\maven_respo\commons-collections\commons-collections\3.2.2\commons-collections-3.2.2.jar;F:\Apache\maven\maven_respo\com\netflix\netflix-commons\netflix-commons-util\0.3.0\netflix-commons-util-0.3.0.jar;F:\Apache\maven\maven_respo\com\netflix\ribbon\ribbon-loadbalancer\2.2.5\ribbon-loadbalancer-2.2.5.jar;F:\Apache\maven\maven_respo\com\netflix\netflix-commons\netflix-statistics\0.1.1\netflix-statistics-0.1.1.jar;F:\Apache\maven\maven_respo\io\reactivex\rxjava\1.3.8\rxjava-1.3.8.jar;F:\Apache\maven\maven_respo\com\netflix\ribbon\ribbon-eureka\2.2.5\ribbon-eureka-2.2.5.jar;F:\Apache\maven\maven_respo\com\thoughtworks\xstream\xstream\1.4.10\xstream-1.4.10.jar;F:\Apache\maven\maven_respo\xmlpull\xmlpull\1.1.3.1\xmlpull-1.1.3.1.jar;F:\Apache\maven\maven_respo\xpp3\xpp3_min\1.1.4c\xpp3_min-1.1.4c.jar;F:\Apache\maven\maven_respo\org\springframework\cloud\spring-cloud-stream-binder-rabbit\2.0.1.RELEASE\spring-cloud-stream-binder-rabbit-2.0.1.RELEASE.jar;F:\Apache\maven\maven_respo\org\springframework\cloud\spring-cloud-stream-binder-rabbit-core\2.0.1.RELEASE\spring-cloud-stream-binder-rabbit-core-2.0.1.RELEASE.jar;F:\Apache\maven\maven_respo\com\rabbitmq\http-client\2.0.1.RELEASE\http-client-2.0.1.RELEASE.jar;F:\Apache\maven\maven_respo\org\springframework\spring-web\5.0.10.RELEASE\spring-web-5.0.10.RELEASE.jar;F:\Apache\maven\maven_respo\org\springframework\spring-webflux\5.0.10.RELEASE\spring-webflux-5.0.10.RELEASE.jar;F:\Apache\maven\maven_respo\io\projectreactor\ipc\reactor-netty\0.7.10.RELEASE\reactor-netty-0.7.10.RELEASE.jar;F:\Apache\maven\maven_respo\io\netty\netty-handler\4.1.29.Final\netty-handler-4.1.29.Final.jar;F:\Apache\maven\maven_respo\io\netty\netty-handler-proxy\4.1.29.Final\netty-handler-proxy-4.1.29.Final.jar;F:\Apache\maven\maven_respo\io\netty\netty-codec-socks\4.1.29.Final\netty-codec-socks-4.1.29.Final.jar;F:\Apache\maven\maven_respo\io\netty\netty-transport-native-epoll\4.1.29.Final\netty-transport-native-epoll-4.1.29.Final-linux-x86_64.jar;F:\Apache\maven\maven_respo\org\springframework\cloud\spring-cloud-stream\2.0.1.RELEASE\spring-cloud-stream-2.0.1.RELEASE.jar;F:\Apache\maven\maven_respo\org\springframework\boot\spring-boot-starter-validation\2.0.6.RELEASE\spring-boot-starter-validation-2.0.6.RELEASE.jar;F:\Apache\maven\maven_respo\org\apache\tomcat\embed\tomcat-embed-el\8.5.34\tomcat-embed-el-8.5.34.jar;F:\Apache\maven\maven_respo\org\hibernate\validator\hibernate-validator\6.0.13.Final\hibernate-validator-6.0.13.Final.jar;F:\Apache\maven\maven_respo\javax\validation\validation-api\2.0.1.Final\validation-api-2.0.1.Final.jar;F:\Apache\maven\maven_respo\org\jboss\logging\jboss-logging\3.3.2.Final\jboss-logging-3.3.2.Final.jar;F:\Apache\maven\maven_respo\com\fasterxml\classmate\1.3.4\classmate-1.3.4.jar;F:\Apache\maven\maven_respo\org\springframework\spring-messaging\5.0.10.RELEASE\spring-messaging-5.0.10.RELEASE.jar;F:\Apache\maven\maven_respo\org\springframework\spring-tuple\1.0.0.RELEASE\spring-tuple-1.0.0.RELEASE.jar;F:\Apache\maven\maven_respo\com\esotericsoftware\kryo-shaded\3.0.3\kryo-shaded-3.0.3.jar;F:\Apache\maven\maven_respo\com\esotericsoftware\minlog\1.3.0\minlog-1.3.0.jar;F:\Apache\maven\maven_respo\org\springframework\integration\spring-integration-tuple\1.0.0.RELEASE\spring-integration-tuple-1.0.0.RELEASE.jar;F:\Apache\maven\maven_respo\org\springframework\retry\spring-retry\1.2.2.RELEASE\spring-retry-1.2.2.RELEASE.jar;F:\Apache\maven\maven_respo\org\springframework\boot\spring-boot-starter-amqp\2.0.6.RELEASE\spring-boot-starter-amqp-2.0.6.RELEASE.jar;F:\Apache\maven\maven_respo\org\springframework\amqp\spring-rabbit\2.0.8.RELEASE\spring-rabbit-2.0.8.RELEASE.jar;F:\Apache\maven\maven_respo\org\springframework\amqp\spring-amqp\2.0.8.RELEASE\spring-amqp-2.0.8.RELEASE.jar;F:\Apache\maven\maven_respo\com\rabbitmq\amqp-client\5.4.3\amqp-client-5.4.3.jar;F:\Apache\maven\maven_respo\org\springframework\integration\spring-integration-amqp\5.0.9.RELEASE\spring-integration-amqp-5.0.9.RELEASE.jar;F:\Apache\maven\maven_respo\org\springframework\integration\spring-integration-core\5.0.9.RELEASE\spring-integration-core-5.0.9.RELEASE.jar;F:\Apache\maven\maven_respo\org\springframework\spring-aop\5.0.10.RELEASE\spring-aop-5.0.10.RELEASE.jar;F:\Apache\maven\maven_respo\org\springframework\spring-tx\5.0.10.RELEASE\spring-tx-5.0.10.RELEASE.jar;F:\Apache\maven\maven_respo\io\projectreactor\reactor-core\3.1.10.RELEASE\reactor-core-3.1.10.RELEASE.jar;F:\Apache\maven\maven_respo\org\reactivestreams\reactive-streams\1.0.2\reactive-streams-1.0.2.jar;F:\Apache\maven\maven_respo\org\springframework\integration\spring-integration-jmx\5.0.9.RELEASE\spring-integration-jmx-5.0.9.RELEASE.jar;F:\Apache\maven\maven_respo\org\springframework\boot\spring-boot-devtools\2.0.6.RELEASE\spring-boot-devtools-2.0.6.RELEASE.jar;F:\Apache\maven\maven_respo\org\springframework\boot\spring-boot\2.0.6.RELEASE\spring-boot-2.0.6.RELEASE.jar;F:\Apache\maven\maven_respo\org\springframework\boot\spring-boot-autoconfigure\2.0.6.RELEASE\spring-boot-autoconfigure-2.0.6.RELEASE.jar;F:\Apache\maven\maven_respo\org\springframework\boot\spring-boot-starter-test\2.0.6.RELEASE\spring-boot-starter-test-2.0.6.RELEASE.jar;F:\Apache\maven\maven_respo\org\springframework\boot\spring-boot-test\2.0.6.RELEASE\spring-boot-test-2.0.6.RELEASE.jar;F:\Apache\maven\maven_respo\org\springframework\boot\spring-boot-test-autoconfigure\2.0.6.RELEASE\spring-boot-test-autoconfigure-2.0.6.RELEASE.jar;F:\Apache\maven\maven_respo\com\jayway\jsonpath\json-path\2.4.0\json-path-2.4.0.jar;F:\Apache\maven\maven_respo\net\minidev\json-smart\2.3\json-smart-2.3.jar;F:\Apache\maven\maven_respo\net\minidev\accessors-smart\1.2\accessors-smart-1.2.jar;F:\Apache\maven\maven_respo\org\ow2\asm\asm\5.0.4\asm-5.0.4.jar;F:\Apache\maven\maven_respo\junit\junit\4.12\junit-4.12.jar;F:\Apache\maven\maven_respo\org\assertj\assertj-core\3.9.1\assertj-core-3.9.1.jar;F:\Apache\maven\maven_respo\org\mockito\mockito-core\2.15.0\mockito-core-2.15.0.jar;F:\Apache\maven\maven_respo\net\bytebuddy\byte-buddy\1.7.11\byte-buddy-1.7.11.jar;F:\Apache\maven\maven_respo\net\bytebuddy\byte-buddy-agent\1.7.11\byte-buddy-agent-1.7.11.jar;F:\Apache\maven\maven_respo\org\objenesis\objenesis\2.6\objenesis-2.6.jar;F:\Apache\maven\maven_respo\org\hamcrest\hamcrest-core\1.3\hamcrest-core-1.3.jar;F:\Apache\maven\maven_respo\org\hamcrest\hamcrest-library\1.3\hamcrest-library-1.3.jar;F:\Apache\maven\maven_respo\org\skyscreamer\jsonassert\1.5.0\jsonassert-1.5.0.jar;F:\Apache\maven\maven_respo\com\vaadin\external\google\android-json\0.0.20131108.vaadin1\android-json-0.0.20131108.vaadin1.jar;F:\Apache\maven\maven_respo\org\springframework\spring-core\5.0.10.RELEASE\spring-core-5.0.10.RELEASE.jar;F:\Apache\maven\maven_respo\org\springframework\spring-jcl\5.0.10.RELEASE\spring-jcl-5.0.10.RELEASE.jar;F:\Apache\maven\maven_respo\org\springframework\spring-test\5.0.10.RELEASE\spring-test-5.0.10.RELEASE.jar;F:\Apache\maven\maven_respo\org\xmlunit\xmlunit-core\2.5.1\xmlunit-core-2.5.1.jar;F:\Apache\maven\maven_respo\org\springframework\boot\spring-boot-starter-jdbc\2.0.6.RELEASE\spring-boot-starter-jdbc-2.0.6.RELEASE.jar;F:\Apache\maven\maven_respo\com\zaxxer\HikariCP\2.7.9\HikariCP-2.7.9.jar;F:\Apache\maven\maven_respo\org\springframework\spring-jdbc\5.0.10.RELEASE\spring-jdbc-5.0.10.RELEASE.jar;F:\Apache\maven\maven_respo\org\springframework\spring-beans\5.0.10.RELEASE\spring-beans-5.0.10.RELEASE.jar;F:\Apache\maven\maven_respo\com\alibaba\druid-spring-boot-starter\1.1.10\druid-spring-boot-starter-1.1.10.jar;F:\Apache\maven\maven_respo\org\slf4j\slf4j-api\1.7.25\slf4j-api-1.7.25.jar;F:\Apache\maven\maven_respo\com\alibaba\druid\1.1.12\druid-1.1.12.jar;F:\Apache\maven\maven_respo\com\github\pagehelper\pagehelper-spring-boot-starter\1.2.9\pagehelper-spring-boot-starter-1.2.9.jar;F:\Apache\maven\maven_respo\com\github\pagehelper\pagehelper-spring-boot-autoconfigure\1.2.9\pagehelper-spring-boot-autoconfigure-1.2.9.jar;F:\Apache\maven\maven_respo\com\github\pagehelper\pagehelper\5.1.7\pagehelper-5.1.7.jar;F:\Apache\maven\maven_respo\com\github\jsqlparser\jsqlparser\1.2\jsqlparser-1.2.jar;F:\Apache\maven\maven_respo\mysql\mysql-connector-java\5.1.47\mysql-connector-java-5.1.47.jar;F:\Apache\maven\maven_respo\org\mybatis\spring\boot\mybatis-spring-boot-starter\1.3.2\mybatis-spring-boot-starter-1.3.2.jar;F:\Apache\maven\maven_respo\org\mybatis\spring\boot\mybatis-spring-boot-autoconfigure\1.3.2\mybatis-spring-boot-autoconfigure-1.3.2.jar;F:\Apache\maven\maven_respo\org\mybatis\mybatis\3.4.6\mybatis-3.4.6.jar;F:\Apache\maven\maven_respo\org\mybatis\mybatis-spring\1.3.2\mybatis-spring-1.3.2.jar;F:\Apache\maven\maven_respo\javax\servlet\javax.servlet-api\3.1.0\javax.servlet-api-3.1.0.jar;F:\Apache\maven\maven_respo\com\google\code\gson\gson\2.8.5\gson-2.8.5.jar;"/>
    <property name="sun.cpu.endian" value="little"/>
    <property name="user.home" value="C:\Users\lt"/>
    <property name="user.language" value="zh"/>
    <property name="java.specification.vendor" value="Oracle Corporation"/>
    <property name="java.home" value="C:\Program Files\Java\jdk1.8.0_152\jre"/>
    <property name="basedir" value="D:\Workspaces\spring-cloud-oms\spring-cloud-oms\spring-cloud-services\microservice-provider-user"/>
    <property name="file.separator" value="\"/>
    <property name="line.separator" value="&#10;"/>
    <property name="java.vm.specification.vendor" value="Oracle Corporation"/>
    <property name="java.specification.name" value="Java Platform API Specification"/>
    <property name="java.awt.graphicsenv" value="sun.awt.Win32GraphicsEnvironment"/>
    <property name="surefire.real.class.path" value="C:\Users\lt\AppData\Local\Temp\surefire8622465353188212117\surefirebooter4653223450426486516.jar"/>
    <property name="sun.boot.class.path" value="C:\Program Files\Java\jdk1.8.0_152\jre\lib\resources.jar;C:\Program Files\Java\jdk1.8.0_152\jre\lib\rt.jar;C:\Program Files\Java\jdk1.8.0_152\jre\lib\sunrsasign.jar;C:\Program Files\Java\jdk1.8.0_152\jre\lib\jsse.jar;C:\Program Files\Java\jdk1.8.0_152\jre\lib\jce.jar;C:\Program Files\Java\jdk1.8.0_152\jre\lib\charsets.jar;C:\Program Files\Java\jdk1.8.0_152\jre\lib\jfr.jar;C:\Program Files\Java\jdk1.8.0_152\jre\classes"/>
    <property name="user.script" value=""/>
    <property name="sun.management.compiler" value="HotSpot 64-Bit Tiered Compilers"/>
    <property name="java.runtime.version" value="1.8.0_152-b16"/>
    <property name="user.name" value="lt"/>
    <property name="path.separator" value=";"/>
    <property name="os.version" value="10.0"/>
    <property name="java.endorsed.dirs" value="C:\Program Files\Java\jdk1.8.0_152\jre\lib\endorsed"/>
    <property name="java.runtime.name" value="Java(TM) SE Runtime Environment"/>
    <property name="file.encoding" value="GBK"/>
    <property name="java.vm.name" value="Java HotSpot(TM) 64-Bit Server VM"/>
    <property name="localRepository" value="F:\Apache\maven\maven_respo"/>
    <property name="java.vendor.url.bug" value="http://bugreport.sun.com/bugreport/"/>
    <property name="java.io.tmpdir" value="C:\Users\lt\AppData\Local\Temp\"/>
    <property name="java.version" value="1.8.0_152"/>
    <property name="user.dir" value="D:\Workspaces\spring-cloud-oms\spring-cloud-oms\spring-cloud-services\microservice-provider-user"/>
    <property name="os.arch" value="amd64"/>
    <property name="java.vm.specification.name" value="Java Virtual Machine Specification"/>
    <property name="java.awt.printerjob" value="sun.awt.windows.WPrinterJob"/>
    <property name="sun.os.patch.level" value=""/>
    <property name="java.library.path" value="C:\Program Files\Java\jdk1.8.0_152\jre\bin;C:\WINDOWS\Sun\Java\bin;C:\WINDOWS\system32;C:\WINDOWS;C:/Program Files/Java/jre1.8.0_152/bin/server;C:/Program Files/Java/jre1.8.0_152/bin;C:/Program Files/Java/jre1.8.0_152/lib/amd64;C:\ProgramData\DockerDesktop\version-bin;C:\Program Files\Docker\Docker\Resources\bin;C:\ProgramData\Boxstarter;C:\ProgramData\Oracle\Java\javapath;C:\Windows\system32;C:\Windows;C:\Windows\System32\Wbem;C:\Windows\System32\WindowsPowerShell\v1.0\;C:\Program Files (x86)\NVIDIA Corporation\PhysX\Common;C:\Program Files\Java\jdk1.8.0_152\bin;F:\Apache\maven\apache-maven-3.5.4\bin;C:\WINDOWS\system32;C:\WINDOWS;C:\WINDOWS\System32\Wbem;C:\WINDOWS\System32\WindowsPowerShell\v1.0\;C:\WINDOWS\System32\OpenSSH\;C:\Program Files\Microsoft VS Code\bin;F:\nodejs\;C:\ProgramData\chocolatey\bin;F:\nodejs\node_golbal;F:\erl10.1\bin;F:\RabbitMQ Server\rabbitmq_server-3.7.8\sbin;F:\Git\cmd;C:\Users\lt\AppData\Local\Microsoft\WindowsApps;C:\Users\lt\AppData\Roaming\npm;F:\sts-bundle\sts-3.9.6.RELEASE;;."/>
    <property name="java.vm.info" value="mixed mode"/>
    <property name="java.vendor" value="Oracle Corporation"/>
    <property name="java.vm.version" value="25.152-b16"/>
    <property name="java.ext.dirs" value="C:\Program Files\Java\jdk1.8.0_152\jre\lib\ext;C:\WINDOWS\Sun\Java\lib\ext"/>
    <property name="sun.io.unicode.encoding" value="UnicodeLittle"/>
    <property name="java.class.version" value="52.0"/>
  </properties>
  <testcase name="contextLoads" classname="com.lt.cloud.MicroserviceProviderUserApplicationTests" time="0.102"/>
</testsuite>